#
# There is insufficient memory for the Java Runtime Environment to continue.
# Native memory allocation (mmap) failed to map 32505856 bytes for committing reserved memory.
# Possible reasons:
#   The system is out of physical RAM or swap space
#   In 32 bit mode, the process size limit was hit
# Possible solutions:
#   Reduce memory load on the system
#   Increase physical memory or swap space
#   Check if swap backing store is full
#   Use 64 bit Java on a 64 bit OS
#   Decrease Java heap size (-Xmx/-Xms)
#   Decrease number of Java threads
#   Decrease Java thread stack sizes (-Xss)
#   Set larger code cache with -XX:ReservedCodeCacheSize=
# This output file may be truncated or incomplete.
#
#  Out of Memory Error (os_linux.cpp:2640), pid=10185, tid=0x00007f1e0a3c9700
#
# JRE version: Java(TM) SE Runtime Environment (8.0_171-b11) (build 1.8.0_171-b11)
# Java VM: Java HotSpot(TM) 64-Bit Server VM (25.171-b11 mixed mode linux-amd64 compressed oops)
# Failed to write core dump. Core dumps have been disabled. To enable core dumping, try "ulimit -c unlimited" before starting Java again
#

---------------  T H R E A D  ---------------

Current thread (0x00007f1e20080000):  VMThread [stack: 0x00007f1e0a2c9000,0x00007f1e0a3ca000] [id=10647]

Stack: [0x00007f1e0a2c9000,0x00007f1e0a3ca000],  sp=0x00007f1e0a3c80a0,  free space=1020k
Native frames: (J=compiled Java code, j=interpreted, Vv=VM code, C=native code)
V  [libjvm.so+0xacfffa]  VMError::report_and_die()+0x2ba
V  [libjvm.so+0x5005cb]  report_vm_out_of_memory(char const*, int, unsigned long, VMErrorType, char const*)+0x8b
V  [libjvm.so+0x92dd93]  os::Linux::commit_memory_impl(char*, unsigned long, bool)+0x123
V  [libjvm.so+0x92dfb9]  os::pd_commit_memory(char*, unsigned long, unsigned long, bool)+0x29
V  [libjvm.so+0x92527a]  os::commit_memory(char*, unsigned long, unsigned long, bool)+0x2a
V  [libjvm.so+0x99b223]  PSVirtualSpace::expand_by(unsigned long)+0x53
V  [libjvm.so+0x99c628]  PSYoungGen::resize_generation(unsigned long, unsigned long)+0xf8
V  [libjvm.so+0x99b782]  PSYoungGen::resize(unsigned long, unsigned long)+0x22
V  [libjvm.so+0x998a5b]  PSScavenge::invoke_no_policy()+0xf3b
V  [libjvm.so+0x9991e1]  PSScavenge::invoke()+0x41
V  [libjvm.so+0x94fcb0]  ParallelScavengeHeap::failed_mem_allocate(unsigned long)+0x70
V  [libjvm.so+0xad1a77]  VM_ParallelGCFailedAllocation::doit()+0x97
V  [libjvm.so+0xad9595]  VM_Operation::evaluate()+0x55
V  [libjvm.so+0xad795a]  VMThread::evaluate_operation(VM_Operation*)+0xba
V  [libjvm.so+0xad7cde]  VMThread::loop()+0x1ce
V  [libjvm.so+0xad8150]  VMThread::run()+0x70
V  [libjvm.so+0x92e0f8]  java_start(Thread*)+0x108

VM_Operation (0x00007f1e27474cd0): ParallelGCFailedAllocation, mode: safepoint, requested by thread 0x00007f1e20012000


---------------  P R O C E S S  ---------------

Java Threads: ( => current thread )
  0x00007f1e20553800 JavaThread "background-preinit" [_thread_blocked, id=17330, stack(0x00007f1e0873f000,0x00007f1e08840000)]
  0x00007f1e2048e800 JavaThread "RMI TCP Accept-0" daemon [_thread_in_native, id=17020, stack(0x00007f1e08b41000,0x00007f1e08c42000)]
  0x00007f1e20481000 JavaThread "RMI TCP Accept-39179" daemon [_thread_in_native, id=16911, stack(0x00007f1e08c42000,0x00007f1e08d43000)]
  0x00007f1e20466800 JavaThread "RMI TCP Accept-0" daemon [_thread_in_native, id=16811, stack(0x00007f1e08d43000,0x00007f1e08e44000)]
  0x00007f1e200da000 JavaThread "Service Thread" daemon [_thread_blocked, id=15682, stack(0x00007f1e096bb000,0x00007f1e097bc000)]
  0x00007f1e200d7000 JavaThread "C1 CompilerThread2" daemon [_thread_blocked, id=15679, stack(0x00007f1e097bc000,0x00007f1e098bd000)]
  0x00007f1e200d5000 JavaThread "C2 CompilerThread1" daemon [_thread_blocked, id=15677, stack(0x00007f1e098bd000,0x00007f1e099be000)]
  0x00007f1e200d2000 JavaThread "C2 CompilerThread0" daemon [_thread_blocked, id=15674, stack(0x00007f1e099be000,0x00007f1e09abf000)]
  0x00007f1de8001000 JavaThread "JDWP Command Reader" daemon [_thread_in_native, id=11837, stack(0x00007f1e09abf000,0x00007f1e09bc0000)]
  0x00007f1e200d0000 JavaThread "JDWP Event Helper Thread" daemon [_thread_blocked, id=11834, stack(0x00007f1e09bc0000,0x00007f1e09cc1000)]
  0x00007f1e200cc800 JavaThread "JDWP Transport Listener: dt_socket" daemon [_thread_blocked, id=11830, stack(0x00007f1e09cc1000,0x00007f1e09dc2000)]
  0x00007f1e200be800 JavaThread "Signal Dispatcher" daemon [_thread_blocked, id=10861, stack(0x00007f1e09fc6000,0x00007f1e0a0c7000)]
  0x00007f1e2008c000 JavaThread "Finalizer" daemon [_thread_blocked, id=10763, stack(0x00007f1e0a0c7000,0x00007f1e0a1c8000)]
  0x00007f1e20087800 JavaThread "Reference Handler" daemon [_thread_blocked, id=10724, stack(0x00007f1e0a1c8000,0x00007f1e0a2c9000)]
  0x00007f1e20012000 JavaThread "main" [_thread_blocked, id=10317, stack(0x00007f1e27379000,0x00007f1e2747a000)]

Other Threads:
=>0x00007f1e20080000 VMThread [stack: 0x00007f1e0a2c9000,0x00007f1e0a3ca000] [id=10647]
  0x00007f1e20491800 WatcherThread [stack: 0x00007f1e08a40000,0x00007f1e08b41000] [id=17023]

VM state:at safepoint (normal execution)

VM Mutex/Monitor currently owned by a thread:  ([mutex/lock_event])
[0x00007f1e2000e430] Threads_lock - owner thread: 0x00007f1e20080000
[0x00007f1e2000e930] Heap_lock - owner thread: 0x00007f1e20012000

Heap:
 PSYoungGen      total 36864K, used 5099K [0x00000000d6e00000, 0x00000000d9700000, 0x0000000100000000)
  eden space 31744K, 0% used [0x00000000d6e00000,0x00000000d6e00000,0x00000000d8d00000)
  from space 5120K, 99% used [0x00000000d8d00000,0x00000000d91fafd8,0x00000000d9200000)
  to   space 5120K, 0% used [0x00000000d9200000,0x00000000d9200000,0x00000000d9700000)
 ParOldGen       total 84992K, used 266K [0x0000000084a00000, 0x0000000089d00000, 0x00000000d6e00000)
  object space 84992K, 0% used [0x0000000084a00000,0x0000000084a42998,0x0000000089d00000)
 Metaspace       used 12345K, capacity 12632K, committed 12928K, reserved 1060864K
  class space    used 1513K, capacity 1608K, committed 1664K, reserved 1048576K

Card table byte_map: [0x00007f1e10436000,0x00007f1e10812000] byte_map_base: 0x00007f1e10011000

Marking Bits: (ParMarkBitMap*) 0x00007f1e2684c280
 Begin Bits: [0x00007f1e0c0f1000, 0x00007f1e0dfc9000)
 End Bits:   [0x00007f1e0dfc9000, 0x00007f1e0fea1000)

Polling page: 0x00007f1e2749e000

CodeCache: size=245760Kb used=2527Kb max_used=2527Kb free=243232Kb
 bounds [0x00007f1e10bd2000, 0x00007f1e10e52000, 0x00007f1e1fbd2000]
 total_blobs=1285 nmethods=930 adapters=277
 compilation: enabled

Compilation events (10 events):
Event: 723,154 Thread 0x00007f1e200d7000 nmethod 942 0x00007f1e10e48350 code [0x00007f1e10e484a0, 0x00007f1e10e485d0]
Event: 723,154 Thread 0x00007f1e200d7000  943       1       java.util.Collections$1::next (25 bytes)
Event: 723,155 Thread 0x00007f1e200d7000 nmethod 943 0x00007f1e10e48650 code [0x00007f1e10e487c0, 0x00007f1e10e48968]
Event: 723,670 Thread 0x00007f1e200d7000  944       1       org.springframework.core.convert.converter.GenericConverter$ConvertiblePair::<init> (27 bytes)
Event: 723,671 Thread 0x00007f1e200d7000 nmethod 944 0x00007f1e10e48a50 code [0x00007f1e10e48be0, 0x00007f1e10e48e38]
Event: 723,671 Thread 0x00007f1e200d7000  945       1       java.util.Collections::singleton (9 bytes)
Event: 723,676 Thread 0x00007f1e200d7000 nmethod 945 0x00007f1e10e49010 code [0x00007f1e10e49160, 0x00007f1e10e492b0]
Event: 723,928 Thread 0x00007f1e200d7000  946       1       org.springframework.core.ResolvableType::getGenerics (127 bytes)
Event: 735,401 Thread 0x00007f1e200d7000 nmethod 946 0x00007f1e10e49350 code [0x00007f1e10e49540, 0x00007f1e10e49c18]
Event: 743,098 Thread 0x00007f1e200d7000  947       1       java.util.concurrent.locks.AbstractQueuedSynchronizer::setState (6 bytes)

GC Heap History (1 events):
Event: 743,100 GC heap before
{Heap before GC invocations=1 (full 0):
 PSYoungGen      total 36864K, used 31744K [0x00000000d6e00000, 0x00000000d9700000, 0x0000000100000000)
  eden space 31744K, 100% used [0x00000000d6e00000,0x00000000d8d00000,0x00000000d8d00000)
  from space 5120K, 0% used [0x00000000d9200000,0x00000000d9200000,0x00000000d9700000)
  to   space 5120K, 0% used [0x00000000d8d00000,0x00000000d8d00000,0x00000000d9200000)
 ParOldGen       total 84992K, used 0K [0x0000000084a00000, 0x0000000089d00000, 0x00000000d6e00000)
  object space 84992K, 0% used [0x0000000084a00000,0x0000000084a00000,0x0000000089d00000)
 Metaspace       used 12345K, capacity 12632K, committed 12928K, reserved 1060864K
  class space    used 1513K, capacity 1608K, committed 1664K, reserved 1048576K

Deoptimization events (0 events):
No events

Classes redefined (0 events):
No events

Internal exceptions (10 events):
Event: 699,081 Thread 0x00007f1e20553800 Exception <a 'java/lang/ArrayIndexOutOfBoundsException'> (0x00000000d8a517f8) thrown at [/HUDSON/workspace/8-2-build-linux-amd64/jdk8u171/10807/hotspot/src/share/vm/runtime/sharedRuntime.cpp, line 605]
Event: 699,126 Thread 0x00007f1e20553800 Exception <a 'java/lang/ArrayIndexOutOfBoundsException'> (0x00000000d8a5cef8) thrown at [/HUDSON/workspace/8-2-build-linux-amd64/jdk8u171/10807/hotspot/src/share/vm/runtime/sharedRuntime.cpp, line 605]
Event: 699,128 Thread 0x00007f1e20553800 Exception <a 'java/lang/ArrayIndexOutOfBoundsException'> (0x00000000d8a68ba0) thrown at [/HUDSON/workspace/8-2-build-linux-amd64/jdk8u171/10807/hotspot/src/share/vm/runtime/sharedRuntime.cpp, line 605]
Event: 699,129 Thread 0x00007f1e20553800 Exception <a 'java/lang/ArrayIndexOutOfBoundsException'> (0x00000000d8a74c38) thrown at [/HUDSON/workspace/8-2-build-linux-amd64/jdk8u171/10807/hotspot/src/share/vm/runtime/sharedRuntime.cpp, line 605]
Event: 699,194 Thread 0x00007f1e20553800 Exception <a 'java/lang/ArrayIndexOutOfBoundsException'> (0x00000000d8a80ac0) thrown at [/HUDSON/workspace/8-2-build-linux-amd64/jdk8u171/10807/hotspot/src/share/vm/runtime/sharedRuntime.cpp, line 605]
Event: 708,508 Thread 0x00007f1e20553800 Exception <a 'java/lang/ArrayIndexOutOfBoundsException'> (0x00000000d8a92a90) thrown at [/HUDSON/workspace/8-2-build-linux-amd64/jdk8u171/10807/hotspot/src/share/vm/runtime/sharedRuntime.cpp, line 605]
Event: 721,704 Thread 0x00007f1e20553800 Exception <a 'java/lang/ArrayIndexOutOfBoundsException'> (0x00000000d8aabeb8) thrown at [/HUDSON/workspace/8-2-build-linux-amd64/jdk8u171/10807/hotspot/src/share/vm/runtime/sharedRuntime.cpp, line 605]
Event: 723,926 Thread 0x00007f1e20012000 Exception <a 'java/lang/ArrayIndexOutOfBoundsException'> (0x00000000d8bb6b80) thrown at [/HUDSON/workspace/8-2-build-linux-amd64/jdk8u171/10807/hotspot/src/share/vm/runtime/sharedRuntime.cpp, line 605]
Event: 723,930 Thread 0x00007f1e20012000 Exception <a 'java/lang/ArrayIndexOutOfBoundsException'> (0x00000000d8bbd970) thrown at [/HUDSON/workspace/8-2-build-linux-amd64/jdk8u171/10807/hotspot/src/share/vm/runtime/sharedRuntime.cpp, line 605]
Event: 723,931 Thread 0x00007f1e20012000 Exception <a 'java/lang/ArrayIndexOutOfBoundsException'> (0x00000000d8bc4848) thrown at [/HUDSON/workspace/8-2-build-linux-amd64/jdk8u171/10807/hotspot/src/share/vm/runtime/sharedRuntime.cpp, line 605]

Events (10 events):
Event: 742,707 Thread 0x00007f1e20553800 DEOPT UNPACKING pc=0x00007f1e10c19784 sp=0x00007f1e0883bdd0 mode 1
Event: 742,707 Thread 0x00007f1e20553800 DEOPT PACKING pc=0x00007f1e10d7d27c sp=0x00007f1e0883c120
Event: 742,707 Thread 0x00007f1e20553800 DEOPT UNPACKING pc=0x00007f1e10c19784 sp=0x00007f1e0883bf60 mode 1
Event: 743,079 Thread 0x00007f1e20012000 DEOPT PACKING pc=0x00007f1e10dbaa49 sp=0x00007f1e27476240
Event: 743,079 Thread 0x00007f1e20012000 DEOPT UNPACKING pc=0x00007f1e10c19784 sp=0x00007f1e27475fb0 mode 1
Event: 743,079 Thread 0x00007f1e20012000 DEOPT PACKING pc=0x00007f1e10d7d334 sp=0x00007f1e274762c0
Event: 743,080 Thread 0x00007f1e20012000 DEOPT UNPACKING pc=0x00007f1e10c19784 sp=0x00007f1e27476100 mode 1
Event: 743,080 Thread 0x00007f1e20012000 DEOPT PACKING pc=0x00007f1e10d7d27c sp=0x00007f1e27476450
Event: 743,080 Thread 0x00007f1e20012000 DEOPT UNPACKING pc=0x00007f1e10c19784 sp=0x00007f1e27476290 mode 1
Event: 743,080 Executing VM operation: ParallelGCFailedAllocation


Dynamic libraries:
00400000-00401000 r-xp 00000000 08:02 9965768                            /usr/lib/jvm/java-8-oracle/bin/java
00600000-00601000 rw-p 00000000 08:02 9965768                            /usr/lib/jvm/java-8-oracle/bin/java
01c44000-01c65000 rw-p 00000000 00:00 0                                  [heap]
84a00000-89d00000 rw-p 00000000 00:00 0 
89d00000-d6e00000 ---p 00000000 00:00 0 
d6e00000-d9700000 rw-p 00000000 00:00 0 
db600000-100000000 ---p 00000000 00:00 0 
100000000-1001a0000 rw-p 00000000 00:00 0 
1001a0000-140000000 ---p 00000000 00:00 0 
7f1db4000000-7f1db4021000 rw-p 00000000 00:00 0 
7f1db4021000-7f1db8000000 ---p 00000000 00:00 0 
7f1db8000000-7f1db80b2000 rw-p 00000000 00:00 0 
7f1db80b2000-7f1dbc000000 ---p 00000000 00:00 0 
7f1dbc000000-7f1dbc021000 rw-p 00000000 00:00 0 
7f1dbc021000-7f1dc0000000 ---p 00000000 00:00 0 
7f1dc0000000-7f1dc0021000 rw-p 00000000 00:00 0 
7f1dc0021000-7f1dc4000000 ---p 00000000 00:00 0 
7f1dc4000000-7f1dc4021000 rw-p 00000000 00:00 0 
7f1dc4021000-7f1dc8000000 ---p 00000000 00:00 0 
7f1dc8fff000-7f1dcc000000 rw-p 00000000 00:00 0 
7f1dcc000000-7f1dcc2a1000 rw-p 00000000 00:00 0 
7f1dcc2a1000-7f1dd0000000 ---p 00000000 00:00 0 
7f1dd0000000-7f1dd0021000 rw-p 00000000 00:00 0 
7f1dd0021000-7f1dd4000000 ---p 00000000 00:00 0 
7f1dd4000000-7f1dd404e000 rw-p 00000000 00:00 0 
7f1dd404e000-7f1dd8000000 ---p 00000000 00:00 0 
7f1dd8000000-7f1dd8021000 rw-p 00000000 00:00 0 
7f1dd8021000-7f1ddc000000 ---p 00000000 00:00 0 
7f1ddc000000-7f1ddc021000 rw-p 00000000 00:00 0 
7f1ddc021000-7f1de0000000 ---p 00000000 00:00 0 
7f1de0000000-7f1de0021000 rw-p 00000000 00:00 0 
7f1de0021000-7f1de4000000 ---p 00000000 00:00 0 
7f1de4000000-7f1de4021000 rw-p 00000000 00:00 0 
7f1de4021000-7f1de8000000 ---p 00000000 00:00 0 
7f1de8000000-7f1de8021000 rw-p 00000000 00:00 0 
7f1de8021000-7f1dec000000 ---p 00000000 00:00 0 
7f1dec000000-7f1dec021000 rw-p 00000000 00:00 0 
7f1dec021000-7f1df0000000 ---p 00000000 00:00 0 
7f1df0000000-7f1df0021000 rw-p 00000000 00:00 0 
7f1df0021000-7f1df4000000 ---p 00000000 00:00 0 
7f1df4000000-7f1df4021000 rw-p 00000000 00:00 0 
7f1df4021000-7f1df8000000 ---p 00000000 00:00 0 
7f1df8000000-7f1df82a1000 rw-p 00000000 00:00 0 
7f1df82a1000-7f1dfc000000 ---p 00000000 00:00 0 
7f1dfc000000-7f1dfc021000 rw-p 00000000 00:00 0 
7f1dfc021000-7f1e00000000 ---p 00000000 00:00 0 
7f1e00000000-7f1e00021000 rw-p 00000000 00:00 0 
7f1e00021000-7f1e04000000 ---p 00000000 00:00 0 
7f1e04000000-7f1e04021000 rw-p 00000000 00:00 0 
7f1e04021000-7f1e08000000 ---p 00000000 00:00 0 
7f1e0853f000-7f1e0863f000 rw-p 00000000 00:00 0 
7f1e0863f000-7f1e0873f000 ---p 00000000 00:00 0 
7f1e0873f000-7f1e08742000 ---p 00000000 00:00 0 
7f1e08742000-7f1e08a40000 rw-p 00000000 00:00 0 
7f1e08a40000-7f1e08a41000 ---p 00000000 00:00 0 
7f1e08a41000-7f1e08b41000 rw-p 00000000 00:00 0 
7f1e08b41000-7f1e08b44000 ---p 00000000 00:00 0 
7f1e08b44000-7f1e08c42000 rw-p 00000000 00:00 0 
7f1e08c42000-7f1e08c45000 ---p 00000000 00:00 0 
7f1e08c45000-7f1e08d43000 rw-p 00000000 00:00 0 
7f1e08d43000-7f1e08d46000 ---p 00000000 00:00 0 
7f1e08d46000-7f1e08e44000 rw-p 00000000 00:00 0 
7f1e08e44000-7f1e08e49000 r--s 0009d000 08:02 9968813                    /usr/lib/jvm/java-8-oracle/jre/lib/jsse.jar
7f1e08e49000-7f1e08e53000 r--s 000eb000 08:02 3018857                    /home/condiom/.m2/repository/mysql/mysql-connector-java/5.1.45/mysql-connector-java-5.1.45.jar
7f1e08e53000-7f1e08e56000 r--s 00008000 08:02 3018784                    /home/condiom/.m2/repository/org/springframework/spring-aspects/5.0.4.RELEASE/spring-aspects-5.0.4.RELEASE.jar
7f1e08e56000-7f1e08e5d000 r--s 00036000 08:02 3018710                    /home/condiom/.m2/repository/org/springframework/spring-tx/5.0.4.RELEASE/spring-tx-5.0.4.RELEASE.jar
7f1e08e5d000-7f1e08e61000 r--s 0002a000 08:02 3018708                    /home/condiom/.m2/repository/org/springframework/spring-orm/5.0.4.RELEASE/spring-orm-5.0.4.RELEASE.jar
7f1e08e61000-7f1e08e78000 r--s 000ed000 08:02 3018706                    /home/condiom/.m2/repository/org/springframework/data/spring-data-commons/2.0.5.RELEASE/spring-data-commons-2.0.5.RELEASE.jar
7f1e08e78000-7f1e08e7f000 r--s 00049000 08:02 3018704                    /home/condiom/.m2/repository/org/springframework/data/spring-data-jpa/2.0.5.RELEASE/spring-data-jpa-2.0.5.RELEASE.jar
7f1e08e7f000-7f1e08e81000 r--s 00006000 08:02 3018855                    /home/condiom/.m2/repository/javax/transaction/javax.transaction-api/1.2/javax.transaction-api-1.2.jar
7f1e08e81000-7f1e08e8a000 r--s 00057000 08:02 3018702                    /home/condiom/.m2/repository/org/springframework/spring-jdbc/5.0.4.RELEASE/spring-jdbc-5.0.4.RELEASE.jar
7f1e08e8a000-7f1e08e8d000 r--s 00020000 08:02 3018819                    /home/condiom/.m2/repository/com/zaxxer/HikariCP/2.7.8/HikariCP-2.7.8.jar
7f1e08e8d000-7f1e08e8e000 r--s 00000000 08:02 3018700                    /home/condiom/.m2/repository/org/springframework/boot/spring-boot-starter-jdbc/2.0.0.RELEASE/spring-boot-starter-jdbc-2.0.0.RELEASE.jar
7f1e08e8e000-7f1e08ea7000 r--s 001bf000 08:02 3018817                    /home/condiom/.m2/repository/org/aspectj/aspectjweaver/1.8.13/aspectjweaver-1.8.13.jar
7f1e08ea7000-7f1e08ea8000 r--s 00000000 08:02 3018698                    /home/condiom/.m2/repository/org/springframework/boot/spring-boot-starter-aop/2.0.0.RELEASE/spring-boot-starter-aop-2.0.0.RELEASE.jar
7f1e08ea8000-7f1e08ea9000 r--s 00000000 08:02 3018672                    /home/condiom/.m2/repository/org/springframework/boot/spring-boot-starter-data-jpa/2.0.0.RELEASE/spring-boot-starter-data-jpa-2.0.0.RELEASE.jar
7f1e08ea9000-7f1e08eae000 r--s 0003c000 08:02 2884015                    /home/condiom/.m2/repository/org/springframework/spring-expression/5.0.4.RELEASE/spring-expression-5.0.4.RELEASE.jar
7f1e08eae000-7f1e08ec8000 r--s 000ee000 08:02 2884005                    /home/condiom/.m2/repository/org/springframework/spring-context/5.0.4.RELEASE/spring-context-5.0.4.RELEASE.jar
7f1e08ec8000-7f1e08ed1000 r--s 0004f000 08:02 2884007                    /home/condiom/.m2/repository/org/springframework/spring-aop/5.0.4.RELEASE/spring-aop-5.0.4.RELEASE.jar
7f1e08ed1000-7f1e08ee0000 r--s 000b0000 08:02 3018670                    /home/condiom/.m2/repository/org/springframework/spring-webmvc/5.0.4.RELEASE/spring-webmvc-5.0.4.RELEASE.jar
7f1e08ee0000-7f1e08eec000 r--s 00094000 08:02 2884009                    /home/condiom/.m2/repository/org/springframework/spring-beans/5.0.4.RELEASE/spring-beans-5.0.4.RELEASE.jar
7f1e08eec000-7f1e08f06000 r--s 00116000 08:02 3018668                    /home/condiom/.m2/repository/org/springframework/spring-web/5.0.4.RELEASE/spring-web-5.0.4.RELEASE.jar
7f1e08f06000-7f1e08f0b000 r--s 00012000 08:02 3018754                    /home/condiom/.m2/repository/javax/validation/validation-api/2.0.1.Final/validation-api-2.0.1.Final.jar
7f1e08f0b000-7f1e08f27000 r--s 000f5000 08:02 3018843                    /home/condiom/.m2/repository/org/hibernate/validator/hibernate-validator/6.0.7.Final/hibernate-validator-6.0.7.Final.jar
7f1e08f27000-7f1e08f2c000 r--s 0003a000 08:02 13896658                   /home/condiom/.m2/repository/org/apache/tomcat/embed/tomcat-embed-websocket/8.5.28/tomcat-embed-websocket-8.5.28.jar
7f1e08f2c000-7f1e08f30000 r--s 00037000 08:02 13633561                   /home/condiom/.m2/repository/org/apache/tomcat/embed/tomcat-embed-el/8.5.28/tomcat-embed-el-8.5.28.jar
7f1e08f30000-7f1e08f5a000 r--s 002ce000 08:02 13375657                   /home/condiom/.m2/repository/org/apache/tomcat/embed/tomcat-embed-core/8.5.28/tomcat-embed-core-8.5.28.jar
7f1e08f5a000-7f1e08f5b000 r--s 00000000 08:02 2887722                    /home/condiom/.m2/repository/org/springframework/boot/spring-boot-starter-tomcat/2.0.0.RELEASE/spring-boot-starter-tomcat-2.0.0.RELEASE.jar
7f1e08f5b000-7f1e08f5d000 r--s 00001000 08:02 2757117                    /home/condiom/.m2/repository/com/fasterxml/jackson/module/jackson-module-parameter-names/2.9.4/jackson-module-parameter-names-2.9.4.jar
7f1e08f5d000-7f1e08f5f000 r--s 00016000 08:02 2625973                    /home/condiom/.m2/repository/com/fasterxml/jackson/datatype/jackson-datatype-jsr310/2.9.4/jackson-datatype-jsr310-2.9.4.jar
7f1e08f5f000-7f1e08f61000 r--s 00007000 08:02 2230338                    /home/condiom/.m2/repository/com/fasterxml/jackson/datatype/jackson-datatype-jdk8/2.9.4/jackson-datatype-jdk8-2.9.4.jar
7f1e08f61000-7f1e08f65000 r--s 0004b000 08:02 2230336                    /home/condiom/.m2/repository/com/fasterxml/jackson/core/jackson-core/2.9.4/jackson-core-2.9.4.jar
7f1e08f65000-7f1e08f68000 r--s 0000e000 08:02 2230342                    /home/condiom/.m2/repository/com/fasterxml/jackson/core/jackson-annotations/2.9.0/jackson-annotations-2.9.0.jar
7f1e08f68000-7f1e08f7b000 r--s 00136000 08:02 14815840                   /home/condiom/.m2/repository/com/fasterxml/jackson/core/jackson-databind/2.9.4/jackson-databind-2.9.4.jar
7f1e08f7b000-7f1e08f7c000 r--s 00000000 08:02 2757112                    /home/condiom/.m2/repository/org/springframework/boot/spring-boot-starter-json/2.0.0.RELEASE/spring-boot-starter-json-2.0.0.RELEASE.jar
7f1e08f7c000-7f1e08f7d000 r--s 00000000 08:02 2625968                    /home/condiom/.m2/repository/org/springframework/boot/spring-boot-starter-web/2.0.0.RELEASE/spring-boot-starter-web-2.0.0.RELEASE.jar
7f1e08f7d000-7f1e08f7e000 r--s 00003000 08:02 2884013                    /home/condiom/.m2/repository/org/springframework/spring-jcl/5.0.4.RELEASE/spring-jcl-5.0.4.RELEASE.jar
7f1e08f7e000-7f1e08f95000 r--s 00112000 08:02 2884011                    /home/condiom/.m2/repository/org/springframework/spring-core/5.0.4.RELEASE/spring-core-5.0.4.RELEASE.jar
7f1e08f95000-7f1e08f98000 r--s 00010000 08:02 3018853                    /home/condiom/.m2/repository/org/hibernate/common/hibernate-commons-annotations/5.0.1.Final/hibernate-commons-annotations-5.0.1.Final.jar
7f1e08f98000-7f1e08f9d000 r--s 00048000 08:02 3018851                    /home/condiom/.m2/repository/dom4j/dom4j/1.6.1/dom4j-1.6.1.jar
7f1e08f9d000-7f1e08f9f000 r--s 0000e000 08:02 3018815                    /home/condiom/.m2/repository/com/fasterxml/classmate/1.3.4/classmate-1.3.4.jar
7f1e08f9f000-7f1e08fa2000 r--s 0002b000 08:02 3018849                    /home/condiom/.m2/repository/org/jboss/jandex/2.0.3.Final/jandex-2.0.3.Final.jar
7f1e08fa2000-7f1e08fa3000 r--s 00006000 08:02 4457944                    /home/condiom/.m2/repository/org/jboss/spec/javax/transaction/jboss-transaction-api_1.2_spec/1.0.1.Final/jboss-transaction-api_1.2_spec-1.0.1.Final.jar
7f1e08fa3000-7f1e08fa8000 r--s 00068000 08:02 3018816                    /home/condiom/.m2/repository/antlr/antlr/2.7.7/antlr-2.7.7.jar
7f1e08fa8000-7f1e08fb2000 r--s 000ab000 08:02 3018813                    /home/condiom/.m2/repository/org/javassist/javassist/3.22.0-GA/javassist-3.22.0-GA.jar
7f1e08fb2000-7f1e08fb7000 r--s 00017000 08:02 3018786                    /home/condiom/.m2/repository/org/hibernate/javax/persistence/hibernate-jpa-2.1-api/1.0.0.Final/hibernate-jpa-2.1-api-1.0.0.Final.jar
7f1e08fb7000-7f1e08fb9000 r--s 0000f000 08:02 3018814                    /home/condiom/.m2/repository/org/jboss/logging/jboss-logging/3.3.2.Final/jboss-logging-3.3.2.Final.jar
7f1e08fb9000-7f1e09037000 r--s 005ec000 08:02 3018839                    /home/condiom/.m2/repository/org/hibernate/hibernate-core/5.2.14.Final/hibernate-core-5.2.14.Final.jar
7f1e09037000-7f1e09038000 r--s 00009000 08:02 12980893                   /home/condiom/.m2/repository/org/thymeleaf/extras/thymeleaf-extras-java8time/3.0.1.RELEASE/thymeleaf-extras-java8time-3.0.1.RELEASE.jar
7f1e09038000-7f1e0903a000 r--s 00009000 08:02 14815846                   /home/condiom/.m2/repository/org/slf4j/slf4j-api/1.7.25/slf4j-api-1.7.25.jar
7f1e0903a000-7f1e0903e000 r--s 00035000 08:02 12980889                   /home/condiom/.m2/repository/org/attoparser/attoparser/2.0.4.RELEASE/attoparser-2.0.4.RELEASE.jar
7f1e0903e000-7f1e0904e000 r--s 000c5000 08:02 12980887                   /home/condiom/.m2/repository/org/thymeleaf/thymeleaf/3.0.9.RELEASE/thymeleaf-3.0.9.RELEASE.jar
7f1e0904e000-7f1e09055000 r--s 00042000 08:02 14815838                   /home/condiom/.m2/repository/org/yaml/snakeyaml/1.19/snakeyaml-1.19.jar
7f1e09055000-7f1e09075000 r--s 000f8000 08:02 2757108                    /home/condiom/.m2/repository/org/springframework/boot/spring-boot-autoconfigure/2.0.0.RELEASE/spring-boot-autoconfigure-2.0.0.RELEASE.jar
7f1e09075000-7f1e0908a000 r--s 000cd000 08:02 2757106                    /home/condiom/.m2/repository/org/springframework/boot/spring-boot/2.0.0.RELEASE/spring-boot-2.0.0.RELEASE.jar
7f1e0908a000-7f1e0909b000 r-xp 00000000 08:02 9969411                    /usr/lib/jvm/java-8-oracle/jre/lib/amd64/libnio.so
7f1e0909b000-7f1e0929a000 ---p 00011000 08:02 9969411                    /usr/lib/jvm/java-8-oracle/jre/lib/amd64/libnio.so
7f1e0929a000-7f1e0929b000 rw-p 00010000 08:02 9969411                    /usr/lib/jvm/java-8-oracle/jre/lib/amd64/libnio.so
7f1e0929b000-7f1e092b1000 r-xp 00000000 08:02 9969408                    /usr/lib/jvm/java-8-oracle/jre/lib/amd64/libnet.so
7f1e092b1000-7f1e094b1000 ---p 00016000 08:02 9969408                    /usr/lib/jvm/java-8-oracle/jre/lib/amd64/libnet.so
7f1e094b1000-7f1e094b2000 rw-p 00016000 08:02 9969408                    /usr/lib/jvm/java-8-oracle/jre/lib/amd64/libnet.so
7f1e094b2000-7f1e094bb000 r-xp 00000000 08:02 9969416                    /usr/lib/jvm/java-8-oracle/jre/lib/amd64/libmanagement.so
7f1e094bb000-7f1e096ba000 ---p 00009000 08:02 9969416                    /usr/lib/jvm/java-8-oracle/jre/lib/amd64/libmanagement.so
7f1e096ba000-7f1e096bb000 rw-p 00008000 08:02 9969416                    /usr/lib/jvm/java-8-oracle/jre/lib/amd64/libmanagement.so
7f1e096bb000-7f1e096be000 ---p 00000000 00:00 0 
7f1e096be000-7f1e097bc000 rw-p 00000000 00:00 0 
7f1e097bc000-7f1e097bf000 ---p 00000000 00:00 0 
7f1e097bf000-7f1e098bd000 rw-p 00000000 00:00 0 
7f1e098bd000-7f1e098c0000 ---p 00000000 00:00 0 
7f1e098c0000-7f1e099be000 rw-p 00000000 00:00 0 
7f1e099be000-7f1e099c1000 ---p 00000000 00:00 0 
7f1e099c1000-7f1e09abf000 rw-p 00000000 00:00 0 
7f1e09abf000-7f1e09ac2000 ---p 00000000 00:00 0 
7f1e09ac2000-7f1e09bc0000 rw-p 00000000 00:00 0 
7f1e09bc0000-7f1e09bc3000 ---p 00000000 00:00 0 
7f1e09bc3000-7f1e09cc1000 rw-p 00000000 00:00 0 
7f1e09cc1000-7f1e09cc4000 ---p 00000000 00:00 0 
7f1e09cc4000-7f1e09dc2000 rw-p 00000000 00:00 0 
7f1e09dc2000-7f1e09dc6000 r-xp 00000000 08:02 9969371                    /usr/lib/jvm/java-8-oracle/jre/lib/amd64/libdt_socket.so
7f1e09dc6000-7f1e09fc5000 ---p 00004000 08:02 9969371                    /usr/lib/jvm/java-8-oracle/jre/lib/amd64/libdt_socket.so
7f1e09fc5000-7f1e09fc6000 rw-p 00003000 08:02 9969371                    /usr/lib/jvm/java-8-oracle/jre/lib/amd64/libdt_socket.so
7f1e09fc6000-7f1e09fc9000 ---p 00000000 00:00 0 
7f1e09fc9000-7f1e0a0c7000 rw-p 00000000 00:00 0 
7f1e0a0c7000-7f1e0a0ca000 ---p 00000000 00:00 0 
7f1e0a0ca000-7f1e0a1c8000 rw-p 00000000 00:00 0 
7f1e0a1c8000-7f1e0a1cb000 ---p 00000000 00:00 0 
7f1e0a1cb000-7f1e0a2c9000 rw-p 00000000 00:00 0 
7f1e0a2c9000-7f1e0a2ca000 ---p 00000000 00:00 0 
7f1e0a2ca000-7f1e0b33c000 rw-p 00000000 00:00 0 
7f1e0b33c000-7f1e0b516000 r--s 03d68000 08:02 9968756                    /usr/lib/jvm/java-8-oracle/jre/lib/rt.jar
7f1e0b516000-7f1e0fea1000 rw-p 00000000 00:00 0 
7f1e0fea1000-7f1e0fea2000 ---p 00000000 00:00 0 
7f1e0fea2000-7f1e0ffa2000 rw-p 00000000 00:00 0 
7f1e0ffa2000-7f1e0ffa3000 ---p 00000000 00:00 0 
7f1e0ffa3000-7f1e100a3000 rw-p 00000000 00:00 0 
7f1e100a3000-7f1e100a4000 ---p 00000000 00:00 0 
7f1e100a4000-7f1e101ce000 rw-p 00000000 00:00 0 
7f1e101ce000-7f1e10436000 ---p 00000000 00:00 0 
7f1e10436000-7f1e10460000 rw-p 00000000 00:00 0 
7f1e10460000-7f1e106c8000 ---p 00000000 00:00 0 
7f1e106c8000-7f1e106dd000 rw-p 00000000 00:00 0 
7f1e106dd000-7f1e10811000 ---p 00000000 00:00 0 
7f1e10811000-7f1e1081c000 rw-p 00000000 00:00 0 
7f1e1081c000-7f1e10bd2000 ---p 00000000 00:00 0 
7f1e10bd2000-7f1e10e52000 rwxp 00000000 00:00 0 
7f1e10e52000-7f1e1fbd2000 ---p 00000000 00:00 0 
7f1e1fbd2000-7f1e1fbed000 r-xp 00000000 08:02 9969404                    /usr/lib/jvm/java-8-oracle/jre/lib/amd64/libzip.so
7f1e1fbed000-7f1e1fded000 ---p 0001b000 08:02 9969404                    /usr/lib/jvm/java-8-oracle/jre/lib/amd64/libzip.so
7f1e1fded000-7f1e1fdee000 rw-p 0001b000 08:02 9969404                    /usr/lib/jvm/java-8-oracle/jre/lib/amd64/libzip.so
7f1e1fdee000-7f1e1fdf9000 r-xp 00000000 08:02 8126560                    /lib/x86_64-linux-gnu/libnss_files-2.23.so
7f1e1fdf9000-7f1e1fff8000 ---p 0000b000 08:02 8126560                    /lib/x86_64-linux-gnu/libnss_files-2.23.so
7f1e1fff8000-7f1e1fff9000 r--p 0000a000 08:02 8126560                    /lib/x86_64-linux-gnu/libnss_files-2.23.so
7f1e1fff9000-7f1e1fffa000 rw-p 0000b000 08:02 8126560                    /lib/x86_64-linux-gnu/libnss_files-2.23.so
7f1e1fffa000-7f1e20000000 rw-p 00000000 00:00 0 
7f1e20000000-7f1e206d9000 rw-p 00000000 00:00 0 
7f1e206d9000-7f1e24000000 ---p 00000000 00:00 0 
7f1e24000000-7f1e24003000 r--s 00026000 08:02 12980891                   /home/condiom/.m2/repository/org/unbescape/unbescape/1.1.5.RELEASE/unbescape-1.1.5.RELEASE.jar
7f1e24003000-7f1e240e9000 rw-p 00000000 00:00 0 
7f1e240e9000-7f1e240ea000 ---p 00000000 00:00 0 
7f1e240ea000-7f1e241ea000 rw-p 00000000 00:00 0 
7f1e241ea000-7f1e241f5000 r-xp 00000000 08:02 8130961                    /lib/x86_64-linux-gnu/libnss_nis-2.23.so
7f1e241f5000-7f1e243f4000 ---p 0000b000 08:02 8130961                    /lib/x86_64-linux-gnu/libnss_nis-2.23.so
7f1e243f4000-7f1e243f5000 r--p 0000a000 08:02 8130961                    /lib/x86_64-linux-gnu/libnss_nis-2.23.so
7f1e243f5000-7f1e243f6000 rw-p 0000b000 08:02 8130961                    /lib/x86_64-linux-gnu/libnss_nis-2.23.so
7f1e243f6000-7f1e2440c000 r-xp 00000000 08:02 8126478                    /lib/x86_64-linux-gnu/libnsl-2.23.so
7f1e2440c000-7f1e2460b000 ---p 00016000 08:02 8126478                    /lib/x86_64-linux-gnu/libnsl-2.23.so
7f1e2460b000-7f1e2460c000 r--p 00015000 08:02 8126478                    /lib/x86_64-linux-gnu/libnsl-2.23.so
7f1e2460c000-7f1e2460d000 rw-p 00016000 08:02 8126478                    /lib/x86_64-linux-gnu/libnsl-2.23.so
7f1e2460d000-7f1e2460f000 rw-p 00000000 00:00 0 
7f1e2460f000-7f1e24617000 r-xp 00000000 08:02 8126555                    /lib/x86_64-linux-gnu/libnss_compat-2.23.so
7f1e24617000-7f1e24816000 ---p 00008000 08:02 8126555                    /lib/x86_64-linux-gnu/libnss_compat-2.23.so
7f1e24816000-7f1e24817000 r--p 00007000 08:02 8126555                    /lib/x86_64-linux-gnu/libnss_compat-2.23.so
7f1e24817000-7f1e24818000 rw-p 00008000 08:02 8126555                    /lib/x86_64-linux-gnu/libnss_compat-2.23.so
7f1e24818000-7f1e24af2000 r--p 00000000 08:02 9700822                    /usr/lib/locale/locale-archive
7f1e24af2000-7f1e24af4000 r-xp 00000000 08:02 9969373                    /usr/lib/jvm/java-8-oracle/jre/lib/amd64/libnpt.so
7f1e24af4000-7f1e24cf4000 ---p 00002000 08:02 9969373                    /usr/lib/jvm/java-8-oracle/jre/lib/amd64/libnpt.so
7f1e24cf4000-7f1e24cf5000 rw-p 00002000 08:02 9969373                    /usr/lib/jvm/java-8-oracle/jre/lib/amd64/libnpt.so
7f1e24cf5000-7f1e24d2f000 r-xp 00000000 08:02 9969391                    /usr/lib/jvm/java-8-oracle/jre/lib/amd64/libjdwp.so
7f1e24d2f000-7f1e24f2e000 ---p 0003a000 08:02 9969391                    /usr/lib/jvm/java-8-oracle/jre/lib/amd64/libjdwp.so
7f1e24f2e000-7f1e24f2f000 rw-p 00039000 08:02 9969391                    /usr/lib/jvm/java-8-oracle/jre/lib/amd64/libjdwp.so
7f1e24f2f000-7f1e24f30000 rw-p 00000000 00:00 0 
7f1e24f30000-7f1e24f5b000 r-xp 00000000 08:02 9969398                    /usr/lib/jvm/java-8-oracle/jre/lib/amd64/libjava.so
7f1e24f5b000-7f1e2515a000 ---p 0002b000 08:02 9969398                    /usr/lib/jvm/java-8-oracle/jre/lib/amd64/libjava.so
7f1e2515a000-7f1e2515c000 rw-p 0002a000 08:02 9969398                    /usr/lib/jvm/java-8-oracle/jre/lib/amd64/libjava.so
7f1e2515c000-7f1e25169000 r-xp 00000000 08:02 9969403                    /usr/lib/jvm/java-8-oracle/jre/lib/amd64/libverify.so
7f1e25169000-7f1e25369000 ---p 0000d000 08:02 9969403                    /usr/lib/jvm/java-8-oracle/jre/lib/amd64/libverify.so
7f1e25369000-7f1e2536b000 rw-p 0000d000 08:02 9969403                    /usr/lib/jvm/java-8-oracle/jre/lib/amd64/libverify.so
7f1e2536b000-7f1e25372000 r-xp 00000000 08:02 8130962                    /lib/x86_64-linux-gnu/librt-2.23.so
7f1e25372000-7f1e25571000 ---p 00007000 08:02 8130962                    /lib/x86_64-linux-gnu/librt-2.23.so
7f1e25571000-7f1e25572000 r--p 00006000 08:02 8130962                    /lib/x86_64-linux-gnu/librt-2.23.so
7f1e25572000-7f1e25573000 rw-p 00007000 08:02 8130962                    /lib/x86_64-linux-gnu/librt-2.23.so
7f1e25573000-7f1e2567b000 r-xp 00000000 08:02 8126469                    /lib/x86_64-linux-gnu/libm-2.23.so
7f1e2567b000-7f1e2587a000 ---p 00108000 08:02 8126469                    /lib/x86_64-linux-gnu/libm-2.23.so
7f1e2587a000-7f1e2587b000 r--p 00107000 08:02 8126469                    /lib/x86_64-linux-gnu/libm-2.23.so
7f1e2587b000-7f1e2587c000 rw-p 00108000 08:02 8126469                    /lib/x86_64-linux-gnu/libm-2.23.so
7f1e2587c000-7f1e26555000 r-xp 00000000 08:02 9969380                    /usr/lib/jvm/java-8-oracle/jre/lib/amd64/server/libjvm.so
7f1e26555000-7f1e26754000 ---p 00cd9000 08:02 9969380                    /usr/lib/jvm/java-8-oracle/jre/lib/amd64/server/libjvm.so
7f1e26754000-7f1e2682e000 rw-p 00cd8000 08:02 9969380                    /usr/lib/jvm/java-8-oracle/jre/lib/amd64/server/libjvm.so
7f1e2682e000-7f1e26879000 rw-p 00000000 00:00 0 
7f1e26879000-7f1e26a39000 r-xp 00000000 08:02 8126547                    /lib/x86_64-linux-gnu/libc-2.23.so
7f1e26a39000-7f1e26c39000 ---p 001c0000 08:02 8126547                    /lib/x86_64-linux-gnu/libc-2.23.so
7f1e26c39000-7f1e26c3d000 r--p 001c0000 08:02 8126547                    /lib/x86_64-linux-gnu/libc-2.23.so
7f1e26c3d000-7f1e26c3f000 rw-p 001c4000 08:02 8126547                    /lib/x86_64-linux-gnu/libc-2.23.so
7f1e26c3f000-7f1e26c43000 rw-p 00000000 00:00 0 
7f1e26c43000-7f1e26c46000 r-xp 00000000 08:02 8126549                    /lib/x86_64-linux-gnu/libdl-2.23.so
7f1e26c46000-7f1e26e45000 ---p 00003000 08:02 8126549                    /lib/x86_64-linux-gnu/libdl-2.23.so
7f1e26e45000-7f1e26e46000 r--p 00002000 08:02 8126549                    /lib/x86_64-linux-gnu/libdl-2.23.so
7f1e26e46000-7f1e26e47000 rw-p 00003000 08:02 8126549                    /lib/x86_64-linux-gnu/libdl-2.23.so
7f1e26e47000-7f1e26e5d000 r-xp 00000000 08:02 9968582                    /usr/lib/jvm/java-8-oracle/lib/amd64/jli/libjli.so
7f1e26e5d000-7f1e2705c000 ---p 00016000 08:02 9968582                    /usr/lib/jvm/java-8-oracle/lib/amd64/jli/libjli.so
7f1e2705c000-7f1e2705d000 rw-p 00015000 08:02 9968582                    /usr/lib/jvm/java-8-oracle/lib/amd64/jli/libjli.so
7f1e2705d000-7f1e27075000 r-xp 00000000 08:02 8126489                    /lib/x86_64-linux-gnu/libpthread-2.23.so
7f1e27075000-7f1e27274000 ---p 00018000 08:02 8126489                    /lib/x86_64-linux-gnu/libpthread-2.23.so
7f1e27274000-7f1e27275000 r--p 00017000 08:02 8126489                    /lib/x86_64-linux-gnu/libpthread-2.23.so
7f1e27275000-7f1e27276000 rw-p 00018000 08:02 8126489                    /lib/x86_64-linux-gnu/libpthread-2.23.so
7f1e27276000-7f1e2727a000 rw-p 00000000 00:00 0 
7f1e2727a000-7f1e272a0000 r-xp 00000000 08:02 8126481                    /lib/x86_64-linux-gnu/ld-2.23.so
7f1e272a0000-7f1e272a4000 r--s 00027000 08:02 12980885                   /home/condiom/.m2/repository/org/thymeleaf/thymeleaf-spring5/3.0.9.RELEASE/thymeleaf-spring5-3.0.9.RELEASE.jar
7f1e272a4000-7f1e272a6000 r--s 00005000 08:02 3018811                    /home/condiom/.m2/repository/javax/annotation/javax.annotation-api/1.3.2/javax.annotation-api-1.3.2.jar
7f1e272a6000-7f1e272a8000 r--s 00000000 08:02 14815844                   /home/condiom/.m2/repository/org/slf4j/jul-to-slf4j/1.7.25/jul-to-slf4j-1.7.25.jar
7f1e272a8000-7f1e272ae000 r--s 00039000 08:02 14683630                   /home/condiom/.m2/repository/org/apache/logging/log4j/log4j-api/2.10.0/log4j-api-2.10.0.jar
7f1e272ae000-7f1e27379000 rw-p 00000000 00:00 0 
7f1e27379000-7f1e2737c000 ---p 00000000 00:00 0 
7f1e2737c000-7f1e2747f000 rw-p 00000000 00:00 0 
7f1e2747f000-7f1e27481000 r--s 00003000 08:02 14683628                   /home/condiom/.m2/repository/org/apache/logging/log4j/log4j-to-slf4j/2.10.0/log4j-to-slf4j-2.10.0.jar
7f1e27481000-7f1e2748c000 r--s 00069000 08:02 14683634                   /home/condiom/.m2/repository/ch/qos/logback/logback-core/1.2.3/logback-core-1.2.3.jar
7f1e2748c000-7f1e27492000 r--s 00041000 08:02 14552070                   /home/condiom/.m2/repository/ch/qos/logback/logback-classic/1.2.3/logback-classic-1.2.3.jar
7f1e27492000-7f1e27493000 r--s 00000000 08:02 2757110                    /home/condiom/.m2/repository/org/springframework/boot/spring-boot-starter-logging/2.0.0.RELEASE/spring-boot-starter-logging-2.0.0.RELEASE.jar
7f1e27493000-7f1e27494000 r--s 00000000 08:02 2757104                    /home/condiom/.m2/repository/org/springframework/boot/spring-boot-starter/2.0.0.RELEASE/spring-boot-starter-2.0.0.RELEASE.jar
7f1e27494000-7f1e27495000 r--s 00000000 08:02 2493428                    /home/condiom/.m2/repository/org/springframework/boot/spring-boot-starter-thymeleaf/2.0.0.RELEASE/spring-boot-starter-thymeleaf-2.0.0.RELEASE.jar
7f1e27495000-7f1e2749d000 rw-s 00000000 08:02 4589596                    /tmp/hsperfdata_condiom/10185
7f1e2749d000-7f1e2749e000 rw-p 00000000 00:00 0 
7f1e2749e000-7f1e2749f000 ---p 00000000 00:00 0 
7f1e2749f000-7f1e274a0000 r--p 00025000 08:02 8126481                    /lib/x86_64-linux-gnu/ld-2.23.so
7f1e274a0000-7f1e274a1000 rw-p 00026000 08:02 8126481                    /lib/x86_64-linux-gnu/ld-2.23.so
7f1e274a1000-7f1e274a2000 rw-p 00000000 00:00 0 
7ffdda262000-7ffdda285000 rw-p 00000000 00:00 0                          [stack]
7ffdda399000-7ffdda39c000 r--p 00000000 00:00 0                          [vvar]
7ffdda39c000-7ffdda39e000 r-xp 00000000 00:00 0                          [vdso]
ffffffffff600000-ffffffffff601000 r-xp 00000000 00:00 0                  [vsyscall]

VM Arguments:
jvm_args: -agentlib:jdwp=transport=dt_socket,suspend=y,address=localhost:40425 -Dcom.sun.management.jmxremote -Dcom.sun.management.jmxremote.port=39179 -Dcom.sun.management.jmxremote.authenticate=false -Dcom.sun.management.jmxremote.ssl=false -Djava.rmi.server.hostname=localhost -Dspring.liveBeansView.mbeanDomain -Dspring.application.admin.enabled=true -Djava.security.egd=file:/dev/./urandom -Xverify:none -XX:TieredStopAtLevel=1 -Dfile.encoding=UTF-8 
java_command: com.example.demo.Epl362ProjectApplication --spring.output.ansi.enabled=always
java_class_path (initial): /usr/lib/jvm/java-8-oracle/jre/lib/resources.jar:/usr/lib/jvm/java-8-oracle/jre/lib/rt.jar:/usr/lib/jvm/java-8-oracle/jre/lib/jsse.jar:/usr/lib/jvm/java-8-oracle/jre/lib/jce.jar:/usr/lib/jvm/java-8-oracle/jre/lib/charsets.jar:/usr/lib/jvm/java-8-oracle/jre/lib/jfr.jar:/usr/lib/jvm/java-8-oracle/jre/lib/ext/dnsns.jar:/usr/lib/jvm/java-8-oracle/jre/lib/ext/jfxrt.jar:/usr/lib/jvm/java-8-oracle/jre/lib/ext/cldrdata.jar:/usr/lib/jvm/java-8-oracle/jre/lib/ext/sunjce_provider.jar:/usr/lib/jvm/java-8-oracle/jre/lib/ext/localedata.jar:/usr/lib/jvm/java-8-oracle/jre/lib/ext/sunec.jar:/usr/lib/jvm/java-8-oracle/jre/lib/ext/nashorn.jar:/usr/lib/jvm/java-8-oracle/jre/lib/ext/jaccess.jar:/usr/lib/jvm/java-8-oracle/jre/lib/ext/sunpkcs11.jar:/usr/lib/jvm/java-8-oracle/jre/lib/ext/zipfs.jar:/home/condiom/Desktop/epl362/CS362-LAW-COMPANY-PROJECT/Epl362Project/target/classes:/home/condiom/.m2/repository/org/springframework/boot/spring-boot-starter-thymeleaf/2.0.0.RELEASE/spring-boot-starter-thymeleaf-2.0.0.RELEASE.jar:/home/condiom/.m2/repository/org/springframework/boot/spring-boot-starter/2.0.0.RELEASE/spring-boot-starter-2.0.0.RELEASE.jar:/home/condiom/.m2/repository/org/springframework/boot/spring-boot/2.0.0.RELEASE/spring-boot-2.0.0.RELEASE.jar:/home/condiom/.m2/repository/org/springframework/boot/spring-boot-autoconfigure/2.0.0.RELEASE/spring-boot-autoconfigure-2.0.0.RELEASE.jar:/home/condiom/.m2/repository/org/springframework/boot/spring-boot-starter-logging/2.0.0.RELEASE/spring-boot-starter-logging-2.0.0.RELEASE.jar:/home/condiom/.m2/repository/ch/qos/logback/logback-classic/1.2.3/logback-classic-1.2.3.jar:/home/condiom/.m2/repository/ch/qos/logback/logback-core/1.2.3/logback-core-1.2.3.jar:/home/condiom/.m2/repository/org/apache/logging/log4j/log4j-to-slf4j/2.10.0/log4j-to-slf4j-2.10.0.jar:/home/condiom/.m2/repository/org/apache/logging/log4j/log4j-api/2.10.0/log4j-api-2.10.0.jar:/home/condiom/.m2/repository/org/slf4j/jul-to-slf4j/1.7.25/jul-to-sl
Launcher Type: SUN_STANDARD

Environment Variables:
JAVA_HOME=/usr/lib/jvm/java-8-oracle
PATH=/home/condiom/bin:/home/condiom/.local/bin:/usr/local/sbin:/usr/local/bin:/usr/sbin:/usr/bin:/sbin:/bin:/usr/games:/usr/local/games:/snap/bin:/usr/lib/jvm/java-8-oracle/bin:/usr/lib/jvm/java-8-oracle/db/bin:/usr/lib/jvm/java-8-oracle/jre/bin:/home/condiom/jdk1.8.0_161
SHELL=/bin/bash
DISPLAY=:0

Signal Handlers:
SIGSEGV: [libjvm.so+0xad0890], sa_mask[0]=11111111011111111101111111111110, sa_flags=SA_RESTART|SA_SIGINFO
SIGBUS: [libjvm.so+0xad0890], sa_mask[0]=11111111011111111101111111111110, sa_flags=SA_RESTART|SA_SIGINFO
SIGFPE: [libjvm.so+0x928640], sa_mask[0]=11111111011111111101111111111110, sa_flags=SA_RESTART|SA_SIGINFO
SIGPIPE: [libjvm.so+0x928640], sa_mask[0]=11111111011111111101111111111110, sa_flags=SA_RESTART|SA_SIGINFO
SIGXFSZ: [libjvm.so+0x928640], sa_mask[0]=11111111011111111101111111111110, sa_flags=SA_RESTART|SA_SIGINFO
SIGILL: [libjvm.so+0x928640], sa_mask[0]=11111111011111111101111111111110, sa_flags=SA_RESTART|SA_SIGINFO
SIGUSR1: SIG_DFL, sa_mask[0]=00000000000000000000000000000000, sa_flags=none
SIGUSR2: [libjvm.so+0x929ea0], sa_mask[0]=00100000000000000000000000000000, sa_flags=SA_RESTART|SA_SIGINFO
SIGHUP: [libjvm.so+0x92b2a0], sa_mask[0]=11111111011111111101111111111110, sa_flags=SA_RESTART|SA_SIGINFO
SIGINT: [libjvm.so+0x92b2a0], sa_mask[0]=11111111011111111101111111111110, sa_flags=SA_RESTART|SA_SIGINFO
SIGTERM: [libjvm.so+0x92b2a0], sa_mask[0]=11111111011111111101111111111110, sa_flags=SA_RESTART|SA_SIGINFO
SIGQUIT: [libjvm.so+0x92b2a0], sa_mask[0]=11111111011111111101111111111110, sa_flags=SA_RESTART|SA_SIGINFO


---------------  S Y S T E M  ---------------

OS:DISTRIB_ID=Ubuntu
DISTRIB_RELEASE=16.04
DISTRIB_CODENAME=xenial
DISTRIB_DESCRIPTION="Ubuntu 16.04.4 LTS"

uname:Linux 4.15.0-041500-generic #201802011154 SMP Thu Feb 1 11:55:45 UTC 2018 x86_64
libc:glibc 2.23 NPTL 2.23 
rlimit: STACK 8192k, CORE 0k, NPROC 30639, NOFILE 1048576, AS infinity
load average:419,59 470,96 291,33

/proc/meminfo:
MemTotal:        8083728 kB
MemFree:          161424 kB
MemAvailable:      54364 kB
Buffers:             912 kB
Cached:            97324 kB
SwapCached:         6152 kB
Active:          6511600 kB
Inactive:         827356 kB
Active(anon):    6500336 kB
Inactive(anon):   817908 kB
Active(file):      11264 kB
Inactive(file):     9448 kB
Unevictable:         120 kB
Mlocked:             120 kB
SwapTotal:       8302588 kB
SwapFree:          49576 kB
Dirty:               260 kB
Writeback:          1116 kB
AnonPages:       7259836 kB
Mapped:            15200 kB
Shmem:             77036 kB
Slab:             182952 kB
SReclaimable:      45044 kB
SUnreclaim:       137908 kB
KernelStack:      145456 kB
PageTables:       144248 kB
NFS_Unstable:          0 kB
Bounce:                0 kB
WritebackTmp:          0 kB
CommitLimit:    12344452 kB
Committed_AS:   81898524 kB
VmallocTotal:   34359738367 kB
VmallocUsed:           0 kB
VmallocChunk:          0 kB
HardwareCorrupted:     0 kB
AnonHugePages:         0 kB
ShmemHugePages:        0 kB
ShmemPmdMapped:        0 kB
CmaTotal:              0 kB
CmaFree:               0 kB
HugePages_Total:       0
HugePages_Free:        0
HugePages_Rsvd:        0
HugePages_Surp:        0
Hugepagesize:       2048 kB
DirectMap4k:      163128 kB
DirectMap2M:     7092224 kB
DirectMap1G:     1048576 kB


CPU:total 4 (initial active 4) (2 cores per cpu, 2 threads per core) family 6 model 142 stepping 9, cmov, cx8, fxsr, mmx, sse, sse2, sse3, ssse3, sse4.1, sse4.2, popcnt, avx, avx2, aes, clmul, erms, 3dnowpref, lzcnt, ht, tsc, tscinvbit, bmi1, bmi2, adx

/proc/cpuinfo:
processor	: 0
vendor_id	: GenuineIntel
cpu family	: 6
model		: 142
model name	: Intel(R) Core(TM) i5-7200U CPU @ 2.50GHz
stepping	: 9
microcode	: 0x84
cpu MHz		: 3099.998
cache size	: 3072 KB
physical id	: 0
siblings	: 4
core id		: 0
cpu cores	: 2
apicid		: 0
initial apicid	: 0
fpu		: yes
fpu_exception	: yes
cpuid level	: 22
wp		: yes
flags		: fpu vme de pse tsc msr pae mce cx8 apic sep mtrr pge mca cmov pat pse36 clflush dts acpi mmx fxsr sse sse2 ss ht tm pbe syscall nx pdpe1gb rdtscp lm constant_tsc art arch_perfmon pebs bts rep_good nopl xtopology nonstop_tsc cpuid aperfmperf tsc_known_freq pni pclmulqdq dtes64 monitor ds_cpl vmx est tm2 ssse3 sdbg fma cx16 xtpr pdcm pcid sse4_1 sse4_2 x2apic movbe popcnt tsc_deadline_timer aes xsave avx f16c rdrand lahf_lm abm 3dnowprefetch cpuid_fault epb invpcid_single pti retpoline rsb_ctxsw tpr_shadow vnmi flexpriority ept vpid fsgsbase tsc_adjust bmi1 avx2 smep bmi2 erms invpcid mpx rdseed adx smap clflushopt intel_pt xsaveopt xsavec xgetbv1 xsaves dtherm ida arat pln pts hwp hwp_notify hwp_act_window hwp_epp
bugs		: cpu_meltdown spectre_v1 spectre_v2
bogomips	: 5424.00
clflush size	: 64
cache_alignment	: 64
address sizes	: 39 bits physical, 48 bits virtual
power management:

processor	: 1
vendor_id	: GenuineIntel
cpu family	: 6
model		: 142
model name	: Intel(R) Core(TM) i5-7200U CPU @ 2.50GHz
stepping	: 9
microcode	: 0x84
cpu MHz		: 3100.000
cache size	: 3072 KB
physical id	: 0
siblings	: 4
core id		: 1
cpu cores	: 6
apicid		: 2
initial apicid	: 2
fpu		: yes
fpu_exception	: yes
cpuid level	: 22
wp		: yes
flags		: fpu vme de pse tsc msr pae mce cx8 apic sep mtrr pge mca cmov pat pse36 clflush dts acpi mmx fxsr sse sse2 ss ht tm pbe syscall nx pdpe1gb rdtscp lm constant_tsc art arch_perfmon pebs bts rep_good nopl xtopology nonstop_tsc cpuid aperfmperf tsc_known_freq pni pclmulqdq dtes64 monitor ds_cpl vmx est tm2 ssse3 sdbg fma cx16 xtpr pdcm pcid sse4_1 sse4_2 x2apic movbe popcnt tsc_deadline_timer aes xsave avx f16c rdrand lahf_lm abm 3dnowprefetch cpuid_fault epb invpcid_single pti retpoline rsb_ctxsw tpr_shadow vnmi flexpriority ept vpid fsgsbase tsc_adjust bmi1 avx2 smep bmi2 erms invpcid mpx rdseed adx smap clflushopt intel_pt xsaveopt xsavec xgetbv1 xsaves dtherm ida arat pln pts hwp hwp_notify hwp_act_window hwp_epp
bugs		: cpu_meltdown spectre_v1 spectre_v2
bogomips	: 5424.00
clflush size	: 64
cache_alignment	: 64
address sizes	: 39 bits physical, 48 bits virtual
power management:

processor	: 2
vendor_id	: GenuineIntel
cpu family	: 6
model		: 142
model name	: Intel(R) Core(TM) i5-7200U CPU @ 2.50GHz
stepping	: 9
microcode	: 0x84
cpu MHz		: 3099.996
cache size	: 3072 KB
physical id	: 0
siblings	: 4
core id		: 0
cpu cores	: 2
apicid		: 1
initial apicid	: 1
fpu		: yes
fpu_exception	: yes
cpuid level	: 22
wp		: yes
flags		: fpu vme de pse tsc msr pae mce cx8 apic sep mtrr pge mca cmov pat pse36 clflush dts acpi mmx fxsr sse sse2 ss ht tm pbe syscall nx pdpe1gb rdtscp lm constant_tsc art arch_perfmon pebs bts rep_good nopl xtopology nonstop_tsc cpuid aperfmperf tsc_known_freq pni pclmulqdq dtes64 monitor ds_cpl vmx est tm2 ssse3 sdbg fma cx16 xtpr pdcm pcid sse4_1 sse4_2 x2apic movbe popcnt tsc_deadline_timer aes xsave avx f16c rdrand lahf_lm abm 3dnowprefetch cpuid_fault epb invpcid_single pti retpoline rsb_ctxsw tpr_shadow vnmi flexpriority ept vpid fsgsbase tsc_adjust bmi1 avx2 smep bmi2 erms invpcid mpx rdseed adx smap clflushopt intel_pt xsaveopt xsavec xgetbv1 xsaves dtherm ida arat pln pts hwp hwp_notify hwp_act_window hwp_epp
bugs		: cpu_meltdown spectre_v1 spectre_v2
bogomips	: 5424.00
clflush size	: 64
cache_alignment	: 64
address sizes	: 39 bits physical, 48 bits virtual
power management:

processor	: 3
vendor_id	: GenuineIntel
cpu family	: 6
model		: 142
model name	: Intel(R) Core(TM) i5-7200U CPU @ 2.50GHz
stepping	: 9
microcode	: 0x84
cpu MHz		: 3100.000
cache size	: 3072 KB
physical id	: 0
siblings	: 4
core id		: 1
cpu cores	: 2
apicid		: 3
initial apicid	: 3
fpu		: yes
fpu_exception	: yes
cpuid level	: 22
wp		: yes
flags		: fpu vme de pse tsc msr pae mce cx8 apic sep mtrr pge mca cmov pat pse36 clflush dts acpi mmx fxsr sse sse2 ss ht tm pbe syscall nx pdpe1gb rdtscp lm constant_tsc art arch_perfmon pebs bts rep_good nopl xtopology nonstop_tsc cpuid aperfmperf tsc_known_freq pni pclmulqdq dtes64 monitor ds_cpl vmx est tm2 ssse3 sdbg fma cx16 xtpr pdcm pcid sse4_1 sse4_2 x2apic movbe popcnt tsc_deadline_timer aes xsave avx f16c rdrand lahf_lm abm 3dnowprefetch cpuid_fault epb invpcid_single pti retpoline rsb_ctxsw tpr_shadow vnmi flexpriority ept vpid fsgsbase tsc_adjust bmi1 avx2 smep bmi2 erms invpcid mpx rdseed adx smap clflushopt intel_pt xsaveopt xsavec xgetbv1 xsaves dtherm ida arat pln pts hwp hwp_notify hwp_act_window hwp_epp
bugs		: cpu_meltdown spectre_v1 spectre_v2
bogomips	: 5424.00
clflush size	: 64
cache_alignment	: 64
address sizes	: 39 bits physical, 48 bits virtual
power management:



Memory: 4k page, physical 8083728k(153984k free), swap 8302588k(50088k free)

vm_info: Java HotSpot(TM) 64-Bit Server VM (25.171-b11) for linux-amd64 JRE (1.8.0_171-b11), built on Mar 28 2018 17:07:08 by "java_re" with gcc 4.3.0 20080428 (Red Hat 4.3.0-8)

time: Fri Apr 27 13:16:02 2018
elapsed time: 766 seconds (0d 0h 12m 46s)

