#
# There is insufficient memory for the Java Runtime Environment to continue.
# Native memory allocation (mmap) failed to map 32505856 bytes for committing reserved memory.
# Possible reasons:
#   The system is out of physical RAM or swap space
#   In 32 bit mode, the process size limit was hit
# Possible solutions:
#   Reduce memory load on the system
#   Increase physical memory or swap space
#   Check if swap backing store is full
#   Use 64 bit Java on a 64 bit OS
#   Decrease Java heap size (-Xmx/-Xms)
#   Decrease number of Java threads
#   Decrease Java thread stack sizes (-Xss)
#   Set larger code cache with -XX:ReservedCodeCacheSize=
# This output file may be truncated or incomplete.
#
#  Out of Memory Error (os_linux.cpp:2640), pid=7807, tid=0x00007f9b76544700
#
# JRE version: Java(TM) SE Runtime Environment (8.0_171-b11) (build 1.8.0_171-b11)
# Java VM: Java HotSpot(TM) 64-Bit Server VM (25.171-b11 mixed mode linux-amd64 compressed oops)
# Failed to write core dump. Core dumps have been disabled. To enable core dumping, try "ulimit -c unlimited" before starting Java again
#

---------------  T H R E A D  ---------------

Current thread (0x00007f9b8c080000):  VMThread [stack: 0x00007f9b76444000,0x00007f9b76545000] [id=7861]

Stack: [0x00007f9b76444000,0x00007f9b76545000],  sp=0x00007f9b765431a0,  free space=1020k
Native frames: (J=compiled Java code, j=interpreted, Vv=VM code, C=native code)
V  [libjvm.so+0xacfffa]  VMError::report_and_die()+0x2ba
V  [libjvm.so+0x5005cb]  report_vm_out_of_memory(char const*, int, unsigned long, VMErrorType, char const*)+0x8b
V  [libjvm.so+0x92dd93]  os::Linux::commit_memory_impl(char*, unsigned long, bool)+0x123
V  [libjvm.so+0x92dfb9]  os::pd_commit_memory(char*, unsigned long, unsigned long, bool)+0x29
V  [libjvm.so+0x92527a]  os::commit_memory(char*, unsigned long, unsigned long, bool)+0x2a
V  [libjvm.so+0x99b223]  PSVirtualSpace::expand_by(unsigned long)+0x53
V  [libjvm.so+0x99c628]  PSYoungGen::resize_generation(unsigned long, unsigned long)+0xf8
V  [libjvm.so+0x99b782]  PSYoungGen::resize(unsigned long, unsigned long)+0x22
V  [libjvm.so+0x998a5b]  PSScavenge::invoke_no_policy()+0xf3b
V  [libjvm.so+0x9991e1]  PSScavenge::invoke()+0x41
V  [libjvm.so+0x94fcb0]  ParallelScavengeHeap::failed_mem_allocate(unsigned long)+0x70
V  [libjvm.so+0xad1a77]  VM_ParallelGCFailedAllocation::doit()+0x97
V  [libjvm.so+0xad9595]  VM_Operation::evaluate()+0x55
V  [libjvm.so+0xad795a]  VMThread::evaluate_operation(VM_Operation*)+0xba
V  [libjvm.so+0xad7cde]  VMThread::loop()+0x1ce
V  [libjvm.so+0xad8150]  VMThread::run()+0x70
V  [libjvm.so+0x92e0f8]  java_start(Thread*)+0x108

VM_Operation (0x00007f9b749b84e0): ParallelGCFailedAllocation, mode: safepoint, requested by thread 0x00007f9b8c566000


---------------  P R O C E S S  ---------------

Java Threads: ( => current thread )
  0x00007f9b8c566000 JavaThread "background-preinit" [_thread_blocked, id=17280, stack(0x00007f9b748bd000,0x00007f9b749be000)]
  0x00007f9b8c48c800 JavaThread "RMI TCP Accept-0" daemon [_thread_in_native, id=16863, stack(0x00007f9b74cbf000,0x00007f9b74dc0000)]
  0x00007f9b8c483000 JavaThread "RMI TCP Accept-32993" daemon [_thread_in_native, id=16814, stack(0x00007f9b74dc0000,0x00007f9b74ec1000)]
  0x00007f9b8c466800 JavaThread "RMI TCP Accept-0" daemon [_thread_in_native, id=16774, stack(0x00007f9b74ec1000,0x00007f9b74fc2000)]
  0x00007f9b8c0da000 JavaThread "Service Thread" daemon [_thread_blocked, id=15370, stack(0x00007f9b75836000,0x00007f9b75937000)]
  0x00007f9b8c0d7000 JavaThread "C1 CompilerThread2" daemon [_thread_blocked, id=15363, stack(0x00007f9b75937000,0x00007f9b75a38000)]
  0x00007f9b8c0d5000 JavaThread "C2 CompilerThread1" daemon [_thread_blocked, id=15358, stack(0x00007f9b75a38000,0x00007f9b75b39000)]
  0x00007f9b8c0d2000 JavaThread "C2 CompilerThread0" daemon [_thread_blocked, id=15351, stack(0x00007f9b75b39000,0x00007f9b75c3a000)]
  0x00007f9b54001000 JavaThread "JDWP Command Reader" daemon [_thread_in_native, id=9778, stack(0x00007f9b75c3a000,0x00007f9b75d3b000)]
  0x00007f9b8c0d0000 JavaThread "JDWP Event Helper Thread" daemon [_thread_blocked, id=9774, stack(0x00007f9b75d3b000,0x00007f9b75e3c000)]
  0x00007f9b8c0cc800 JavaThread "JDWP Transport Listener: dt_socket" daemon [_thread_blocked, id=9769, stack(0x00007f9b75e3c000,0x00007f9b75f3d000)]
  0x00007f9b8c0be800 JavaThread "Signal Dispatcher" daemon [_thread_blocked, id=7912, stack(0x00007f9b76141000,0x00007f9b76242000)]
  0x00007f9b8c08c000 JavaThread "Finalizer" daemon [_thread_blocked, id=7885, stack(0x00007f9b76242000,0x00007f9b76343000)]
  0x00007f9b8c087800 JavaThread "Reference Handler" daemon [_thread_blocked, id=7876, stack(0x00007f9b76343000,0x00007f9b76444000)]
  0x00007f9b8c012000 JavaThread "main" [_thread_blocked, id=7818, stack(0x00007f9b934f7000,0x00007f9b935f8000)]

Other Threads:
=>0x00007f9b8c080000 VMThread [stack: 0x00007f9b76444000,0x00007f9b76545000] [id=7861]
  0x00007f9b8c491800 WatcherThread [stack: 0x00007f9b74bbe000,0x00007f9b74cbf000] [id=16903]

VM state:at safepoint (normal execution)

VM Mutex/Monitor currently owned by a thread:  ([mutex/lock_event])
[0x00007f9b8c00e430] Threads_lock - owner thread: 0x00007f9b8c080000
[0x00007f9b8c00e930] Heap_lock - owner thread: 0x00007f9b8c566000

Heap:
 PSYoungGen      total 36864K, used 5114K [0x00000000d6e00000, 0x00000000d9700000, 0x0000000100000000)
  eden space 31744K, 0% used [0x00000000d6e00000,0x00000000d6e00000,0x00000000d8d00000)
  from space 5120K, 99% used [0x00000000d8d00000,0x00000000d91fe960,0x00000000d9200000)
  to   space 5120K, 0% used [0x00000000d9200000,0x00000000d9200000,0x00000000d9700000)
 ParOldGen       total 84992K, used 202K [0x0000000084a00000, 0x0000000089d00000, 0x00000000d6e00000)
  object space 84992K, 0% used [0x0000000084a00000,0x0000000084a329a0,0x0000000089d00000)
 Metaspace       used 12348K, capacity 12664K, committed 12928K, reserved 1060864K
  class space    used 1525K, capacity 1640K, committed 1664K, reserved 1048576K

Card table byte_map: [0x00007f9b7c648000,0x00007f9b7ca24000] byte_map_base: 0x00007f9b7c223000

Marking Bits: (ParMarkBitMap*) 0x00007f9b929ca280
 Begin Bits: [0x00007f9b78303000, 0x00007f9b7a1db000)
 End Bits:   [0x00007f9b7a1db000, 0x00007f9b7c0b3000)

Polling page: 0x00007f9b9361c000

CodeCache: size=245760Kb used=2595Kb max_used=2595Kb free=243164Kb
 bounds [0x00007f9b7cde4000, 0x00007f9b7d074000, 0x00007f9b8bde4000]
 total_blobs=1322 nmethods=966 adapters=277
 compilation: enabled

Compilation events (10 events):
Event: 760,417 Thread 0x00007f9b8c0d7000  975       1       sun.net.www.ParseUtil::canonizeString (195 bytes)
Event: 760,418 Thread 0x00007f9b8c0d7000 nmethod 975 0x00007f9b7d068750 code [0x00007f9b7d068a00, 0x00007f9b7d069408]
Event: 760,422 Thread 0x00007f9b8c0d7000  976       1       org.springframework.core.ResolvableType::forClass (9 bytes)
Event: 760,422 Thread 0x00007f9b8c0d7000 nmethod 976 0x00007f9b7d069f50 code [0x00007f9b7d06a0c0, 0x00007f9b7d06a248]
Event: 760,422 Thread 0x00007f9b8c0d7000  977       1       org.springframework.core.ResolvableType::<init> (47 bytes)
Event: 760,422 Thread 0x00007f9b8c0d7000 nmethod 977 0x00007f9b7d06a2d0 code [0x00007f9b7d06a420, 0x00007f9b7d06a5b0]
Event: 760,433 Thread 0x00007f9b8c0d7000  978   !   1       java.lang.StringCoding$StringDecoder::decode (179 bytes)
Event: 760,434 Thread 0x00007f9b8c0d7000 nmethod 978 0x00007f9b7d06a610 code [0x00007f9b7d06a880, 0x00007f9b7d06b418]
Event: 763,579 Thread 0x00007f9b8c0d7000  979       1       java.util.HashMap::<init> (98 bytes)
Event: 763,582 Thread 0x00007f9b8c0d7000 nmethod 979 0x00007f9b7d06c190 code [0x00007f9b7d06c3a0, 0x00007f9b7d06cad8]

GC Heap History (1 events):
Event: 763,703 GC heap before
{Heap before GC invocations=1 (full 0):
 PSYoungGen      total 36864K, used 31744K [0x00000000d6e00000, 0x00000000d9700000, 0x0000000100000000)
  eden space 31744K, 100% used [0x00000000d6e00000,0x00000000d8d00000,0x00000000d8d00000)
  from space 5120K, 0% used [0x00000000d9200000,0x00000000d9200000,0x00000000d9700000)
  to   space 5120K, 0% used [0x00000000d8d00000,0x00000000d8d00000,0x00000000d9200000)
 ParOldGen       total 84992K, used 0K [0x0000000084a00000, 0x0000000089d00000, 0x00000000d6e00000)
  object space 84992K, 0% used [0x0000000084a00000,0x0000000084a00000,0x0000000089d00000)
 Metaspace       used 12348K, capacity 12664K, committed 12928K, reserved 1060864K
  class space    used 1525K, capacity 1640K, committed 1664K, reserved 1048576K

Deoptimization events (0 events):
No events

Classes redefined (0 events):
No events

Internal exceptions (10 events):
Event: 759,420 Thread 0x00007f9b8c566000 Exception <a 'java/lang/ArrayIndexOutOfBoundsException'> (0x00000000d8afe078) thrown at [/HUDSON/workspace/8-2-build-linux-amd64/jdk8u171/10807/hotspot/src/share/vm/runtime/sharedRuntime.cpp, line 605]
Event: 759,437 Thread 0x00007f9b8c566000 Exception <a 'java/lang/ArrayIndexOutOfBoundsException'> (0x00000000d8b09d20) thrown at [/HUDSON/workspace/8-2-build-linux-amd64/jdk8u171/10807/hotspot/src/share/vm/runtime/sharedRuntime.cpp, line 605]
Event: 759,444 Thread 0x00007f9b8c012000 Exception <a 'java/lang/ArrayIndexOutOfBoundsException'> (0x00000000d8a73c00) thrown at [/HUDSON/workspace/8-2-build-linux-amd64/jdk8u171/10807/hotspot/src/share/vm/runtime/sharedRuntime.cpp, line 605]
Event: 759,447 Thread 0x00007f9b8c012000 Exception <a 'java/lang/ArrayIndexOutOfBoundsException'> (0x00000000d8a7fe58) thrown at [/HUDSON/workspace/8-2-build-linux-amd64/jdk8u171/10807/hotspot/src/share/vm/runtime/sharedRuntime.cpp, line 605]
Event: 759,623 Thread 0x00007f9b8c012000 Exception <a 'java/lang/ArrayIndexOutOfBoundsException'> (0x00000000d8a91ec0) thrown at [/HUDSON/workspace/8-2-build-linux-amd64/jdk8u171/10807/hotspot/src/share/vm/runtime/sharedRuntime.cpp, line 605]
Event: 759,881 Thread 0x00007f9b8c566000 Exception <a 'java/lang/ArrayIndexOutOfBoundsException'> (0x00000000d8b19c30) thrown at [/HUDSON/workspace/8-2-build-linux-amd64/jdk8u171/10807/hotspot/src/share/vm/runtime/sharedRuntime.cpp, line 605]
Event: 759,883 Thread 0x00007f9b8c012000 Exception <a 'java/lang/ArrayIndexOutOfBoundsException'> (0x00000000d8b4e720) thrown at [/HUDSON/workspace/8-2-build-linux-amd64/jdk8u171/10807/hotspot/src/share/vm/runtime/sharedRuntime.cpp, line 605]
Event: 759,944 Thread 0x00007f9b8c012000 Exception <a 'java/lang/ArrayIndexOutOfBoundsException'> (0x00000000d8b55510) thrown at [/HUDSON/workspace/8-2-build-linux-amd64/jdk8u171/10807/hotspot/src/share/vm/runtime/sharedRuntime.cpp, line 605]
Event: 759,950 Thread 0x00007f9b8c012000 Exception <a 'java/lang/ArrayIndexOutOfBoundsException'> (0x00000000d8b5c3e8) thrown at [/HUDSON/workspace/8-2-build-linux-amd64/jdk8u171/10807/hotspot/src/share/vm/runtime/sharedRuntime.cpp, line 605]
Event: 760,417 Thread 0x00007f9b8c012000 Exception <a 'java/lang/ArrayIndexOutOfBoundsException'> (0x00000000d8b94be8) thrown at [/HUDSON/workspace/8-2-build-linux-amd64/jdk8u171/10807/hotspot/src/share/vm/runtime/sharedRuntime.cpp, line 605]

Events (10 events):
Event: 763,675 Thread 0x00007f9b8c012000 DEOPT UNPACKING pc=0x00007f9b7ce2b784 sp=0x00007f9b935f4090 mode 1
Event: 763,675 Thread 0x00007f9b8c012000 DEOPT PACKING pc=0x00007f9b7cfac0b4 sp=0x00007f9b935f43a0
Event: 763,675 Thread 0x00007f9b8c012000 DEOPT UNPACKING pc=0x00007f9b7ce2b784 sp=0x00007f9b935f41e0 mode 1
Event: 763,675 Thread 0x00007f9b8c012000 DEOPT PACKING pc=0x00007f9b7cfabffc sp=0x00007f9b935f4530
Event: 763,675 Thread 0x00007f9b8c012000 DEOPT UNPACKING pc=0x00007f9b7ce2b784 sp=0x00007f9b935f4370 mode 1
Event: 763,680 Thread 0x00007f9b8c566000 DEOPT PACKING pc=0x00007f9b7cfac0b4 sp=0x00007f9b749b9e90
Event: 763,680 Thread 0x00007f9b8c566000 DEOPT UNPACKING pc=0x00007f9b7ce2b784 sp=0x00007f9b749b9cd0 mode 1
Event: 763,680 Thread 0x00007f9b8c566000 DEOPT PACKING pc=0x00007f9b7cfabffc sp=0x00007f9b749ba020
Event: 763,680 Thread 0x00007f9b8c566000 DEOPT UNPACKING pc=0x00007f9b7ce2b784 sp=0x00007f9b749b9e60 mode 1
Event: 763,689 Executing VM operation: ParallelGCFailedAllocation


Dynamic libraries:
00400000-00401000 r-xp 00000000 08:02 9965768                            /usr/lib/jvm/java-8-oracle/bin/java
00600000-00601000 rw-p 00000000 08:02 9965768                            /usr/lib/jvm/java-8-oracle/bin/java
01fdd000-01ffe000 rw-p 00000000 00:00 0                                  [heap]
84a00000-89d00000 rw-p 00000000 00:00 0 
89d00000-d6e00000 ---p 00000000 00:00 0 
d6e00000-d9700000 rw-p 00000000 00:00 0 
db600000-100000000 ---p 00000000 00:00 0 
100000000-1001a0000 rw-p 00000000 00:00 0 
1001a0000-140000000 ---p 00000000 00:00 0 
7f9b20000000-7f9b20021000 rw-p 00000000 00:00 0 
7f9b20021000-7f9b24000000 ---p 00000000 00:00 0 
7f9b24000000-7f9b240a4000 rw-p 00000000 00:00 0 
7f9b240a4000-7f9b28000000 ---p 00000000 00:00 0 
7f9b28000000-7f9b28021000 rw-p 00000000 00:00 0 
7f9b28021000-7f9b2c000000 ---p 00000000 00:00 0 
7f9b2c000000-7f9b2c021000 rw-p 00000000 00:00 0 
7f9b2c021000-7f9b30000000 ---p 00000000 00:00 0 
7f9b30000000-7f9b30021000 rw-p 00000000 00:00 0 
7f9b30021000-7f9b34000000 ---p 00000000 00:00 0 
7f9b34fff000-7f9b38000000 rw-p 00000000 00:00 0 
7f9b38000000-7f9b3829b000 rw-p 00000000 00:00 0 
7f9b3829b000-7f9b3c000000 ---p 00000000 00:00 0 
7f9b3c000000-7f9b3c021000 rw-p 00000000 00:00 0 
7f9b3c021000-7f9b40000000 ---p 00000000 00:00 0 
7f9b40000000-7f9b4004e000 rw-p 00000000 00:00 0 
7f9b4004e000-7f9b44000000 ---p 00000000 00:00 0 
7f9b44000000-7f9b44021000 rw-p 00000000 00:00 0 
7f9b44021000-7f9b48000000 ---p 00000000 00:00 0 
7f9b48000000-7f9b48021000 rw-p 00000000 00:00 0 
7f9b48021000-7f9b4c000000 ---p 00000000 00:00 0 
7f9b4c000000-7f9b4c021000 rw-p 00000000 00:00 0 
7f9b4c021000-7f9b50000000 ---p 00000000 00:00 0 
7f9b50000000-7f9b50021000 rw-p 00000000 00:00 0 
7f9b50021000-7f9b54000000 ---p 00000000 00:00 0 
7f9b54000000-7f9b54021000 rw-p 00000000 00:00 0 
7f9b54021000-7f9b58000000 ---p 00000000 00:00 0 
7f9b58000000-7f9b58021000 rw-p 00000000 00:00 0 
7f9b58021000-7f9b5c000000 ---p 00000000 00:00 0 
7f9b5c000000-7f9b5c021000 rw-p 00000000 00:00 0 
7f9b5c021000-7f9b60000000 ---p 00000000 00:00 0 
7f9b60000000-7f9b60021000 rw-p 00000000 00:00 0 
7f9b60021000-7f9b64000000 ---p 00000000 00:00 0 
7f9b64000000-7f9b642b9000 rw-p 00000000 00:00 0 
7f9b642b9000-7f9b68000000 ---p 00000000 00:00 0 
7f9b68000000-7f9b68021000 rw-p 00000000 00:00 0 
7f9b68021000-7f9b6c000000 ---p 00000000 00:00 0 
7f9b6c000000-7f9b6c021000 rw-p 00000000 00:00 0 
7f9b6c021000-7f9b70000000 ---p 00000000 00:00 0 
7f9b70000000-7f9b70021000 rw-p 00000000 00:00 0 
7f9b70021000-7f9b74000000 ---p 00000000 00:00 0 
7f9b746bd000-7f9b747bd000 rw-p 00000000 00:00 0 
7f9b747bd000-7f9b748bd000 ---p 00000000 00:00 0 
7f9b748bd000-7f9b748c0000 ---p 00000000 00:00 0 
7f9b748c0000-7f9b74bbe000 rw-p 00000000 00:00 0 
7f9b74bbe000-7f9b74bbf000 ---p 00000000 00:00 0 
7f9b74bbf000-7f9b74cbf000 rw-p 00000000 00:00 0 
7f9b74cbf000-7f9b74cc2000 ---p 00000000 00:00 0 
7f9b74cc2000-7f9b74dc0000 rw-p 00000000 00:00 0 
7f9b74dc0000-7f9b74dc3000 ---p 00000000 00:00 0 
7f9b74dc3000-7f9b74ec1000 rw-p 00000000 00:00 0 
7f9b74ec1000-7f9b74ec4000 ---p 00000000 00:00 0 
7f9b74ec4000-7f9b74fc2000 rw-p 00000000 00:00 0 
7f9b74fc2000-7f9b74fc7000 r--s 0009d000 08:02 9968813                    /usr/lib/jvm/java-8-oracle/jre/lib/jsse.jar
7f9b74fc7000-7f9b74fd1000 r--s 000eb000 08:02 3018857                    /home/condiom/.m2/repository/mysql/mysql-connector-java/5.1.45/mysql-connector-java-5.1.45.jar
7f9b74fd1000-7f9b74fd4000 r--s 00008000 08:02 3018784                    /home/condiom/.m2/repository/org/springframework/spring-aspects/5.0.4.RELEASE/spring-aspects-5.0.4.RELEASE.jar
7f9b74fd4000-7f9b74fdb000 r--s 00036000 08:02 3018710                    /home/condiom/.m2/repository/org/springframework/spring-tx/5.0.4.RELEASE/spring-tx-5.0.4.RELEASE.jar
7f9b74fdb000-7f9b74fdf000 r--s 0002a000 08:02 3018708                    /home/condiom/.m2/repository/org/springframework/spring-orm/5.0.4.RELEASE/spring-orm-5.0.4.RELEASE.jar
7f9b74fdf000-7f9b74ff6000 r--s 000ed000 08:02 3018706                    /home/condiom/.m2/repository/org/springframework/data/spring-data-commons/2.0.5.RELEASE/spring-data-commons-2.0.5.RELEASE.jar
7f9b74ff6000-7f9b74ffd000 r--s 00049000 08:02 3018704                    /home/condiom/.m2/repository/org/springframework/data/spring-data-jpa/2.0.5.RELEASE/spring-data-jpa-2.0.5.RELEASE.jar
7f9b74ffd000-7f9b74fff000 r--s 00006000 08:02 3018855                    /home/condiom/.m2/repository/javax/transaction/javax.transaction-api/1.2/javax.transaction-api-1.2.jar
7f9b74fff000-7f9b75008000 r--s 00057000 08:02 3018702                    /home/condiom/.m2/repository/org/springframework/spring-jdbc/5.0.4.RELEASE/spring-jdbc-5.0.4.RELEASE.jar
7f9b75008000-7f9b7500b000 r--s 00020000 08:02 3018819                    /home/condiom/.m2/repository/com/zaxxer/HikariCP/2.7.8/HikariCP-2.7.8.jar
7f9b7500b000-7f9b7500c000 r--s 00000000 08:02 3018700                    /home/condiom/.m2/repository/org/springframework/boot/spring-boot-starter-jdbc/2.0.0.RELEASE/spring-boot-starter-jdbc-2.0.0.RELEASE.jar
7f9b7500c000-7f9b75025000 r--s 001bf000 08:02 3018817                    /home/condiom/.m2/repository/org/aspectj/aspectjweaver/1.8.13/aspectjweaver-1.8.13.jar
7f9b75025000-7f9b75026000 r--s 00000000 08:02 3018698                    /home/condiom/.m2/repository/org/springframework/boot/spring-boot-starter-aop/2.0.0.RELEASE/spring-boot-starter-aop-2.0.0.RELEASE.jar
7f9b75026000-7f9b75027000 r--s 00000000 08:02 3018672                    /home/condiom/.m2/repository/org/springframework/boot/spring-boot-starter-data-jpa/2.0.0.RELEASE/spring-boot-starter-data-jpa-2.0.0.RELEASE.jar
7f9b75027000-7f9b7502c000 r--s 0003c000 08:02 2884015                    /home/condiom/.m2/repository/org/springframework/spring-expression/5.0.4.RELEASE/spring-expression-5.0.4.RELEASE.jar
7f9b7502c000-7f9b75046000 r--s 000ee000 08:02 2884005                    /home/condiom/.m2/repository/org/springframework/spring-context/5.0.4.RELEASE/spring-context-5.0.4.RELEASE.jar
7f9b75046000-7f9b7504f000 r--s 0004f000 08:02 2884007                    /home/condiom/.m2/repository/org/springframework/spring-aop/5.0.4.RELEASE/spring-aop-5.0.4.RELEASE.jar
7f9b7504f000-7f9b7505e000 r--s 000b0000 08:02 3018670                    /home/condiom/.m2/repository/org/springframework/spring-webmvc/5.0.4.RELEASE/spring-webmvc-5.0.4.RELEASE.jar
7f9b7505e000-7f9b7506a000 r--s 00094000 08:02 2884009                    /home/condiom/.m2/repository/org/springframework/spring-beans/5.0.4.RELEASE/spring-beans-5.0.4.RELEASE.jar
7f9b7506a000-7f9b75084000 r--s 00116000 08:02 3018668                    /home/condiom/.m2/repository/org/springframework/spring-web/5.0.4.RELEASE/spring-web-5.0.4.RELEASE.jar
7f9b75084000-7f9b75089000 r--s 00012000 08:02 3018754                    /home/condiom/.m2/repository/javax/validation/validation-api/2.0.1.Final/validation-api-2.0.1.Final.jar
7f9b75089000-7f9b750a5000 r--s 000f5000 08:02 3018843                    /home/condiom/.m2/repository/org/hibernate/validator/hibernate-validator/6.0.7.Final/hibernate-validator-6.0.7.Final.jar
7f9b750a5000-7f9b750aa000 r--s 0003a000 08:02 13896658                   /home/condiom/.m2/repository/org/apache/tomcat/embed/tomcat-embed-websocket/8.5.28/tomcat-embed-websocket-8.5.28.jar
7f9b750aa000-7f9b750ae000 r--s 00037000 08:02 13633561                   /home/condiom/.m2/repository/org/apache/tomcat/embed/tomcat-embed-el/8.5.28/tomcat-embed-el-8.5.28.jar
7f9b750ae000-7f9b750d8000 r--s 002ce000 08:02 13375657                   /home/condiom/.m2/repository/org/apache/tomcat/embed/tomcat-embed-core/8.5.28/tomcat-embed-core-8.5.28.jar
7f9b750d8000-7f9b750d9000 r--s 00000000 08:02 2887722                    /home/condiom/.m2/repository/org/springframework/boot/spring-boot-starter-tomcat/2.0.0.RELEASE/spring-boot-starter-tomcat-2.0.0.RELEASE.jar
7f9b750d9000-7f9b750db000 r--s 00001000 08:02 2757117                    /home/condiom/.m2/repository/com/fasterxml/jackson/module/jackson-module-parameter-names/2.9.4/jackson-module-parameter-names-2.9.4.jar
7f9b750db000-7f9b750dd000 r--s 00016000 08:02 2625973                    /home/condiom/.m2/repository/com/fasterxml/jackson/datatype/jackson-datatype-jsr310/2.9.4/jackson-datatype-jsr310-2.9.4.jar
7f9b750dd000-7f9b750df000 r--s 00007000 08:02 2230338                    /home/condiom/.m2/repository/com/fasterxml/jackson/datatype/jackson-datatype-jdk8/2.9.4/jackson-datatype-jdk8-2.9.4.jar
7f9b750df000-7f9b750e3000 r--s 0004b000 08:02 2230336                    /home/condiom/.m2/repository/com/fasterxml/jackson/core/jackson-core/2.9.4/jackson-core-2.9.4.jar
7f9b750e3000-7f9b750e6000 r--s 0000e000 08:02 2230342                    /home/condiom/.m2/repository/com/fasterxml/jackson/core/jackson-annotations/2.9.0/jackson-annotations-2.9.0.jar
7f9b750e6000-7f9b750f9000 r--s 00136000 08:02 14815840                   /home/condiom/.m2/repository/com/fasterxml/jackson/core/jackson-databind/2.9.4/jackson-databind-2.9.4.jar
7f9b750f9000-7f9b750fa000 r--s 00000000 08:02 2757112                    /home/condiom/.m2/repository/org/springframework/boot/spring-boot-starter-json/2.0.0.RELEASE/spring-boot-starter-json-2.0.0.RELEASE.jar
7f9b750fa000-7f9b750fb000 r--s 00000000 08:02 2625968                    /home/condiom/.m2/repository/org/springframework/boot/spring-boot-starter-web/2.0.0.RELEASE/spring-boot-starter-web-2.0.0.RELEASE.jar
7f9b750fb000-7f9b750fc000 r--s 00003000 08:02 2884013                    /home/condiom/.m2/repository/org/springframework/spring-jcl/5.0.4.RELEASE/spring-jcl-5.0.4.RELEASE.jar
7f9b750fc000-7f9b75113000 r--s 00112000 08:02 2884011                    /home/condiom/.m2/repository/org/springframework/spring-core/5.0.4.RELEASE/spring-core-5.0.4.RELEASE.jar
7f9b75113000-7f9b75116000 r--s 00010000 08:02 3018853                    /home/condiom/.m2/repository/org/hibernate/common/hibernate-commons-annotations/5.0.1.Final/hibernate-commons-annotations-5.0.1.Final.jar
7f9b75116000-7f9b7511b000 r--s 00048000 08:02 3018851                    /home/condiom/.m2/repository/dom4j/dom4j/1.6.1/dom4j-1.6.1.jar
7f9b7511b000-7f9b7511d000 r--s 0000e000 08:02 3018815                    /home/condiom/.m2/repository/com/fasterxml/classmate/1.3.4/classmate-1.3.4.jar
7f9b7511d000-7f9b75120000 r--s 0002b000 08:02 3018849                    /home/condiom/.m2/repository/org/jboss/jandex/2.0.3.Final/jandex-2.0.3.Final.jar
7f9b75120000-7f9b75121000 r--s 00006000 08:02 4457944                    /home/condiom/.m2/repository/org/jboss/spec/javax/transaction/jboss-transaction-api_1.2_spec/1.0.1.Final/jboss-transaction-api_1.2_spec-1.0.1.Final.jar
7f9b75121000-7f9b75126000 r--s 00068000 08:02 3018816                    /home/condiom/.m2/repository/antlr/antlr/2.7.7/antlr-2.7.7.jar
7f9b75126000-7f9b75130000 r--s 000ab000 08:02 3018813                    /home/condiom/.m2/repository/org/javassist/javassist/3.22.0-GA/javassist-3.22.0-GA.jar
7f9b75130000-7f9b75135000 r--s 00017000 08:02 3018786                    /home/condiom/.m2/repository/org/hibernate/javax/persistence/hibernate-jpa-2.1-api/1.0.0.Final/hibernate-jpa-2.1-api-1.0.0.Final.jar
7f9b75135000-7f9b75137000 r--s 0000f000 08:02 3018814                    /home/condiom/.m2/repository/org/jboss/logging/jboss-logging/3.3.2.Final/jboss-logging-3.3.2.Final.jar
7f9b75137000-7f9b751b5000 r--s 005ec000 08:02 3018839                    /home/condiom/.m2/repository/org/hibernate/hibernate-core/5.2.14.Final/hibernate-core-5.2.14.Final.jar
7f9b751b5000-7f9b751b6000 r--s 00009000 08:02 12980893                   /home/condiom/.m2/repository/org/thymeleaf/extras/thymeleaf-extras-java8time/3.0.1.RELEASE/thymeleaf-extras-java8time-3.0.1.RELEASE.jar
7f9b751b6000-7f9b751b9000 r--s 00026000 08:02 12980891                   /home/condiom/.m2/repository/org/unbescape/unbescape/1.1.5.RELEASE/unbescape-1.1.5.RELEASE.jar
7f9b751b9000-7f9b751c9000 r--s 000c5000 08:02 12980887                   /home/condiom/.m2/repository/org/thymeleaf/thymeleaf/3.0.9.RELEASE/thymeleaf-3.0.9.RELEASE.jar
7f9b751c9000-7f9b751d0000 r--s 00042000 08:02 14815838                   /home/condiom/.m2/repository/org/yaml/snakeyaml/1.19/snakeyaml-1.19.jar
7f9b751d0000-7f9b751f0000 r--s 000f8000 08:02 2757108                    /home/condiom/.m2/repository/org/springframework/boot/spring-boot-autoconfigure/2.0.0.RELEASE/spring-boot-autoconfigure-2.0.0.RELEASE.jar
7f9b751f0000-7f9b75205000 r--s 000cd000 08:02 2757106                    /home/condiom/.m2/repository/org/springframework/boot/spring-boot/2.0.0.RELEASE/spring-boot-2.0.0.RELEASE.jar
7f9b75205000-7f9b75216000 r-xp 00000000 08:02 9969411                    /usr/lib/jvm/java-8-oracle/jre/lib/amd64/libnio.so
7f9b75216000-7f9b75415000 ---p 00011000 08:02 9969411                    /usr/lib/jvm/java-8-oracle/jre/lib/amd64/libnio.so
7f9b75415000-7f9b75416000 rw-p 00010000 08:02 9969411                    /usr/lib/jvm/java-8-oracle/jre/lib/amd64/libnio.so
7f9b75416000-7f9b7542c000 r-xp 00000000 08:02 9969408                    /usr/lib/jvm/java-8-oracle/jre/lib/amd64/libnet.so
7f9b7542c000-7f9b7562c000 ---p 00016000 08:02 9969408                    /usr/lib/jvm/java-8-oracle/jre/lib/amd64/libnet.so
7f9b7562c000-7f9b7562d000 rw-p 00016000 08:02 9969408                    /usr/lib/jvm/java-8-oracle/jre/lib/amd64/libnet.so
7f9b7562d000-7f9b75636000 r-xp 00000000 08:02 9969416                    /usr/lib/jvm/java-8-oracle/jre/lib/amd64/libmanagement.so
7f9b75636000-7f9b75835000 ---p 00009000 08:02 9969416                    /usr/lib/jvm/java-8-oracle/jre/lib/amd64/libmanagement.so
7f9b75835000-7f9b75836000 rw-p 00008000 08:02 9969416                    /usr/lib/jvm/java-8-oracle/jre/lib/amd64/libmanagement.so
7f9b75836000-7f9b75839000 ---p 00000000 00:00 0 
7f9b75839000-7f9b75937000 rw-p 00000000 00:00 0 
7f9b75937000-7f9b7593a000 ---p 00000000 00:00 0 
7f9b7593a000-7f9b75a38000 rw-p 00000000 00:00 0 
7f9b75a38000-7f9b75a3b000 ---p 00000000 00:00 0 
7f9b75a3b000-7f9b75b39000 rw-p 00000000 00:00 0 
7f9b75b39000-7f9b75b3c000 ---p 00000000 00:00 0 
7f9b75b3c000-7f9b75c3a000 rw-p 00000000 00:00 0 
7f9b75c3a000-7f9b75c3d000 ---p 00000000 00:00 0 
7f9b75c3d000-7f9b75d3b000 rw-p 00000000 00:00 0 
7f9b75d3b000-7f9b75d3e000 ---p 00000000 00:00 0 
7f9b75d3e000-7f9b75e3c000 rw-p 00000000 00:00 0 
7f9b75e3c000-7f9b75e3f000 ---p 00000000 00:00 0 
7f9b75e3f000-7f9b75f3d000 rw-p 00000000 00:00 0 
7f9b75f3d000-7f9b75f41000 r-xp 00000000 08:02 9969371                    /usr/lib/jvm/java-8-oracle/jre/lib/amd64/libdt_socket.so
7f9b75f41000-7f9b76140000 ---p 00004000 08:02 9969371                    /usr/lib/jvm/java-8-oracle/jre/lib/amd64/libdt_socket.so
7f9b76140000-7f9b76141000 rw-p 00003000 08:02 9969371                    /usr/lib/jvm/java-8-oracle/jre/lib/amd64/libdt_socket.so
7f9b76141000-7f9b76144000 ---p 00000000 00:00 0 
7f9b76144000-7f9b76242000 rw-p 00000000 00:00 0 
7f9b76242000-7f9b76245000 ---p 00000000 00:00 0 
7f9b76245000-7f9b76343000 rw-p 00000000 00:00 0 
7f9b76343000-7f9b76346000 ---p 00000000 00:00 0 
7f9b76346000-7f9b76444000 rw-p 00000000 00:00 0 
7f9b76444000-7f9b76445000 ---p 00000000 00:00 0 
7f9b76445000-7f9b774d8000 rw-p 00000000 00:00 0 
7f9b774d8000-7f9b776b2000 r--s 03d68000 08:02 9968756                    /usr/lib/jvm/java-8-oracle/jre/lib/rt.jar
7f9b776b2000-7f9b7c0b3000 rw-p 00000000 00:00 0 
7f9b7c0b3000-7f9b7c0b4000 ---p 00000000 00:00 0 
7f9b7c0b4000-7f9b7c1b4000 rw-p 00000000 00:00 0 
7f9b7c1b4000-7f9b7c1b5000 ---p 00000000 00:00 0 
7f9b7c1b5000-7f9b7c2b5000 rw-p 00000000 00:00 0 
7f9b7c2b5000-7f9b7c2b6000 ---p 00000000 00:00 0 
7f9b7c2b6000-7f9b7c3e0000 rw-p 00000000 00:00 0 
7f9b7c3e0000-7f9b7c648000 ---p 00000000 00:00 0 
7f9b7c648000-7f9b7c672000 rw-p 00000000 00:00 0 
7f9b7c672000-7f9b7c8da000 ---p 00000000 00:00 0 
7f9b7c8da000-7f9b7c8ef000 rw-p 00000000 00:00 0 
7f9b7c8ef000-7f9b7ca23000 ---p 00000000 00:00 0 
7f9b7ca23000-7f9b7ca2f000 rw-p 00000000 00:00 0 
7f9b7ca2f000-7f9b7cde4000 ---p 00000000 00:00 0 
7f9b7cde4000-7f9b7d074000 rwxp 00000000 00:00 0 
7f9b7d074000-7f9b8bde4000 ---p 00000000 00:00 0 
7f9b8bde4000-7f9b8bdff000 r-xp 00000000 08:02 9969404                    /usr/lib/jvm/java-8-oracle/jre/lib/amd64/libzip.so
7f9b8bdff000-7f9b8bfff000 ---p 0001b000 08:02 9969404                    /usr/lib/jvm/java-8-oracle/jre/lib/amd64/libzip.so
7f9b8bfff000-7f9b8c000000 rw-p 0001b000 08:02 9969404                    /usr/lib/jvm/java-8-oracle/jre/lib/amd64/libzip.so
7f9b8c000000-7f9b8c6da000 rw-p 00000000 00:00 0 
7f9b8c6da000-7f9b90000000 ---p 00000000 00:00 0 
7f9b90000000-7f9b90002000 r--s 00009000 08:02 14815846                   /home/condiom/.m2/repository/org/slf4j/slf4j-api/1.7.25/slf4j-api-1.7.25.jar
7f9b90002000-7f9b90006000 r--s 00035000 08:02 12980889                   /home/condiom/.m2/repository/org/attoparser/attoparser/2.0.4.RELEASE/attoparser-2.0.4.RELEASE.jar
7f9b90006000-7f9b90055000 rw-p 00000000 00:00 0 
7f9b90055000-7f9b90056000 ---p 00000000 00:00 0 
7f9b90056000-7f9b90156000 rw-p 00000000 00:00 0 
7f9b90156000-7f9b90161000 r-xp 00000000 08:02 8126560                    /lib/x86_64-linux-gnu/libnss_files-2.23.so
7f9b90161000-7f9b90360000 ---p 0000b000 08:02 8126560                    /lib/x86_64-linux-gnu/libnss_files-2.23.so
7f9b90360000-7f9b90361000 r--p 0000a000 08:02 8126560                    /lib/x86_64-linux-gnu/libnss_files-2.23.so
7f9b90361000-7f9b90362000 rw-p 0000b000 08:02 8126560                    /lib/x86_64-linux-gnu/libnss_files-2.23.so
7f9b90362000-7f9b90368000 rw-p 00000000 00:00 0 
7f9b90368000-7f9b90373000 r-xp 00000000 08:02 8130961                    /lib/x86_64-linux-gnu/libnss_nis-2.23.so
7f9b90373000-7f9b90572000 ---p 0000b000 08:02 8130961                    /lib/x86_64-linux-gnu/libnss_nis-2.23.so
7f9b90572000-7f9b90573000 r--p 0000a000 08:02 8130961                    /lib/x86_64-linux-gnu/libnss_nis-2.23.so
7f9b90573000-7f9b90574000 rw-p 0000b000 08:02 8130961                    /lib/x86_64-linux-gnu/libnss_nis-2.23.so
7f9b90574000-7f9b9058a000 r-xp 00000000 08:02 8126478                    /lib/x86_64-linux-gnu/libnsl-2.23.so
7f9b9058a000-7f9b90789000 ---p 00016000 08:02 8126478                    /lib/x86_64-linux-gnu/libnsl-2.23.so
7f9b90789000-7f9b9078a000 r--p 00015000 08:02 8126478                    /lib/x86_64-linux-gnu/libnsl-2.23.so
7f9b9078a000-7f9b9078b000 rw-p 00016000 08:02 8126478                    /lib/x86_64-linux-gnu/libnsl-2.23.so
7f9b9078b000-7f9b9078d000 rw-p 00000000 00:00 0 
7f9b9078d000-7f9b90795000 r-xp 00000000 08:02 8126555                    /lib/x86_64-linux-gnu/libnss_compat-2.23.so
7f9b90795000-7f9b90994000 ---p 00008000 08:02 8126555                    /lib/x86_64-linux-gnu/libnss_compat-2.23.so
7f9b90994000-7f9b90995000 r--p 00007000 08:02 8126555                    /lib/x86_64-linux-gnu/libnss_compat-2.23.so
7f9b90995000-7f9b90996000 rw-p 00008000 08:02 8126555                    /lib/x86_64-linux-gnu/libnss_compat-2.23.so
7f9b90996000-7f9b90c70000 r--p 00000000 08:02 9700822                    /usr/lib/locale/locale-archive
7f9b90c70000-7f9b90c72000 r-xp 00000000 08:02 9969373                    /usr/lib/jvm/java-8-oracle/jre/lib/amd64/libnpt.so
7f9b90c72000-7f9b90e72000 ---p 00002000 08:02 9969373                    /usr/lib/jvm/java-8-oracle/jre/lib/amd64/libnpt.so
7f9b90e72000-7f9b90e73000 rw-p 00002000 08:02 9969373                    /usr/lib/jvm/java-8-oracle/jre/lib/amd64/libnpt.so
7f9b90e73000-7f9b90ead000 r-xp 00000000 08:02 9969391                    /usr/lib/jvm/java-8-oracle/jre/lib/amd64/libjdwp.so
7f9b90ead000-7f9b910ac000 ---p 0003a000 08:02 9969391                    /usr/lib/jvm/java-8-oracle/jre/lib/amd64/libjdwp.so
7f9b910ac000-7f9b910ad000 rw-p 00039000 08:02 9969391                    /usr/lib/jvm/java-8-oracle/jre/lib/amd64/libjdwp.so
7f9b910ad000-7f9b910ae000 rw-p 00000000 00:00 0 
7f9b910ae000-7f9b910d9000 r-xp 00000000 08:02 9969398                    /usr/lib/jvm/java-8-oracle/jre/lib/amd64/libjava.so
7f9b910d9000-7f9b912d8000 ---p 0002b000 08:02 9969398                    /usr/lib/jvm/java-8-oracle/jre/lib/amd64/libjava.so
7f9b912d8000-7f9b912da000 rw-p 0002a000 08:02 9969398                    /usr/lib/jvm/java-8-oracle/jre/lib/amd64/libjava.so
7f9b912da000-7f9b912e7000 r-xp 00000000 08:02 9969403                    /usr/lib/jvm/java-8-oracle/jre/lib/amd64/libverify.so
7f9b912e7000-7f9b914e7000 ---p 0000d000 08:02 9969403                    /usr/lib/jvm/java-8-oracle/jre/lib/amd64/libverify.so
7f9b914e7000-7f9b914e9000 rw-p 0000d000 08:02 9969403                    /usr/lib/jvm/java-8-oracle/jre/lib/amd64/libverify.so
7f9b914e9000-7f9b914f0000 r-xp 00000000 08:02 8130962                    /lib/x86_64-linux-gnu/librt-2.23.so
7f9b914f0000-7f9b916ef000 ---p 00007000 08:02 8130962                    /lib/x86_64-linux-gnu/librt-2.23.so
7f9b916ef000-7f9b916f0000 r--p 00006000 08:02 8130962                    /lib/x86_64-linux-gnu/librt-2.23.so
7f9b916f0000-7f9b916f1000 rw-p 00007000 08:02 8130962                    /lib/x86_64-linux-gnu/librt-2.23.so
7f9b916f1000-7f9b917f9000 r-xp 00000000 08:02 8126469                    /lib/x86_64-linux-gnu/libm-2.23.so
7f9b917f9000-7f9b919f8000 ---p 00108000 08:02 8126469                    /lib/x86_64-linux-gnu/libm-2.23.so
7f9b919f8000-7f9b919f9000 r--p 00107000 08:02 8126469                    /lib/x86_64-linux-gnu/libm-2.23.so
7f9b919f9000-7f9b919fa000 rw-p 00108000 08:02 8126469                    /lib/x86_64-linux-gnu/libm-2.23.so
7f9b919fa000-7f9b926d3000 r-xp 00000000 08:02 9969380                    /usr/lib/jvm/java-8-oracle/jre/lib/amd64/server/libjvm.so
7f9b926d3000-7f9b928d2000 ---p 00cd9000 08:02 9969380                    /usr/lib/jvm/java-8-oracle/jre/lib/amd64/server/libjvm.so
7f9b928d2000-7f9b929ac000 rw-p 00cd8000 08:02 9969380                    /usr/lib/jvm/java-8-oracle/jre/lib/amd64/server/libjvm.so
7f9b929ac000-7f9b929f7000 rw-p 00000000 00:00 0 
7f9b929f7000-7f9b92bb7000 r-xp 00000000 08:02 8126547                    /lib/x86_64-linux-gnu/libc-2.23.so
7f9b92bb7000-7f9b92db7000 ---p 001c0000 08:02 8126547                    /lib/x86_64-linux-gnu/libc-2.23.so
7f9b92db7000-7f9b92dbb000 r--p 001c0000 08:02 8126547                    /lib/x86_64-linux-gnu/libc-2.23.so
7f9b92dbb000-7f9b92dbd000 rw-p 001c4000 08:02 8126547                    /lib/x86_64-linux-gnu/libc-2.23.so
7f9b92dbd000-7f9b92dc1000 rw-p 00000000 00:00 0 
7f9b92dc1000-7f9b92dc4000 r-xp 00000000 08:02 8126549                    /lib/x86_64-linux-gnu/libdl-2.23.so
7f9b92dc4000-7f9b92fc3000 ---p 00003000 08:02 8126549                    /lib/x86_64-linux-gnu/libdl-2.23.so
7f9b92fc3000-7f9b92fc4000 r--p 00002000 08:02 8126549                    /lib/x86_64-linux-gnu/libdl-2.23.so
7f9b92fc4000-7f9b92fc5000 rw-p 00003000 08:02 8126549                    /lib/x86_64-linux-gnu/libdl-2.23.so
7f9b92fc5000-7f9b92fdb000 r-xp 00000000 08:02 9968582                    /usr/lib/jvm/java-8-oracle/lib/amd64/jli/libjli.so
7f9b92fdb000-7f9b931da000 ---p 00016000 08:02 9968582                    /usr/lib/jvm/java-8-oracle/lib/amd64/jli/libjli.so
7f9b931da000-7f9b931db000 rw-p 00015000 08:02 9968582                    /usr/lib/jvm/java-8-oracle/lib/amd64/jli/libjli.so
7f9b931db000-7f9b931f3000 r-xp 00000000 08:02 8126489                    /lib/x86_64-linux-gnu/libpthread-2.23.so
7f9b931f3000-7f9b933f2000 ---p 00018000 08:02 8126489                    /lib/x86_64-linux-gnu/libpthread-2.23.so
7f9b933f2000-7f9b933f3000 r--p 00017000 08:02 8126489                    /lib/x86_64-linux-gnu/libpthread-2.23.so
7f9b933f3000-7f9b933f4000 rw-p 00018000 08:02 8126489                    /lib/x86_64-linux-gnu/libpthread-2.23.so
7f9b933f4000-7f9b933f8000 rw-p 00000000 00:00 0 
7f9b933f8000-7f9b9341e000 r-xp 00000000 08:02 8126481                    /lib/x86_64-linux-gnu/ld-2.23.so
7f9b9341e000-7f9b93422000 r--s 00027000 08:02 12980885                   /home/condiom/.m2/repository/org/thymeleaf/thymeleaf-spring5/3.0.9.RELEASE/thymeleaf-spring5-3.0.9.RELEASE.jar
7f9b93422000-7f9b93424000 r--s 00005000 08:02 3018811                    /home/condiom/.m2/repository/javax/annotation/javax.annotation-api/1.3.2/javax.annotation-api-1.3.2.jar
7f9b93424000-7f9b93426000 r--s 00000000 08:02 14815844                   /home/condiom/.m2/repository/org/slf4j/jul-to-slf4j/1.7.25/jul-to-slf4j-1.7.25.jar
7f9b93426000-7f9b9342c000 r--s 00039000 08:02 14683630                   /home/condiom/.m2/repository/org/apache/logging/log4j/log4j-api/2.10.0/log4j-api-2.10.0.jar
7f9b9342c000-7f9b934f7000 rw-p 00000000 00:00 0 
7f9b934f7000-7f9b934fa000 ---p 00000000 00:00 0 
7f9b934fa000-7f9b935fd000 rw-p 00000000 00:00 0 
7f9b935fd000-7f9b935ff000 r--s 00003000 08:02 14683628                   /home/condiom/.m2/repository/org/apache/logging/log4j/log4j-to-slf4j/2.10.0/log4j-to-slf4j-2.10.0.jar
7f9b935ff000-7f9b9360a000 r--s 00069000 08:02 14683634                   /home/condiom/.m2/repository/ch/qos/logback/logback-core/1.2.3/logback-core-1.2.3.jar
7f9b9360a000-7f9b93610000 r--s 00041000 08:02 14552070                   /home/condiom/.m2/repository/ch/qos/logback/logback-classic/1.2.3/logback-classic-1.2.3.jar
7f9b93610000-7f9b93611000 r--s 00000000 08:02 2757110                    /home/condiom/.m2/repository/org/springframework/boot/spring-boot-starter-logging/2.0.0.RELEASE/spring-boot-starter-logging-2.0.0.RELEASE.jar
7f9b93611000-7f9b93612000 r--s 00000000 08:02 2757104                    /home/condiom/.m2/repository/org/springframework/boot/spring-boot-starter/2.0.0.RELEASE/spring-boot-starter-2.0.0.RELEASE.jar
7f9b93612000-7f9b93613000 r--s 00000000 08:02 2493428                    /home/condiom/.m2/repository/org/springframework/boot/spring-boot-starter-thymeleaf/2.0.0.RELEASE/spring-boot-starter-thymeleaf-2.0.0.RELEASE.jar
7f9b93613000-7f9b9361b000 rw-s 00000000 08:02 4589281                    /tmp/hsperfdata_condiom/7807
7f9b9361b000-7f9b9361c000 rw-p 00000000 00:00 0 
7f9b9361c000-7f9b9361d000 ---p 00000000 00:00 0 
7f9b9361d000-7f9b9361e000 r--p 00025000 08:02 8126481                    /lib/x86_64-linux-gnu/ld-2.23.so
7f9b9361e000-7f9b9361f000 rw-p 00026000 08:02 8126481                    /lib/x86_64-linux-gnu/ld-2.23.so
7f9b9361f000-7f9b93620000 rw-p 00000000 00:00 0 
7fff9a67a000-7fff9a69d000 rw-p 00000000 00:00 0                          [stack]
7fff9a69f000-7fff9a6a2000 r--p 00000000 00:00 0                          [vvar]
7fff9a6a2000-7fff9a6a4000 r-xp 00000000 00:00 0                          [vdso]
ffffffffff600000-ffffffffff601000 r-xp 00000000 00:00 0                  [vsyscall]

VM Arguments:
jvm_args: -agentlib:jdwp=transport=dt_socket,suspend=y,address=localhost:42499 -Dcom.sun.management.jmxremote -Dcom.sun.management.jmxremote.port=32993 -Dcom.sun.management.jmxremote.authenticate=false -Dcom.sun.management.jmxremote.ssl=false -Djava.rmi.server.hostname=localhost -Dspring.liveBeansView.mbeanDomain -Dspring.application.admin.enabled=true -Djava.security.egd=file:/dev/./urandom -Xverify:none -XX:TieredStopAtLevel=1 -Dfile.encoding=UTF-8 
java_command: com.example.demo.Epl362ProjectApplication --spring.output.ansi.enabled=always
java_class_path (initial): /usr/lib/jvm/java-8-oracle/jre/lib/resources.jar:/usr/lib/jvm/java-8-oracle/jre/lib/rt.jar:/usr/lib/jvm/java-8-oracle/jre/lib/jsse.jar:/usr/lib/jvm/java-8-oracle/jre/lib/jce.jar:/usr/lib/jvm/java-8-oracle/jre/lib/charsets.jar:/usr/lib/jvm/java-8-oracle/jre/lib/jfr.jar:/usr/lib/jvm/java-8-oracle/jre/lib/ext/dnsns.jar:/usr/lib/jvm/java-8-oracle/jre/lib/ext/jfxrt.jar:/usr/lib/jvm/java-8-oracle/jre/lib/ext/cldrdata.jar:/usr/lib/jvm/java-8-oracle/jre/lib/ext/sunjce_provider.jar:/usr/lib/jvm/java-8-oracle/jre/lib/ext/localedata.jar:/usr/lib/jvm/java-8-oracle/jre/lib/ext/sunec.jar:/usr/lib/jvm/java-8-oracle/jre/lib/ext/nashorn.jar:/usr/lib/jvm/java-8-oracle/jre/lib/ext/jaccess.jar:/usr/lib/jvm/java-8-oracle/jre/lib/ext/sunpkcs11.jar:/usr/lib/jvm/java-8-oracle/jre/lib/ext/zipfs.jar:/home/condiom/Desktop/epl362/CS362-LAW-COMPANY-PROJECT/Epl362Project/target/classes:/home/condiom/.m2/repository/org/springframework/boot/spring-boot-starter-thymeleaf/2.0.0.RELEASE/spring-boot-starter-thymeleaf-2.0.0.RELEASE.jar:/home/condiom/.m2/repository/org/springframework/boot/spring-boot-starter/2.0.0.RELEASE/spring-boot-starter-2.0.0.RELEASE.jar:/home/condiom/.m2/repository/org/springframework/boot/spring-boot/2.0.0.RELEASE/spring-boot-2.0.0.RELEASE.jar:/home/condiom/.m2/repository/org/springframework/boot/spring-boot-autoconfigure/2.0.0.RELEASE/spring-boot-autoconfigure-2.0.0.RELEASE.jar:/home/condiom/.m2/repository/org/springframework/boot/spring-boot-starter-logging/2.0.0.RELEASE/spring-boot-starter-logging-2.0.0.RELEASE.jar:/home/condiom/.m2/repository/ch/qos/logback/logback-classic/1.2.3/logback-classic-1.2.3.jar:/home/condiom/.m2/repository/ch/qos/logback/logback-core/1.2.3/logback-core-1.2.3.jar:/home/condiom/.m2/repository/org/apache/logging/log4j/log4j-to-slf4j/2.10.0/log4j-to-slf4j-2.10.0.jar:/home/condiom/.m2/repository/org/apache/logging/log4j/log4j-api/2.10.0/log4j-api-2.10.0.jar:/home/condiom/.m2/repository/org/slf4j/jul-to-slf4j/1.7.25/jul-to-sl
Launcher Type: SUN_STANDARD

Environment Variables:
JAVA_HOME=/usr/lib/jvm/java-8-oracle
PATH=/home/condiom/bin:/home/condiom/.local/bin:/usr/local/sbin:/usr/local/bin:/usr/sbin:/usr/bin:/sbin:/bin:/usr/games:/usr/local/games:/snap/bin:/usr/lib/jvm/java-8-oracle/bin:/usr/lib/jvm/java-8-oracle/db/bin:/usr/lib/jvm/java-8-oracle/jre/bin:/home/condiom/jdk1.8.0_161
SHELL=/bin/bash
DISPLAY=:0

Signal Handlers:
SIGSEGV: [libjvm.so+0xad0890], sa_mask[0]=11111111011111111101111111111110, sa_flags=SA_RESTART|SA_SIGINFO
SIGBUS: [libjvm.so+0xad0890], sa_mask[0]=11111111011111111101111111111110, sa_flags=SA_RESTART|SA_SIGINFO
SIGFPE: [libjvm.so+0x928640], sa_mask[0]=11111111011111111101111111111110, sa_flags=SA_RESTART|SA_SIGINFO
SIGPIPE: [libjvm.so+0x928640], sa_mask[0]=11111111011111111101111111111110, sa_flags=SA_RESTART|SA_SIGINFO
SIGXFSZ: [libjvm.so+0x928640], sa_mask[0]=11111111011111111101111111111110, sa_flags=SA_RESTART|SA_SIGINFO
SIGILL: [libjvm.so+0x928640], sa_mask[0]=11111111011111111101111111111110, sa_flags=SA_RESTART|SA_SIGINFO
SIGUSR1: SIG_DFL, sa_mask[0]=00000000000000000000000000000000, sa_flags=none
SIGUSR2: [libjvm.so+0x929ea0], sa_mask[0]=00100000000000000000000000000000, sa_flags=SA_RESTART|SA_SIGINFO
SIGHUP: [libjvm.so+0x92b2a0], sa_mask[0]=11111111011111111101111111111110, sa_flags=SA_RESTART|SA_SIGINFO
SIGINT: [libjvm.so+0x92b2a0], sa_mask[0]=11111111011111111101111111111110, sa_flags=SA_RESTART|SA_SIGINFO
SIGTERM: [libjvm.so+0x92b2a0], sa_mask[0]=11111111011111111101111111111110, sa_flags=SA_RESTART|SA_SIGINFO
SIGQUIT: [libjvm.so+0x92b2a0], sa_mask[0]=11111111011111111101111111111110, sa_flags=SA_RESTART|SA_SIGINFO


---------------  S Y S T E M  ---------------

OS:DISTRIB_ID=Ubuntu
DISTRIB_RELEASE=16.04
DISTRIB_CODENAME=xenial
DISTRIB_DESCRIPTION="Ubuntu 16.04.4 LTS"

uname:Linux 4.15.0-041500-generic #201802011154 SMP Thu Feb 1 11:55:45 UTC 2018 x86_64
libc:glibc 2.23 NPTL 2.23 
rlimit: STACK 8192k, CORE 0k, NPROC 30639, NOFILE 1048576, AS infinity
load average:398,97 463,72 291,83

/proc/meminfo:
MemTotal:        8083728 kB
MemFree:          164832 kB
MemAvailable:      56592 kB
Buffers:             948 kB
Cached:           111440 kB
SwapCached:         4568 kB
Active:          6519776 kB
Inactive:         826700 kB
Active(anon):    6510656 kB
Inactive(anon):   817468 kB
Active(file):       9120 kB
Inactive(file):     9232 kB
Unevictable:         120 kB
Mlocked:             120 kB
SwapTotal:       8302588 kB
SwapFree:          59436 kB
Dirty:                20 kB
Writeback:          1108 kB
AnonPages:       7246816 kB
Mapped:            14192 kB
Shmem:             93748 kB
Slab:             182856 kB
SReclaimable:      45048 kB
SUnreclaim:       137808 kB
KernelStack:      143440 kB
PageTables:       141888 kB
NFS_Unstable:          0 kB
Bounce:                0 kB
WritebackTmp:          0 kB
CommitLimit:    12344452 kB
Committed_AS:   80126300 kB
VmallocTotal:   34359738367 kB
VmallocUsed:           0 kB
VmallocChunk:          0 kB
HardwareCorrupted:     0 kB
AnonHugePages:         0 kB
ShmemHugePages:        0 kB
ShmemPmdMapped:        0 kB
CmaTotal:              0 kB
CmaFree:               0 kB
HugePages_Total:       0
HugePages_Free:        0
HugePages_Rsvd:        0
HugePages_Surp:        0
Hugepagesize:       2048 kB
DirectMap4k:      163128 kB
DirectMap2M:     7092224 kB
DirectMap1G:     1048576 kB


CPU:total 4 (initial active 4) (2 cores per cpu, 2 threads per core) family 6 model 142 stepping 9, cmov, cx8, fxsr, mmx, sse, sse2, sse3, ssse3, sse4.1, sse4.2, popcnt, avx, avx2, aes, clmul, erms, 3dnowpref, lzcnt, ht, tsc, tscinvbit, bmi1, bmi2, adx

/proc/cpuinfo:
processor	: 0
vendor_id	: GenuineIntel
cpu family	: 6
model		: 142
model name	: Intel(R) Core(TM) i5-7200U CPU @ 2.50GHz
stepping	: 9
microcode	: 0x84
cpu MHz		: 998.783
cache size	: 3072 KB
physical id	: 0
siblings	: 4
core id		: 0
cpu cores	: 2
apicid		: 0
initial apicid	: 0
fpu		: yes
fpu_exception	: yes
cpuid level	: 22
wp		: yes
flags		: fpu vme de pse tsc msr pae mce cx8 apic sep mtrr pge mca cmov pat pse36 clflush dts acpi mmx fxsr sse sse2 ss ht tm pbe syscall nx pdpe1gb rdtscp lm constant_tsc art arch_perfmon pebs bts rep_good nopl xtopology nonstop_tsc cpuid aperfmperf tsc_known_freq pni pclmulqdq dtes64 monitor ds_cpl vmx est tm2 ssse3 sdbg fma cx16 xtpr pdcm pcid sse4_1 sse4_2 x2apic movbe popcnt tsc_deadline_timer aes xsave avx f16c rdrand lahf_lm abm 3dnowprefetch cpuid_fault epb invpcid_single pti retpoline rsb_ctxsw tpr_shadow vnmi flexpriority ept vpid fsgsbase tsc_adjust bmi1 avx2 smep bmi2 erms invpcid mpx rdseed adx smap clflushopt intel_pt xsaveopt xsavec xgetbv1 xsaves dtherm ida arat pln pts hwp hwp_notify hwp_act_window hwp_epp
bugs		: cpu_meltdown spectre_v1 spectre_v2
bogomips	: 5424.00
clflush size	: 64
cache_alignment	: 64
address sizes	: 39 bits physical, 48 bits virtual
power management:

processor	: 1
vendor_id	: GenuineIntel
cpu family	: 6
model		: 142
model name	: Intel(R) Core(TM) i5-7200U CPU @ 2.50GHz
stepping	: 9
microcode	: 0x84
cpu MHz		: 998.920
cache size	: 3072 KB
physical id	: 0
siblings	: 4
core id		: 1
cpu cores	: 6
apicid		: 2
initial apicid	: 2
fpu		: yes
fpu_exception	: yes
cpuid level	: 22
wp		: yes
flags		: fpu vme de pse tsc msr pae mce cx8 apic sep mtrr pge mca cmov pat pse36 clflush dts acpi mmx fxsr sse sse2 ss ht tm pbe syscall nx pdpe1gb rdtscp lm constant_tsc art arch_perfmon pebs bts rep_good nopl xtopology nonstop_tsc cpuid aperfmperf tsc_known_freq pni pclmulqdq dtes64 monitor ds_cpl vmx est tm2 ssse3 sdbg fma cx16 xtpr pdcm pcid sse4_1 sse4_2 x2apic movbe popcnt tsc_deadline_timer aes xsave avx f16c rdrand lahf_lm abm 3dnowprefetch cpuid_fault epb invpcid_single pti retpoline rsb_ctxsw tpr_shadow vnmi flexpriority ept vpid fsgsbase tsc_adjust bmi1 avx2 smep bmi2 erms invpcid mpx rdseed adx smap clflushopt intel_pt xsaveopt xsavec xgetbv1 xsaves dtherm ida arat pln pts hwp hwp_notify hwp_act_window hwp_epp
bugs		: cpu_meltdown spectre_v1 spectre_v2
bogomips	: 5424.00
clflush size	: 64
cache_alignment	: 64
address sizes	: 39 bits physical, 48 bits virtual
power management:

processor	: 2
vendor_id	: GenuineIntel
cpu family	: 6
model		: 142
model name	: Intel(R) Core(TM) i5-7200U CPU @ 2.50GHz
stepping	: 9
microcode	: 0x84
cpu MHz		: 998.621
cache size	: 3072 KB
physical id	: 0
siblings	: 4
core id		: 0
cpu cores	: 2
apicid		: 1
initial apicid	: 1
fpu		: yes
fpu_exception	: yes
cpuid level	: 22
wp		: yes
flags		: fpu vme de pse tsc msr pae mce cx8 apic sep mtrr pge mca cmov pat pse36 clflush dts acpi mmx fxsr sse sse2 ss ht tm pbe syscall nx pdpe1gb rdtscp lm constant_tsc art arch_perfmon pebs bts rep_good nopl xtopology nonstop_tsc cpuid aperfmperf tsc_known_freq pni pclmulqdq dtes64 monitor ds_cpl vmx est tm2 ssse3 sdbg fma cx16 xtpr pdcm pcid sse4_1 sse4_2 x2apic movbe popcnt tsc_deadline_timer aes xsave avx f16c rdrand lahf_lm abm 3dnowprefetch cpuid_fault epb invpcid_single pti retpoline rsb_ctxsw tpr_shadow vnmi flexpriority ept vpid fsgsbase tsc_adjust bmi1 avx2 smep bmi2 erms invpcid mpx rdseed adx smap clflushopt intel_pt xsaveopt xsavec xgetbv1 xsaves dtherm ida arat pln pts hwp hwp_notify hwp_act_window hwp_epp
bugs		: cpu_meltdown spectre_v1 spectre_v2
bogomips	: 5424.00
clflush size	: 64
cache_alignment	: 64
address sizes	: 39 bits physical, 48 bits virtual
power management:

processor	: 3
vendor_id	: GenuineIntel
cpu family	: 6
model		: 142
model name	: Intel(R) Core(TM) i5-7200U CPU @ 2.50GHz
stepping	: 9
microcode	: 0x84
cpu MHz		: 997.964
cache size	: 3072 KB
physical id	: 0
siblings	: 4
core id		: 1
cpu cores	: 2
apicid		: 3
initial apicid	: 3
fpu		: yes
fpu_exception	: yes
cpuid level	: 22
wp		: yes
flags		: fpu vme de pse tsc msr pae mce cx8 apic sep mtrr pge mca cmov pat pse36 clflush dts acpi mmx fxsr sse sse2 ss ht tm pbe syscall nx pdpe1gb rdtscp lm constant_tsc art arch_perfmon pebs bts rep_good nopl xtopology nonstop_tsc cpuid aperfmperf tsc_known_freq pni pclmulqdq dtes64 monitor ds_cpl vmx est tm2 ssse3 sdbg fma cx16 xtpr pdcm pcid sse4_1 sse4_2 x2apic movbe popcnt tsc_deadline_timer aes xsave avx f16c rdrand lahf_lm abm 3dnowprefetch cpuid_fault epb invpcid_single pti retpoline rsb_ctxsw tpr_shadow vnmi flexpriority ept vpid fsgsbase tsc_adjust bmi1 avx2 smep bmi2 erms invpcid mpx rdseed adx smap clflushopt intel_pt xsaveopt xsavec xgetbv1 xsaves dtherm ida arat pln pts hwp hwp_notify hwp_act_window hwp_epp
bugs		: cpu_meltdown spectre_v1 spectre_v2
bogomips	: 5424.00
clflush size	: 64
cache_alignment	: 64
address sizes	: 39 bits physical, 48 bits virtual
power management:



Memory: 4k page, physical 8083728k(164956k free), swap 8302588k(57348k free)

vm_info: Java HotSpot(TM) 64-Bit Server VM (25.171-b11) for linux-amd64 JRE (1.8.0_171-b11), built on Mar 28 2018 17:07:08 by "java_re" with gcc 4.3.0 20080428 (Red Hat 4.3.0-8)

time: Fri Apr 27 13:16:20 2018
elapsed time: 790 seconds (0d 0h 13m 10s)

