#
# There is insufficient memory for the Java Runtime Environment to continue.
# Native memory allocation (mmap) failed to map 32505856 bytes for committing reserved memory.
# Possible reasons:
#   The system is out of physical RAM or swap space
#   In 32 bit mode, the process size limit was hit
# Possible solutions:
#   Reduce memory load on the system
#   Increase physical memory or swap space
#   Check if swap backing store is full
#   Use 64 bit Java on a 64 bit OS
#   Decrease Java heap size (-Xmx/-Xms)
#   Decrease number of Java threads
#   Decrease Java thread stack sizes (-Xss)
#   Set larger code cache with -XX:ReservedCodeCacheSize=
# This output file may be truncated or incomplete.
#
#  Out of Memory Error (os_linux.cpp:2640), pid=9881, tid=0x00007fd3a0afa700
#
# JRE version: Java(TM) SE Runtime Environment (8.0_171-b11) (build 1.8.0_171-b11)
# Java VM: Java HotSpot(TM) 64-Bit Server VM (25.171-b11 mixed mode linux-amd64 compressed oops)
# Failed to write core dump. Core dumps have been disabled. To enable core dumping, try "ulimit -c unlimited" before starting Java again
#

---------------  T H R E A D  ---------------

Current thread (0x00007fd3b0080000):  VMThread [stack: 0x00007fd3a09fa000,0x00007fd3a0afb000] [id=10064]

Stack: [0x00007fd3a09fa000,0x00007fd3a0afb000],  sp=0x00007fd3a0af90a0,  free space=1020k
Native frames: (J=compiled Java code, j=interpreted, Vv=VM code, C=native code)
V  [libjvm.so+0xacfffa]  VMError::report_and_die()+0x2ba
V  [libjvm.so+0x5005cb]  report_vm_out_of_memory(char const*, int, unsigned long, VMErrorType, char const*)+0x8b
V  [libjvm.so+0x92dd93]  os::Linux::commit_memory_impl(char*, unsigned long, bool)+0x123
V  [libjvm.so+0x92dfb9]  os::pd_commit_memory(char*, unsigned long, unsigned long, bool)+0x29
V  [libjvm.so+0x92527a]  os::commit_memory(char*, unsigned long, unsigned long, bool)+0x2a
V  [libjvm.so+0x99b223]  PSVirtualSpace::expand_by(unsigned long)+0x53
V  [libjvm.so+0x99c628]  PSYoungGen::resize_generation(unsigned long, unsigned long)+0xf8
V  [libjvm.so+0x99b782]  PSYoungGen::resize(unsigned long, unsigned long)+0x22
V  [libjvm.so+0x998a5b]  PSScavenge::invoke_no_policy()+0xf3b
V  [libjvm.so+0x9991e1]  PSScavenge::invoke()+0x41
V  [libjvm.so+0x94fcb0]  ParallelScavengeHeap::failed_mem_allocate(unsigned long)+0x70
V  [libjvm.so+0xad1a77]  VM_ParallelGCFailedAllocation::doit()+0x97
V  [libjvm.so+0xad9595]  VM_Operation::evaluate()+0x55
V  [libjvm.so+0xad795a]  VMThread::evaluate_operation(VM_Operation*)+0xba
V  [libjvm.so+0xad7cde]  VMThread::loop()+0x1ce
V  [libjvm.so+0xad8150]  VMThread::run()+0x70
V  [libjvm.so+0x92e0f8]  java_start(Thread*)+0x108

VM_Operation (0x00007fd3b9ea23a0): ParallelGCFailedAllocation, mode: safepoint, requested by thread 0x00007fd3b0012000


---------------  P R O C E S S  ---------------

Java Threads: ( => current thread )
  0x00007fd3b0545000 JavaThread "background-preinit" [_thread_blocked, id=17349, stack(0x00007fd36c16b000,0x00007fd36c26c000)]
  0x00007fd3b04a4800 JavaThread "RMI TCP Accept-0" daemon [_thread_in_native, id=17011, stack(0x00007fd36c56d000,0x00007fd36c66e000)]
  0x00007fd3b0499000 JavaThread "RMI TCP Accept-35673" daemon [_thread_in_native, id=16957, stack(0x00007fd36c66e000,0x00007fd36c76f000)]
  0x00007fd3b047e800 JavaThread "RMI TCP Accept-0" daemon [_thread_in_native, id=16850, stack(0x00007fd36c76f000,0x00007fd36c870000)]
  0x00007fd3b00da000 JavaThread "Service Thread" daemon [_thread_blocked, id=15016, stack(0x00007fd36feff000,0x00007fd370000000)]
  0x00007fd3b00d7000 JavaThread "C1 CompilerThread2" daemon [_thread_blocked, id=15015, stack(0x00007fd39804e000,0x00007fd39814f000)]
  0x00007fd3b00d5000 JavaThread "C2 CompilerThread1" daemon [_thread_blocked, id=15012, stack(0x00007fd39814f000,0x00007fd398250000)]
  0x00007fd3b00d2000 JavaThread "C2 CompilerThread0" daemon [_thread_blocked, id=15010, stack(0x00007fd3a00ef000,0x00007fd3a01f0000)]
  0x00007fd37c001000 JavaThread "JDWP Command Reader" daemon [_thread_in_native, id=12343, stack(0x00007fd3a01f0000,0x00007fd3a02f1000)]
  0x00007fd3b00d0000 JavaThread "JDWP Event Helper Thread" daemon [_thread_blocked, id=12342, stack(0x00007fd3a02f1000,0x00007fd3a03f2000)]
  0x00007fd3b00cc800 JavaThread "JDWP Transport Listener: dt_socket" daemon [_thread_blocked, id=12340, stack(0x00007fd3a03f2000,0x00007fd3a04f3000)]
  0x00007fd3b00be800 JavaThread "Signal Dispatcher" daemon [_thread_blocked, id=10128, stack(0x00007fd3a06f7000,0x00007fd3a07f8000)]
  0x00007fd3b008c000 JavaThread "Finalizer" daemon [_thread_blocked, id=10091, stack(0x00007fd3a07f8000,0x00007fd3a08f9000)]
  0x00007fd3b0087800 JavaThread "Reference Handler" daemon [_thread_blocked, id=10085, stack(0x00007fd3a08f9000,0x00007fd3a09fa000)]
  0x00007fd3b0012000 JavaThread "main" [_thread_blocked, id=9945, stack(0x00007fd3b9da6000,0x00007fd3b9ea7000)]

Other Threads:
=>0x00007fd3b0080000 VMThread [stack: 0x00007fd3a09fa000,0x00007fd3a0afb000] [id=10064]
  0x00007fd3b04a9800 WatcherThread [stack: 0x00007fd36c46c000,0x00007fd36c56d000] [id=17052]

VM state:at safepoint (normal execution)

VM Mutex/Monitor currently owned by a thread:  ([mutex/lock_event])
[0x00007fd3b000e430] Threads_lock - owner thread: 0x00007fd3b0080000
[0x00007fd3b000e930] Heap_lock - owner thread: 0x00007fd3b0012000

Heap:
 PSYoungGen      total 36864K, used 5101K [0x00000000d6e00000, 0x00000000d9700000, 0x0000000100000000)
  eden space 31744K, 0% used [0x00000000d6e00000,0x00000000d6e00000,0x00000000d8d00000)
  from space 5120K, 99% used [0x00000000d8d00000,0x00000000d91fb4f8,0x00000000d9200000)
  to   space 5120K, 0% used [0x00000000d9200000,0x00000000d9200000,0x00000000d9700000)
 ParOldGen       total 84992K, used 266K [0x0000000084a00000, 0x0000000089d00000, 0x00000000d6e00000)
  object space 84992K, 0% used [0x0000000084a00000,0x0000000084a42978,0x0000000089d00000)
 Metaspace       used 12239K, capacity 12504K, committed 12672K, reserved 1060864K
  class space    used 1519K, capacity 1608K, committed 1664K, reserved 1048576K

Card table byte_map: [0x00007fd3b604d000,0x00007fd3b6429000] byte_map_base: 0x00007fd3b5c28000

Marking Bits: (ParMarkBitMap*) 0x00007fd3b9279280
 Begin Bits: [0x00007fd398250000, 0x00007fd39a128000)
 End Bits:   [0x00007fd39a128000, 0x00007fd39c000000)

Polling page: 0x00007fd3b9ecb000

CodeCache: size=245760Kb used=2584Kb max_used=2584Kb free=243175Kb
 bounds [0x00007fd3a1000000, 0x00007fd3a1290000, 0x00007fd3b0000000]
 total_blobs=1318 nmethods=964 adapters=276
 compilation: enabled

Compilation events (10 events):
Event: 789,079 Thread 0x00007fd3b00d7000  980       1       java.io.ExpiringCache::entryFor (57 bytes)
Event: 789,079 Thread 0x00007fd3b00d7000 nmethod 980 0x00007fd3a12838d0 code [0x00007fd3a1283a40, 0x00007fd3a1283c58]
Event: 789,079 Thread 0x00007fd3b00d7000  981       1       org.springframework.core.ResolvableType::calculateHashCode (80 bytes)
Event: 789,079 Thread 0x00007fd3b00d7000 nmethod 981 0x00007fd3a1283d90 code [0x00007fd3a1283f40, 0x00007fd3a1284198]
Event: 789,079 Thread 0x00007fd3b00d7000  978       1       java.util.concurrent.locks.AbstractQueuedSynchronizer::setState (6 bytes)
Event: 789,079 Thread 0x00007fd3b00d7000 nmethod 978 0x00007fd3a12842d0 code [0x00007fd3a1284420, 0x00007fd3a1284530]
Event: 789,153 Thread 0x00007fd3b00d7000  982       1       java.util.zip.ZipCoder::toString (190 bytes)
Event: 789,162 Thread 0x00007fd3b00d7000 nmethod 982 0x00007fd3a1284590 code [0x00007fd3a1284840, 0x00007fd3a1285518]
Event: 789,262 Thread 0x00007fd3b00d7000  983       1       sun.reflect.DelegatingConstructorAccessorImpl::newInstance (9 bytes)
Event: 789,263 Thread 0x00007fd3b00d7000 nmethod 983 0x00007fd3a1286190 code [0x00007fd3a1286300, 0x00007fd3a1286448]

GC Heap History (1 events):
Event: 789,596 GC heap before
{Heap before GC invocations=1 (full 0):
 PSYoungGen      total 36864K, used 31744K [0x00000000d6e00000, 0x00000000d9700000, 0x0000000100000000)
  eden space 31744K, 100% used [0x00000000d6e00000,0x00000000d8d00000,0x00000000d8d00000)
  from space 5120K, 0% used [0x00000000d9200000,0x00000000d9200000,0x00000000d9700000)
  to   space 5120K, 0% used [0x00000000d8d00000,0x00000000d8d00000,0x00000000d9200000)
 ParOldGen       total 84992K, used 0K [0x0000000084a00000, 0x0000000089d00000, 0x00000000d6e00000)
  object space 84992K, 0% used [0x0000000084a00000,0x0000000084a00000,0x0000000089d00000)
 Metaspace       used 12239K, capacity 12504K, committed 12672K, reserved 1060864K
  class space    used 1519K, capacity 1608K, committed 1664K, reserved 1048576K

Deoptimization events (0 events):
No events

Classes redefined (0 events):
No events

Internal exceptions (10 events):
Event: 759,963 Thread 0x00007fd3b0545000 Exception <a 'java/lang/ArrayIndexOutOfBoundsException'> (0x00000000d8b3f2e8) thrown at [/HUDSON/workspace/8-2-build-linux-amd64/jdk8u171/10807/hotspot/src/share/vm/runtime/sharedRuntime.cpp, line 605]
Event: 759,967 Thread 0x00007fd3b0545000 Exception <a 'java/lang/ArrayIndexOutOfBoundsException'> (0x00000000d8b4b380) thrown at [/HUDSON/workspace/8-2-build-linux-amd64/jdk8u171/10807/hotspot/src/share/vm/runtime/sharedRuntime.cpp, line 605]
Event: 759,969 Thread 0x00007fd3b0545000 Exception <a 'java/lang/ArrayIndexOutOfBoundsException'> (0x00000000d8b57208) thrown at [/HUDSON/workspace/8-2-build-linux-amd64/jdk8u171/10807/hotspot/src/share/vm/runtime/sharedRuntime.cpp, line 605]
Event: 766,559 Thread 0x00007fd3b0012000 Exception <a 'java/lang/ArrayIndexOutOfBoundsException'> (0x00000000d8a459b0) thrown at [/HUDSON/workspace/8-2-build-linux-amd64/jdk8u171/10807/hotspot/src/share/vm/runtime/sharedRuntime.cpp, line 605]
Event: 785,746 Thread 0x00007fd3b0012000 Exception <a 'java/lang/ArrayIndexOutOfBoundsException'> (0x00000000d8a5f2c0) thrown at [/HUDSON/workspace/8-2-build-linux-amd64/jdk8u171/10807/hotspot/src/share/vm/runtime/sharedRuntime.cpp, line 605]
Event: 785,747 Thread 0x00007fd3b0545000 Exception <a 'java/lang/ArrayIndexOutOfBoundsException'> (0x00000000d8b6b498) thrown at [/HUDSON/workspace/8-2-build-linux-amd64/jdk8u171/10807/hotspot/src/share/vm/runtime/sharedRuntime.cpp, line 605]
Event: 785,751 Thread 0x00007fd3b0012000 Exception <a 'java/lang/ArrayIndexOutOfBoundsException'> (0x00000000d8a652e0) thrown at [/HUDSON/workspace/8-2-build-linux-amd64/jdk8u171/10807/hotspot/src/share/vm/runtime/sharedRuntime.cpp, line 605]
Event: 785,756 Thread 0x00007fd3b0012000 Exception <a 'java/lang/ArrayIndexOutOfBoundsException'> (0x00000000d8a6c0d0) thrown at [/HUDSON/workspace/8-2-build-linux-amd64/jdk8u171/10807/hotspot/src/share/vm/runtime/sharedRuntime.cpp, line 605]
Event: 785,757 Thread 0x00007fd3b0012000 Exception <a 'java/lang/ArrayIndexOutOfBoundsException'> (0x00000000d8a72fa8) thrown at [/HUDSON/workspace/8-2-build-linux-amd64/jdk8u171/10807/hotspot/src/share/vm/runtime/sharedRuntime.cpp, line 605]
Event: 789,044 Thread 0x00007fd3b0012000 Exception <a 'java/lang/ArrayIndexOutOfBoundsException'> (0x00000000d8be8f10) thrown at [/HUDSON/workspace/8-2-build-linux-amd64/jdk8u171/10807/hotspot/src/share/vm/runtime/sharedRuntime.cpp, line 605]

Events (10 events):
Event: 789,250 Thread 0x00007fd3b0545000 DEOPT UNPACKING pc=0x00007fd3a1047784 sp=0x00007fd36c268550 mode 1
Event: 789,270 loading class org/springframework/boot/context/properties/bind/BindConverter$CompositeConversionService
Event: 789,270 loading class org/springframework/boot/context/properties/bind/BindConverter$CompositeConversionService done
Event: 789,270 Thread 0x00007fd3b0012000 DEOPT PACKING pc=0x00007fd3a11fc709 sp=0x00007fd3b9ea3400
Event: 789,270 Thread 0x00007fd3b0012000 DEOPT UNPACKING pc=0x00007fd3a1047784 sp=0x00007fd3b9ea3170 mode 1
Event: 789,270 Thread 0x00007fd3b0012000 DEOPT PACKING pc=0x00007fd3a11bf3f4 sp=0x00007fd3b9ea3480
Event: 789,270 Thread 0x00007fd3b0012000 DEOPT UNPACKING pc=0x00007fd3a1047784 sp=0x00007fd3b9ea32c0 mode 1
Event: 789,270 Thread 0x00007fd3b0012000 DEOPT PACKING pc=0x00007fd3a11bf33c sp=0x00007fd3b9ea3610
Event: 789,270 Thread 0x00007fd3b0012000 DEOPT UNPACKING pc=0x00007fd3a1047784 sp=0x00007fd3b9ea3450 mode 1
Event: 789,278 Executing VM operation: ParallelGCFailedAllocation


Dynamic libraries:
00400000-00401000 r-xp 00000000 08:02 9965768                            /usr/lib/jvm/java-8-oracle/bin/java
00600000-00601000 rw-p 00000000 08:02 9965768                            /usr/lib/jvm/java-8-oracle/bin/java
01ef3000-01f14000 rw-p 00000000 00:00 0                                  [heap]
84a00000-89d00000 rw-p 00000000 00:00 0 
89d00000-d6e00000 ---p 00000000 00:00 0 
d6e00000-d9700000 rw-p 00000000 00:00 0 
db600000-100000000 ---p 00000000 00:00 0 
100000000-1001a0000 rw-p 00000000 00:00 0 
1001a0000-140000000 ---p 00000000 00:00 0 
7fd344000000-7fd344066000 rw-p 00000000 00:00 0 
7fd344066000-7fd348000000 ---p 00000000 00:00 0 
7fd34be00000-7fd34bec0000 rw-p 00000000 00:00 0 
7fd34bec0000-7fd34c000000 ---p 00000000 00:00 0 
7fd34c000000-7fd34c021000 rw-p 00000000 00:00 0 
7fd34c021000-7fd350000000 ---p 00000000 00:00 0 
7fd350000000-7fd350021000 rw-p 00000000 00:00 0 
7fd350021000-7fd354000000 ---p 00000000 00:00 0 
7fd354000000-7fd354021000 rw-p 00000000 00:00 0 
7fd354021000-7fd358000000 ---p 00000000 00:00 0 
7fd358000000-7fd358021000 rw-p 00000000 00:00 0 
7fd358021000-7fd35c000000 ---p 00000000 00:00 0 
7fd35c000000-7fd35c021000 rw-p 00000000 00:00 0 
7fd35c021000-7fd360000000 ---p 00000000 00:00 0 
7fd360000000-7fd3602b1000 rw-p 00000000 00:00 0 
7fd3602b1000-7fd364000000 ---p 00000000 00:00 0 
7fd364000000-7fd364021000 rw-p 00000000 00:00 0 
7fd364021000-7fd368000000 ---p 00000000 00:00 0 
7fd368000000-7fd36804e000 rw-p 00000000 00:00 0 
7fd36804e000-7fd36c000000 ---p 00000000 00:00 0 
7fd36c16b000-7fd36c16e000 ---p 00000000 00:00 0 
7fd36c16e000-7fd36c46c000 rw-p 00000000 00:00 0 
7fd36c46c000-7fd36c46d000 ---p 00000000 00:00 0 
7fd36c46d000-7fd36c56d000 rw-p 00000000 00:00 0 
7fd36c56d000-7fd36c570000 ---p 00000000 00:00 0 
7fd36c570000-7fd36c66e000 rw-p 00000000 00:00 0 
7fd36c66e000-7fd36c671000 ---p 00000000 00:00 0 
7fd36c671000-7fd36c76f000 rw-p 00000000 00:00 0 
7fd36c76f000-7fd36c772000 ---p 00000000 00:00 0 
7fd36c772000-7fd36c870000 rw-p 00000000 00:00 0 
7fd36c870000-7fd36c875000 r--s 0009d000 08:02 9968813                    /usr/lib/jvm/java-8-oracle/jre/lib/jsse.jar
7fd36c875000-7fd36c87f000 r--s 000eb000 08:02 3018857                    /home/condiom/.m2/repository/mysql/mysql-connector-java/5.1.45/mysql-connector-java-5.1.45.jar
7fd36c87f000-7fd36c882000 r--s 00008000 08:02 3018784                    /home/condiom/.m2/repository/org/springframework/spring-aspects/5.0.4.RELEASE/spring-aspects-5.0.4.RELEASE.jar
7fd36c882000-7fd36c889000 r--s 00036000 08:02 3018710                    /home/condiom/.m2/repository/org/springframework/spring-tx/5.0.4.RELEASE/spring-tx-5.0.4.RELEASE.jar
7fd36c889000-7fd36c88d000 r--s 0002a000 08:02 3018708                    /home/condiom/.m2/repository/org/springframework/spring-orm/5.0.4.RELEASE/spring-orm-5.0.4.RELEASE.jar
7fd36c88d000-7fd36c8a4000 r--s 000ed000 08:02 3018706                    /home/condiom/.m2/repository/org/springframework/data/spring-data-commons/2.0.5.RELEASE/spring-data-commons-2.0.5.RELEASE.jar
7fd36c8a4000-7fd36c8ab000 r--s 00049000 08:02 3018704                    /home/condiom/.m2/repository/org/springframework/data/spring-data-jpa/2.0.5.RELEASE/spring-data-jpa-2.0.5.RELEASE.jar
7fd36c8ab000-7fd36c8b4000 r--s 00057000 08:02 3018702                    /home/condiom/.m2/repository/org/springframework/spring-jdbc/5.0.4.RELEASE/spring-jdbc-5.0.4.RELEASE.jar
7fd36c8b4000-7fd36c8cd000 r--s 001bf000 08:02 3018817                    /home/condiom/.m2/repository/org/aspectj/aspectjweaver/1.8.13/aspectjweaver-1.8.13.jar
7fd36c8cd000-7fd36c8de000 r-xp 00000000 08:02 9969411                    /usr/lib/jvm/java-8-oracle/jre/lib/amd64/libnio.so
7fd36c8de000-7fd36cadd000 ---p 00011000 08:02 9969411                    /usr/lib/jvm/java-8-oracle/jre/lib/amd64/libnio.so
7fd36cadd000-7fd36cade000 rw-p 00010000 08:02 9969411                    /usr/lib/jvm/java-8-oracle/jre/lib/amd64/libnio.so
7fd36cade000-7fd36fadf000 rw-p 00000000 00:00 0 
7fd36fadf000-7fd36faf5000 r-xp 00000000 08:02 9969408                    /usr/lib/jvm/java-8-oracle/jre/lib/amd64/libnet.so
7fd36faf5000-7fd36fcf5000 ---p 00016000 08:02 9969408                    /usr/lib/jvm/java-8-oracle/jre/lib/amd64/libnet.so
7fd36fcf5000-7fd36fcf6000 rw-p 00016000 08:02 9969408                    /usr/lib/jvm/java-8-oracle/jre/lib/amd64/libnet.so
7fd36fcf6000-7fd36fcff000 r-xp 00000000 08:02 9969416                    /usr/lib/jvm/java-8-oracle/jre/lib/amd64/libmanagement.so
7fd36fcff000-7fd36fefe000 ---p 00009000 08:02 9969416                    /usr/lib/jvm/java-8-oracle/jre/lib/amd64/libmanagement.so
7fd36fefe000-7fd36feff000 rw-p 00008000 08:02 9969416                    /usr/lib/jvm/java-8-oracle/jre/lib/amd64/libmanagement.so
7fd36feff000-7fd36ff02000 ---p 00000000 00:00 0 
7fd36ff02000-7fd370000000 rw-p 00000000 00:00 0 
7fd370000000-7fd370021000 rw-p 00000000 00:00 0 
7fd370021000-7fd374000000 ---p 00000000 00:00 0 
7fd374000000-7fd374021000 rw-p 00000000 00:00 0 
7fd374021000-7fd378000000 ---p 00000000 00:00 0 
7fd378000000-7fd378021000 rw-p 00000000 00:00 0 
7fd378021000-7fd37c000000 ---p 00000000 00:00 0 
7fd37c000000-7fd37c021000 rw-p 00000000 00:00 0 
7fd37c021000-7fd380000000 ---p 00000000 00:00 0 
7fd380000000-7fd380021000 rw-p 00000000 00:00 0 
7fd380021000-7fd384000000 ---p 00000000 00:00 0 
7fd384000000-7fd384021000 rw-p 00000000 00:00 0 
7fd384021000-7fd388000000 ---p 00000000 00:00 0 
7fd388000000-7fd388021000 rw-p 00000000 00:00 0 
7fd388021000-7fd38c000000 ---p 00000000 00:00 0 
7fd38c000000-7fd38c28f000 rw-p 00000000 00:00 0 
7fd38c28f000-7fd390000000 ---p 00000000 00:00 0 
7fd390000000-7fd390021000 rw-p 00000000 00:00 0 
7fd390021000-7fd394000000 ---p 00000000 00:00 0 
7fd394000000-7fd394021000 rw-p 00000000 00:00 0 
7fd394021000-7fd398000000 ---p 00000000 00:00 0 
7fd398000000-7fd398002000 r--s 00006000 08:02 3018855                    /home/condiom/.m2/repository/javax/transaction/javax.transaction-api/1.2/javax.transaction-api-1.2.jar
7fd398002000-7fd398005000 r--s 00020000 08:02 3018819                    /home/condiom/.m2/repository/com/zaxxer/HikariCP/2.7.8/HikariCP-2.7.8.jar
7fd398005000-7fd398006000 r--s 00000000 08:02 3018700                    /home/condiom/.m2/repository/org/springframework/boot/spring-boot-starter-jdbc/2.0.0.RELEASE/spring-boot-starter-jdbc-2.0.0.RELEASE.jar
7fd398006000-7fd39800b000 r--s 0003c000 08:02 2884015                    /home/condiom/.m2/repository/org/springframework/spring-expression/5.0.4.RELEASE/spring-expression-5.0.4.RELEASE.jar
7fd39800b000-7fd398025000 r--s 000ee000 08:02 2884005                    /home/condiom/.m2/repository/org/springframework/spring-context/5.0.4.RELEASE/spring-context-5.0.4.RELEASE.jar
7fd398025000-7fd398034000 r--s 000b0000 08:02 3018670                    /home/condiom/.m2/repository/org/springframework/spring-webmvc/5.0.4.RELEASE/spring-webmvc-5.0.4.RELEASE.jar
7fd398034000-7fd39804e000 r--s 00116000 08:02 3018668                    /home/condiom/.m2/repository/org/springframework/spring-web/5.0.4.RELEASE/spring-web-5.0.4.RELEASE.jar
7fd39804e000-7fd398051000 ---p 00000000 00:00 0 
7fd398051000-7fd39814f000 rw-p 00000000 00:00 0 
7fd39814f000-7fd398152000 ---p 00000000 00:00 0 
7fd398152000-7fd39c000000 rw-p 00000000 00:00 0 
7fd39c000000-7fd39c021000 rw-p 00000000 00:00 0 
7fd39c021000-7fd3a0000000 ---p 00000000 00:00 0 
7fd3a0000000-7fd3a0001000 r--s 00000000 08:02 3018698                    /home/condiom/.m2/repository/org/springframework/boot/spring-boot-starter-aop/2.0.0.RELEASE/spring-boot-starter-aop-2.0.0.RELEASE.jar
7fd3a0001000-7fd3a0002000 r--s 00000000 08:02 3018672                    /home/condiom/.m2/repository/org/springframework/boot/spring-boot-starter-data-jpa/2.0.0.RELEASE/spring-boot-starter-data-jpa-2.0.0.RELEASE.jar
7fd3a0002000-7fd3a000b000 r--s 0004f000 08:02 2884007                    /home/condiom/.m2/repository/org/springframework/spring-aop/5.0.4.RELEASE/spring-aop-5.0.4.RELEASE.jar
7fd3a000b000-7fd3a0017000 r--s 00094000 08:02 2884009                    /home/condiom/.m2/repository/org/springframework/spring-beans/5.0.4.RELEASE/spring-beans-5.0.4.RELEASE.jar
7fd3a0017000-7fd3a001c000 r--s 00012000 08:02 3018754                    /home/condiom/.m2/repository/javax/validation/validation-api/2.0.1.Final/validation-api-2.0.1.Final.jar
7fd3a001c000-7fd3a0038000 r--s 000f5000 08:02 3018843                    /home/condiom/.m2/repository/org/hibernate/validator/hibernate-validator/6.0.7.Final/hibernate-validator-6.0.7.Final.jar
7fd3a0038000-7fd3a003d000 r--s 0003a000 08:02 13896658                   /home/condiom/.m2/repository/org/apache/tomcat/embed/tomcat-embed-websocket/8.5.28/tomcat-embed-websocket-8.5.28.jar
7fd3a003d000-7fd3a0041000 r--s 00037000 08:02 13633561                   /home/condiom/.m2/repository/org/apache/tomcat/embed/tomcat-embed-el/8.5.28/tomcat-embed-el-8.5.28.jar
7fd3a0041000-7fd3a006b000 r--s 002ce000 08:02 13375657                   /home/condiom/.m2/repository/org/apache/tomcat/embed/tomcat-embed-core/8.5.28/tomcat-embed-core-8.5.28.jar
7fd3a006b000-7fd3a006d000 r--s 00001000 08:02 2757117                    /home/condiom/.m2/repository/com/fasterxml/jackson/module/jackson-module-parameter-names/2.9.4/jackson-module-parameter-names-2.9.4.jar
7fd3a006d000-7fd3a006f000 r--s 00016000 08:02 2625973                    /home/condiom/.m2/repository/com/fasterxml/jackson/datatype/jackson-datatype-jsr310/2.9.4/jackson-datatype-jsr310-2.9.4.jar
7fd3a006f000-7fd3a0071000 r--s 00007000 08:02 2230338                    /home/condiom/.m2/repository/com/fasterxml/jackson/datatype/jackson-datatype-jdk8/2.9.4/jackson-datatype-jdk8-2.9.4.jar
7fd3a0071000-7fd3a00ef000 r--s 005ec000 08:02 3018839                    /home/condiom/.m2/repository/org/hibernate/hibernate-core/5.2.14.Final/hibernate-core-5.2.14.Final.jar
7fd3a00ef000-7fd3a00f2000 ---p 00000000 00:00 0 
7fd3a00f2000-7fd3a01f0000 rw-p 00000000 00:00 0 
7fd3a01f0000-7fd3a01f3000 ---p 00000000 00:00 0 
7fd3a01f3000-7fd3a02f1000 rw-p 00000000 00:00 0 
7fd3a02f1000-7fd3a02f4000 ---p 00000000 00:00 0 
7fd3a02f4000-7fd3a03f2000 rw-p 00000000 00:00 0 
7fd3a03f2000-7fd3a03f5000 ---p 00000000 00:00 0 
7fd3a03f5000-7fd3a04f3000 rw-p 00000000 00:00 0 
7fd3a04f3000-7fd3a04f7000 r-xp 00000000 08:02 9969371                    /usr/lib/jvm/java-8-oracle/jre/lib/amd64/libdt_socket.so
7fd3a04f7000-7fd3a06f6000 ---p 00004000 08:02 9969371                    /usr/lib/jvm/java-8-oracle/jre/lib/amd64/libdt_socket.so
7fd3a06f6000-7fd3a06f7000 rw-p 00003000 08:02 9969371                    /usr/lib/jvm/java-8-oracle/jre/lib/amd64/libdt_socket.so
7fd3a06f7000-7fd3a06fa000 ---p 00000000 00:00 0 
7fd3a06fa000-7fd3a07f8000 rw-p 00000000 00:00 0 
7fd3a07f8000-7fd3a07fb000 ---p 00000000 00:00 0 
7fd3a07fb000-7fd3a08f9000 rw-p 00000000 00:00 0 
7fd3a08f9000-7fd3a08fc000 ---p 00000000 00:00 0 
7fd3a08fc000-7fd3a09fa000 rw-p 00000000 00:00 0 
7fd3a09fa000-7fd3a09fb000 ---p 00000000 00:00 0 
7fd3a09fb000-7fd3a1000000 rw-p 00000000 00:00 0 
7fd3a1000000-7fd3a1290000 rwxp 00000000 00:00 0 
7fd3a1290000-7fd3b0000000 ---p 00000000 00:00 0 
7fd3b0000000-7fd3b06f2000 rw-p 00000000 00:00 0 
7fd3b06f2000-7fd3b4000000 ---p 00000000 00:00 0 
7fd3b4000000-7fd3b4001000 r--s 00000000 08:02 2887722                    /home/condiom/.m2/repository/org/springframework/boot/spring-boot-starter-tomcat/2.0.0.RELEASE/spring-boot-starter-tomcat-2.0.0.RELEASE.jar
7fd3b4001000-7fd3b4005000 r--s 0004b000 08:02 2230336                    /home/condiom/.m2/repository/com/fasterxml/jackson/core/jackson-core/2.9.4/jackson-core-2.9.4.jar
7fd3b4005000-7fd3b4008000 r--s 0000e000 08:02 2230342                    /home/condiom/.m2/repository/com/fasterxml/jackson/core/jackson-annotations/2.9.0/jackson-annotations-2.9.0.jar
7fd3b4008000-7fd3b401b000 r--s 00136000 08:02 14815840                   /home/condiom/.m2/repository/com/fasterxml/jackson/core/jackson-databind/2.9.4/jackson-databind-2.9.4.jar
7fd3b401b000-7fd3b401c000 r--s 00000000 08:02 2757112                    /home/condiom/.m2/repository/org/springframework/boot/spring-boot-starter-json/2.0.0.RELEASE/spring-boot-starter-json-2.0.0.RELEASE.jar
7fd3b401c000-7fd3b401d000 r--s 00000000 08:02 2625968                    /home/condiom/.m2/repository/org/springframework/boot/spring-boot-starter-web/2.0.0.RELEASE/spring-boot-starter-web-2.0.0.RELEASE.jar
7fd3b401d000-7fd3b401e000 r--s 00003000 08:02 2884013                    /home/condiom/.m2/repository/org/springframework/spring-jcl/5.0.4.RELEASE/spring-jcl-5.0.4.RELEASE.jar
7fd3b401e000-7fd3b4035000 r--s 00112000 08:02 2884011                    /home/condiom/.m2/repository/org/springframework/spring-core/5.0.4.RELEASE/spring-core-5.0.4.RELEASE.jar
7fd3b4035000-7fd3b4038000 r--s 00010000 08:02 3018853                    /home/condiom/.m2/repository/org/hibernate/common/hibernate-commons-annotations/5.0.1.Final/hibernate-commons-annotations-5.0.1.Final.jar
7fd3b4038000-7fd3b403d000 r--s 00048000 08:02 3018851                    /home/condiom/.m2/repository/dom4j/dom4j/1.6.1/dom4j-1.6.1.jar
7fd3b403d000-7fd3b403f000 r--s 0000e000 08:02 3018815                    /home/condiom/.m2/repository/com/fasterxml/classmate/1.3.4/classmate-1.3.4.jar
7fd3b403f000-7fd3b4042000 r--s 0002b000 08:02 3018849                    /home/condiom/.m2/repository/org/jboss/jandex/2.0.3.Final/jandex-2.0.3.Final.jar
7fd3b4042000-7fd3b4043000 r--s 00006000 08:02 4457944                    /home/condiom/.m2/repository/org/jboss/spec/javax/transaction/jboss-transaction-api_1.2_spec/1.0.1.Final/jboss-transaction-api_1.2_spec-1.0.1.Final.jar
7fd3b4043000-7fd3b4048000 r--s 00068000 08:02 3018816                    /home/condiom/.m2/repository/antlr/antlr/2.7.7/antlr-2.7.7.jar
7fd3b4048000-7fd3b4052000 r--s 000ab000 08:02 3018813                    /home/condiom/.m2/repository/org/javassist/javassist/3.22.0-GA/javassist-3.22.0-GA.jar
7fd3b4052000-7fd3b4057000 r--s 00017000 08:02 3018786                    /home/condiom/.m2/repository/org/hibernate/javax/persistence/hibernate-jpa-2.1-api/1.0.0.Final/hibernate-jpa-2.1-api-1.0.0.Final.jar
7fd3b4057000-7fd3b4059000 r--s 0000f000 08:02 3018814                    /home/condiom/.m2/repository/org/jboss/logging/jboss-logging/3.3.2.Final/jboss-logging-3.3.2.Final.jar
7fd3b4059000-7fd3b405a000 r--s 00009000 08:02 12980893                   /home/condiom/.m2/repository/org/thymeleaf/extras/thymeleaf-extras-java8time/3.0.1.RELEASE/thymeleaf-extras-java8time-3.0.1.RELEASE.jar
7fd3b405a000-7fd3b405c000 r--s 00009000 08:02 14815846                   /home/condiom/.m2/repository/org/slf4j/slf4j-api/1.7.25/slf4j-api-1.7.25.jar
7fd3b405c000-7fd3b405f000 r--s 00026000 08:02 12980891                   /home/condiom/.m2/repository/org/unbescape/unbescape/1.1.5.RELEASE/unbescape-1.1.5.RELEASE.jar
7fd3b405f000-7fd3b4063000 r--s 00035000 08:02 12980889                   /home/condiom/.m2/repository/org/attoparser/attoparser/2.0.4.RELEASE/attoparser-2.0.4.RELEASE.jar
7fd3b4063000-7fd3b4073000 r--s 000c5000 08:02 12980887                   /home/condiom/.m2/repository/org/thymeleaf/thymeleaf/3.0.9.RELEASE/thymeleaf-3.0.9.RELEASE.jar
7fd3b4073000-7fd3b407a000 r--s 00042000 08:02 14815838                   /home/condiom/.m2/repository/org/yaml/snakeyaml/1.19/snakeyaml-1.19.jar
7fd3b407a000-7fd3b409a000 r--s 000f8000 08:02 2757108                    /home/condiom/.m2/repository/org/springframework/boot/spring-boot-autoconfigure/2.0.0.RELEASE/spring-boot-autoconfigure-2.0.0.RELEASE.jar
7fd3b409a000-7fd3b40af000 r--s 000cd000 08:02 2757106                    /home/condiom/.m2/repository/org/springframework/boot/spring-boot/2.0.0.RELEASE/spring-boot-2.0.0.RELEASE.jar
7fd3b40af000-7fd3b4b8c000 rw-p 00000000 00:00 0 
7fd3b4b8c000-7fd3b4d66000 r--s 03d68000 08:02 9968756                    /usr/lib/jvm/java-8-oracle/jre/lib/rt.jar
7fd3b4d66000-7fd3b59b7000 rw-p 00000000 00:00 0 
7fd3b59b7000-7fd3b59b8000 ---p 00000000 00:00 0 
7fd3b59b8000-7fd3b5ab8000 rw-p 00000000 00:00 0 
7fd3b5ab8000-7fd3b5ab9000 ---p 00000000 00:00 0 
7fd3b5ab9000-7fd3b5bb9000 rw-p 00000000 00:00 0 
7fd3b5bb9000-7fd3b5bba000 ---p 00000000 00:00 0 
7fd3b5bba000-7fd3b5cba000 rw-p 00000000 00:00 0 
7fd3b5cba000-7fd3b5cbb000 ---p 00000000 00:00 0 
7fd3b5cbb000-7fd3b5de5000 rw-p 00000000 00:00 0 
7fd3b5de5000-7fd3b604d000 ---p 00000000 00:00 0 
7fd3b604d000-7fd3b6077000 rw-p 00000000 00:00 0 
7fd3b6077000-7fd3b62df000 ---p 00000000 00:00 0 
7fd3b62df000-7fd3b62f4000 rw-p 00000000 00:00 0 
7fd3b62f4000-7fd3b6428000 ---p 00000000 00:00 0 
7fd3b6428000-7fd3b6434000 rw-p 00000000 00:00 0 
7fd3b6434000-7fd3b67e9000 ---p 00000000 00:00 0 
7fd3b67e9000-7fd3b6804000 r-xp 00000000 08:02 9969404                    /usr/lib/jvm/java-8-oracle/jre/lib/amd64/libzip.so
7fd3b6804000-7fd3b6a04000 ---p 0001b000 08:02 9969404                    /usr/lib/jvm/java-8-oracle/jre/lib/amd64/libzip.so
7fd3b6a04000-7fd3b6a05000 rw-p 0001b000 08:02 9969404                    /usr/lib/jvm/java-8-oracle/jre/lib/amd64/libzip.so
7fd3b6a05000-7fd3b6a10000 r-xp 00000000 08:02 8126560                    /lib/x86_64-linux-gnu/libnss_files-2.23.so
7fd3b6a10000-7fd3b6c0f000 ---p 0000b000 08:02 8126560                    /lib/x86_64-linux-gnu/libnss_files-2.23.so
7fd3b6c0f000-7fd3b6c10000 r--p 0000a000 08:02 8126560                    /lib/x86_64-linux-gnu/libnss_files-2.23.so
7fd3b6c10000-7fd3b6c11000 rw-p 0000b000 08:02 8126560                    /lib/x86_64-linux-gnu/libnss_files-2.23.so
7fd3b6c11000-7fd3b6c17000 rw-p 00000000 00:00 0 
7fd3b6c17000-7fd3b6c22000 r-xp 00000000 08:02 8130961                    /lib/x86_64-linux-gnu/libnss_nis-2.23.so
7fd3b6c22000-7fd3b6e21000 ---p 0000b000 08:02 8130961                    /lib/x86_64-linux-gnu/libnss_nis-2.23.so
7fd3b6e21000-7fd3b6e22000 r--p 0000a000 08:02 8130961                    /lib/x86_64-linux-gnu/libnss_nis-2.23.so
7fd3b6e22000-7fd3b6e23000 rw-p 0000b000 08:02 8130961                    /lib/x86_64-linux-gnu/libnss_nis-2.23.so
7fd3b6e23000-7fd3b6e39000 r-xp 00000000 08:02 8126478                    /lib/x86_64-linux-gnu/libnsl-2.23.so
7fd3b6e39000-7fd3b7038000 ---p 00016000 08:02 8126478                    /lib/x86_64-linux-gnu/libnsl-2.23.so
7fd3b7038000-7fd3b7039000 r--p 00015000 08:02 8126478                    /lib/x86_64-linux-gnu/libnsl-2.23.so
7fd3b7039000-7fd3b703a000 rw-p 00016000 08:02 8126478                    /lib/x86_64-linux-gnu/libnsl-2.23.so
7fd3b703a000-7fd3b703c000 rw-p 00000000 00:00 0 
7fd3b703c000-7fd3b7044000 r-xp 00000000 08:02 8126555                    /lib/x86_64-linux-gnu/libnss_compat-2.23.so
7fd3b7044000-7fd3b7243000 ---p 00008000 08:02 8126555                    /lib/x86_64-linux-gnu/libnss_compat-2.23.so
7fd3b7243000-7fd3b7244000 r--p 00007000 08:02 8126555                    /lib/x86_64-linux-gnu/libnss_compat-2.23.so
7fd3b7244000-7fd3b7245000 rw-p 00008000 08:02 8126555                    /lib/x86_64-linux-gnu/libnss_compat-2.23.so
7fd3b7245000-7fd3b751f000 r--p 00000000 08:02 9700822                    /usr/lib/locale/locale-archive
7fd3b751f000-7fd3b7521000 r-xp 00000000 08:02 9969373                    /usr/lib/jvm/java-8-oracle/jre/lib/amd64/libnpt.so
7fd3b7521000-7fd3b7721000 ---p 00002000 08:02 9969373                    /usr/lib/jvm/java-8-oracle/jre/lib/amd64/libnpt.so
7fd3b7721000-7fd3b7722000 rw-p 00002000 08:02 9969373                    /usr/lib/jvm/java-8-oracle/jre/lib/amd64/libnpt.so
7fd3b7722000-7fd3b775c000 r-xp 00000000 08:02 9969391                    /usr/lib/jvm/java-8-oracle/jre/lib/amd64/libjdwp.so
7fd3b775c000-7fd3b795b000 ---p 0003a000 08:02 9969391                    /usr/lib/jvm/java-8-oracle/jre/lib/amd64/libjdwp.so
7fd3b795b000-7fd3b795c000 rw-p 00039000 08:02 9969391                    /usr/lib/jvm/java-8-oracle/jre/lib/amd64/libjdwp.so
7fd3b795c000-7fd3b795d000 rw-p 00000000 00:00 0 
7fd3b795d000-7fd3b7988000 r-xp 00000000 08:02 9969398                    /usr/lib/jvm/java-8-oracle/jre/lib/amd64/libjava.so
7fd3b7988000-7fd3b7b87000 ---p 0002b000 08:02 9969398                    /usr/lib/jvm/java-8-oracle/jre/lib/amd64/libjava.so
7fd3b7b87000-7fd3b7b89000 rw-p 0002a000 08:02 9969398                    /usr/lib/jvm/java-8-oracle/jre/lib/amd64/libjava.so
7fd3b7b89000-7fd3b7b96000 r-xp 00000000 08:02 9969403                    /usr/lib/jvm/java-8-oracle/jre/lib/amd64/libverify.so
7fd3b7b96000-7fd3b7d96000 ---p 0000d000 08:02 9969403                    /usr/lib/jvm/java-8-oracle/jre/lib/amd64/libverify.so
7fd3b7d96000-7fd3b7d98000 rw-p 0000d000 08:02 9969403                    /usr/lib/jvm/java-8-oracle/jre/lib/amd64/libverify.so
7fd3b7d98000-7fd3b7d9f000 r-xp 00000000 08:02 8130962                    /lib/x86_64-linux-gnu/librt-2.23.so
7fd3b7d9f000-7fd3b7f9e000 ---p 00007000 08:02 8130962                    /lib/x86_64-linux-gnu/librt-2.23.so
7fd3b7f9e000-7fd3b7f9f000 r--p 00006000 08:02 8130962                    /lib/x86_64-linux-gnu/librt-2.23.so
7fd3b7f9f000-7fd3b7fa0000 rw-p 00007000 08:02 8130962                    /lib/x86_64-linux-gnu/librt-2.23.so
7fd3b7fa0000-7fd3b80a8000 r-xp 00000000 08:02 8126469                    /lib/x86_64-linux-gnu/libm-2.23.so
7fd3b80a8000-7fd3b82a7000 ---p 00108000 08:02 8126469                    /lib/x86_64-linux-gnu/libm-2.23.so
7fd3b82a7000-7fd3b82a8000 r--p 00107000 08:02 8126469                    /lib/x86_64-linux-gnu/libm-2.23.so
7fd3b82a8000-7fd3b82a9000 rw-p 00108000 08:02 8126469                    /lib/x86_64-linux-gnu/libm-2.23.so
7fd3b82a9000-7fd3b8f82000 r-xp 00000000 08:02 9969380                    /usr/lib/jvm/java-8-oracle/jre/lib/amd64/server/libjvm.so
7fd3b8f82000-7fd3b9181000 ---p 00cd9000 08:02 9969380                    /usr/lib/jvm/java-8-oracle/jre/lib/amd64/server/libjvm.so
7fd3b9181000-7fd3b925b000 rw-p 00cd8000 08:02 9969380                    /usr/lib/jvm/java-8-oracle/jre/lib/amd64/server/libjvm.so
7fd3b925b000-7fd3b92a6000 rw-p 00000000 00:00 0 
7fd3b92a6000-7fd3b9466000 r-xp 00000000 08:02 8126547                    /lib/x86_64-linux-gnu/libc-2.23.so
7fd3b9466000-7fd3b9666000 ---p 001c0000 08:02 8126547                    /lib/x86_64-linux-gnu/libc-2.23.so
7fd3b9666000-7fd3b966a000 r--p 001c0000 08:02 8126547                    /lib/x86_64-linux-gnu/libc-2.23.so
7fd3b966a000-7fd3b966c000 rw-p 001c4000 08:02 8126547                    /lib/x86_64-linux-gnu/libc-2.23.so
7fd3b966c000-7fd3b9670000 rw-p 00000000 00:00 0 
7fd3b9670000-7fd3b9673000 r-xp 00000000 08:02 8126549                    /lib/x86_64-linux-gnu/libdl-2.23.so
7fd3b9673000-7fd3b9872000 ---p 00003000 08:02 8126549                    /lib/x86_64-linux-gnu/libdl-2.23.so
7fd3b9872000-7fd3b9873000 r--p 00002000 08:02 8126549                    /lib/x86_64-linux-gnu/libdl-2.23.so
7fd3b9873000-7fd3b9874000 rw-p 00003000 08:02 8126549                    /lib/x86_64-linux-gnu/libdl-2.23.so
7fd3b9874000-7fd3b988a000 r-xp 00000000 08:02 9968582                    /usr/lib/jvm/java-8-oracle/lib/amd64/jli/libjli.so
7fd3b988a000-7fd3b9a89000 ---p 00016000 08:02 9968582                    /usr/lib/jvm/java-8-oracle/lib/amd64/jli/libjli.so
7fd3b9a89000-7fd3b9a8a000 rw-p 00015000 08:02 9968582                    /usr/lib/jvm/java-8-oracle/lib/amd64/jli/libjli.so
7fd3b9a8a000-7fd3b9aa2000 r-xp 00000000 08:02 8126489                    /lib/x86_64-linux-gnu/libpthread-2.23.so
7fd3b9aa2000-7fd3b9ca1000 ---p 00018000 08:02 8126489                    /lib/x86_64-linux-gnu/libpthread-2.23.so
7fd3b9ca1000-7fd3b9ca2000 r--p 00017000 08:02 8126489                    /lib/x86_64-linux-gnu/libpthread-2.23.so
7fd3b9ca2000-7fd3b9ca3000 rw-p 00018000 08:02 8126489                    /lib/x86_64-linux-gnu/libpthread-2.23.so
7fd3b9ca3000-7fd3b9ca7000 rw-p 00000000 00:00 0 
7fd3b9ca7000-7fd3b9ccd000 r-xp 00000000 08:02 8126481                    /lib/x86_64-linux-gnu/ld-2.23.so
7fd3b9ccd000-7fd3b9cd1000 r--s 00027000 08:02 12980885                   /home/condiom/.m2/repository/org/thymeleaf/thymeleaf-spring5/3.0.9.RELEASE/thymeleaf-spring5-3.0.9.RELEASE.jar
7fd3b9cd1000-7fd3b9cd3000 r--s 00005000 08:02 3018811                    /home/condiom/.m2/repository/javax/annotation/javax.annotation-api/1.3.2/javax.annotation-api-1.3.2.jar
7fd3b9cd3000-7fd3b9cd5000 r--s 00000000 08:02 14815844                   /home/condiom/.m2/repository/org/slf4j/jul-to-slf4j/1.7.25/jul-to-slf4j-1.7.25.jar
7fd3b9cd5000-7fd3b9cdb000 r--s 00039000 08:02 14683630                   /home/condiom/.m2/repository/org/apache/logging/log4j/log4j-api/2.10.0/log4j-api-2.10.0.jar
7fd3b9cdb000-7fd3b9da6000 rw-p 00000000 00:00 0 
7fd3b9da6000-7fd3b9da9000 ---p 00000000 00:00 0 
7fd3b9da9000-7fd3b9eac000 rw-p 00000000 00:00 0 
7fd3b9eac000-7fd3b9eae000 r--s 00003000 08:02 14683628                   /home/condiom/.m2/repository/org/apache/logging/log4j/log4j-to-slf4j/2.10.0/log4j-to-slf4j-2.10.0.jar
7fd3b9eae000-7fd3b9eb9000 r--s 00069000 08:02 14683634                   /home/condiom/.m2/repository/ch/qos/logback/logback-core/1.2.3/logback-core-1.2.3.jar
7fd3b9eb9000-7fd3b9ebf000 r--s 00041000 08:02 14552070                   /home/condiom/.m2/repository/ch/qos/logback/logback-classic/1.2.3/logback-classic-1.2.3.jar
7fd3b9ebf000-7fd3b9ec0000 r--s 00000000 08:02 2757110                    /home/condiom/.m2/repository/org/springframework/boot/spring-boot-starter-logging/2.0.0.RELEASE/spring-boot-starter-logging-2.0.0.RELEASE.jar
7fd3b9ec0000-7fd3b9ec1000 r--s 00000000 08:02 2757104                    /home/condiom/.m2/repository/org/springframework/boot/spring-boot-starter/2.0.0.RELEASE/spring-boot-starter-2.0.0.RELEASE.jar
7fd3b9ec1000-7fd3b9ec2000 r--s 00000000 08:02 2493428                    /home/condiom/.m2/repository/org/springframework/boot/spring-boot-starter-thymeleaf/2.0.0.RELEASE/spring-boot-starter-thymeleaf-2.0.0.RELEASE.jar
7fd3b9ec2000-7fd3b9eca000 rw-s 00000000 08:02 4589543                    /tmp/hsperfdata_condiom/9881
7fd3b9eca000-7fd3b9ecb000 rw-p 00000000 00:00 0 
7fd3b9ecb000-7fd3b9ecc000 ---p 00000000 00:00 0 
7fd3b9ecc000-7fd3b9ecd000 r--p 00025000 08:02 8126481                    /lib/x86_64-linux-gnu/ld-2.23.so
7fd3b9ecd000-7fd3b9ece000 rw-p 00026000 08:02 8126481                    /lib/x86_64-linux-gnu/ld-2.23.so
7fd3b9ece000-7fd3b9ecf000 rw-p 00000000 00:00 0 
7ffc7dc2e000-7ffc7dc51000 rw-p 00000000 00:00 0                          [stack]
7ffc7dcca000-7ffc7dccd000 r--p 00000000 00:00 0                          [vvar]
7ffc7dccd000-7ffc7dccf000 r-xp 00000000 00:00 0                          [vdso]
ffffffffff600000-ffffffffff601000 r-xp 00000000 00:00 0                  [vsyscall]

VM Arguments:
jvm_args: -agentlib:jdwp=transport=dt_socket,suspend=y,address=localhost:39307 -Dcom.sun.management.jmxremote -Dcom.sun.management.jmxremote.port=35673 -Dcom.sun.management.jmxremote.authenticate=false -Dcom.sun.management.jmxremote.ssl=false -Djava.rmi.server.hostname=localhost -Dspring.liveBeansView.mbeanDomain -Dspring.application.admin.enabled=true -Djava.security.egd=file:/dev/./urandom -Xverify:none -XX:TieredStopAtLevel=1 -Dfile.encoding=UTF-8 
java_command: com.example.demo.Epl362ProjectApplication --spring.output.ansi.enabled=always
java_class_path (initial): /usr/lib/jvm/java-8-oracle/jre/lib/resources.jar:/usr/lib/jvm/java-8-oracle/jre/lib/rt.jar:/usr/lib/jvm/java-8-oracle/jre/lib/jsse.jar:/usr/lib/jvm/java-8-oracle/jre/lib/jce.jar:/usr/lib/jvm/java-8-oracle/jre/lib/charsets.jar:/usr/lib/jvm/java-8-oracle/jre/lib/jfr.jar:/usr/lib/jvm/java-8-oracle/jre/lib/ext/dnsns.jar:/usr/lib/jvm/java-8-oracle/jre/lib/ext/jfxrt.jar:/usr/lib/jvm/java-8-oracle/jre/lib/ext/cldrdata.jar:/usr/lib/jvm/java-8-oracle/jre/lib/ext/sunjce_provider.jar:/usr/lib/jvm/java-8-oracle/jre/lib/ext/localedata.jar:/usr/lib/jvm/java-8-oracle/jre/lib/ext/sunec.jar:/usr/lib/jvm/java-8-oracle/jre/lib/ext/nashorn.jar:/usr/lib/jvm/java-8-oracle/jre/lib/ext/jaccess.jar:/usr/lib/jvm/java-8-oracle/jre/lib/ext/sunpkcs11.jar:/usr/lib/jvm/java-8-oracle/jre/lib/ext/zipfs.jar:/home/condiom/Desktop/epl362/CS362-LAW-COMPANY-PROJECT/Epl362Project/target/classes:/home/condiom/.m2/repository/org/springframework/boot/spring-boot-starter-thymeleaf/2.0.0.RELEASE/spring-boot-starter-thymeleaf-2.0.0.RELEASE.jar:/home/condiom/.m2/repository/org/springframework/boot/spring-boot-starter/2.0.0.RELEASE/spring-boot-starter-2.0.0.RELEASE.jar:/home/condiom/.m2/repository/org/springframework/boot/spring-boot/2.0.0.RELEASE/spring-boot-2.0.0.RELEASE.jar:/home/condiom/.m2/repository/org/springframework/boot/spring-boot-autoconfigure/2.0.0.RELEASE/spring-boot-autoconfigure-2.0.0.RELEASE.jar:/home/condiom/.m2/repository/org/springframework/boot/spring-boot-starter-logging/2.0.0.RELEASE/spring-boot-starter-logging-2.0.0.RELEASE.jar:/home/condiom/.m2/repository/ch/qos/logback/logback-classic/1.2.3/logback-classic-1.2.3.jar:/home/condiom/.m2/repository/ch/qos/logback/logback-core/1.2.3/logback-core-1.2.3.jar:/home/condiom/.m2/repository/org/apache/logging/log4j/log4j-to-slf4j/2.10.0/log4j-to-slf4j-2.10.0.jar:/home/condiom/.m2/repository/org/apache/logging/log4j/log4j-api/2.10.0/log4j-api-2.10.0.jar:/home/condiom/.m2/repository/org/slf4j/jul-to-slf4j/1.7.25/jul-to-sl
Launcher Type: SUN_STANDARD

Environment Variables:
JAVA_HOME=/usr/lib/jvm/java-8-oracle
PATH=/home/condiom/bin:/home/condiom/.local/bin:/usr/local/sbin:/usr/local/bin:/usr/sbin:/usr/bin:/sbin:/bin:/usr/games:/usr/local/games:/snap/bin:/usr/lib/jvm/java-8-oracle/bin:/usr/lib/jvm/java-8-oracle/db/bin:/usr/lib/jvm/java-8-oracle/jre/bin:/home/condiom/jdk1.8.0_161
SHELL=/bin/bash
DISPLAY=:0

Signal Handlers:
SIGSEGV: [libjvm.so+0xad0890], sa_mask[0]=11111111011111111101111111111110, sa_flags=SA_RESTART|SA_SIGINFO
SIGBUS: [libjvm.so+0xad0890], sa_mask[0]=11111111011111111101111111111110, sa_flags=SA_RESTART|SA_SIGINFO
SIGFPE: [libjvm.so+0x928640], sa_mask[0]=11111111011111111101111111111110, sa_flags=SA_RESTART|SA_SIGINFO
SIGPIPE: [libjvm.so+0x928640], sa_mask[0]=11111111011111111101111111111110, sa_flags=SA_RESTART|SA_SIGINFO
SIGXFSZ: [libjvm.so+0x928640], sa_mask[0]=11111111011111111101111111111110, sa_flags=SA_RESTART|SA_SIGINFO
SIGILL: [libjvm.so+0x928640], sa_mask[0]=11111111011111111101111111111110, sa_flags=SA_RESTART|SA_SIGINFO
SIGUSR1: SIG_DFL, sa_mask[0]=00000000000000000000000000000000, sa_flags=none
SIGUSR2: [libjvm.so+0x929ea0], sa_mask[0]=00100000000000000000000000000000, sa_flags=SA_RESTART|SA_SIGINFO
SIGHUP: [libjvm.so+0x92b2a0], sa_mask[0]=11111111011111111101111111111110, sa_flags=SA_RESTART|SA_SIGINFO
SIGINT: [libjvm.so+0x92b2a0], sa_mask[0]=11111111011111111101111111111110, sa_flags=SA_RESTART|SA_SIGINFO
SIGTERM: [libjvm.so+0x92b2a0], sa_mask[0]=11111111011111111101111111111110, sa_flags=SA_RESTART|SA_SIGINFO
SIGQUIT: [libjvm.so+0x92b2a0], sa_mask[0]=11111111011111111101111111111110, sa_flags=SA_RESTART|SA_SIGINFO


---------------  S Y S T E M  ---------------

OS:DISTRIB_ID=Ubuntu
DISTRIB_RELEASE=16.04
DISTRIB_CODENAME=xenial
DISTRIB_DESCRIPTION="Ubuntu 16.04.4 LTS"

uname:Linux 4.15.0-041500-generic #201802011154 SMP Thu Feb 1 11:55:45 UTC 2018 x86_64
libc:glibc 2.23 NPTL 2.23 
rlimit: STACK 8192k, CORE 0k, NPROC 30639, NOFILE 1048576, AS infinity
load average:373,19 453,23 292,02

/proc/meminfo:
MemTotal:        8083728 kB
MemFree:          138524 kB
MemAvailable:      31956 kB
Buffers:             928 kB
Cached:           113632 kB
SwapCached:         2776 kB
Active:          6572888 kB
Inactive:         824984 kB
Active(anon):    6556988 kB
Inactive(anon):   819272 kB
Active(file):      15900 kB
Inactive(file):     5712 kB
Unevictable:         120 kB
Mlocked:             120 kB
SwapTotal:       8302588 kB
SwapFree:          10996 kB
Dirty:               904 kB
Writeback:           372 kB
AnonPages:       7283292 kB
Mapped:            17160 kB
Shmem:             92624 kB
Slab:             182704 kB
SReclaimable:      45124 kB
SUnreclaim:       137580 kB
KernelStack:      140920 kB
PageTables:       140312 kB
NFS_Unstable:          0 kB
Bounce:                0 kB
WritebackTmp:          0 kB
CommitLimit:    12344452 kB
Committed_AS:   79004104 kB
VmallocTotal:   34359738367 kB
VmallocUsed:           0 kB
VmallocChunk:          0 kB
HardwareCorrupted:     0 kB
AnonHugePages:         0 kB
ShmemHugePages:        0 kB
ShmemPmdMapped:        0 kB
CmaTotal:              0 kB
CmaFree:               0 kB
HugePages_Total:       0
HugePages_Free:        0
HugePages_Rsvd:        0
HugePages_Surp:        0
Hugepagesize:       2048 kB
DirectMap4k:      163128 kB
DirectMap2M:     7092224 kB
DirectMap1G:     1048576 kB


CPU:total 4 (initial active 4) (2 cores per cpu, 2 threads per core) family 6 model 142 stepping 9, cmov, cx8, fxsr, mmx, sse, sse2, sse3, ssse3, sse4.1, sse4.2, popcnt, avx, avx2, aes, clmul, erms, 3dnowpref, lzcnt, ht, tsc, tscinvbit, bmi1, bmi2, adx

/proc/cpuinfo:
processor	: 0
vendor_id	: GenuineIntel
cpu family	: 6
model		: 142
model name	: Intel(R) Core(TM) i5-7200U CPU @ 2.50GHz
stepping	: 9
microcode	: 0x84
cpu MHz		: 3099.996
cache size	: 3072 KB
physical id	: 0
siblings	: 4
core id		: 0
cpu cores	: 2
apicid		: 0
initial apicid	: 0
fpu		: yes
fpu_exception	: yes
cpuid level	: 22
wp		: yes
flags		: fpu vme de pse tsc msr pae mce cx8 apic sep mtrr pge mca cmov pat pse36 clflush dts acpi mmx fxsr sse sse2 ss ht tm pbe syscall nx pdpe1gb rdtscp lm constant_tsc art arch_perfmon pebs bts rep_good nopl xtopology nonstop_tsc cpuid aperfmperf tsc_known_freq pni pclmulqdq dtes64 monitor ds_cpl vmx est tm2 ssse3 sdbg fma cx16 xtpr pdcm pcid sse4_1 sse4_2 x2apic movbe popcnt tsc_deadline_timer aes xsave avx f16c rdrand lahf_lm abm 3dnowprefetch cpuid_fault epb invpcid_single pti retpoline rsb_ctxsw tpr_shadow vnmi flexpriority ept vpid fsgsbase tsc_adjust bmi1 avx2 smep bmi2 erms invpcid mpx rdseed adx smap clflushopt intel_pt xsaveopt xsavec xgetbv1 xsaves dtherm ida arat pln pts hwp hwp_notify hwp_act_window hwp_epp
bugs		: cpu_meltdown spectre_v1 spectre_v2
bogomips	: 5424.00
clflush size	: 64
cache_alignment	: 64
address sizes	: 39 bits physical, 48 bits virtual
power management:

processor	: 1
vendor_id	: GenuineIntel
cpu family	: 6
model		: 142
model name	: Intel(R) Core(TM) i5-7200U CPU @ 2.50GHz
stepping	: 9
microcode	: 0x84
cpu MHz		: 3099.999
cache size	: 3072 KB
physical id	: 0
siblings	: 4
core id		: 1
cpu cores	: 6
apicid		: 2
initial apicid	: 2
fpu		: yes
fpu_exception	: yes
cpuid level	: 22
wp		: yes
flags		: fpu vme de pse tsc msr pae mce cx8 apic sep mtrr pge mca cmov pat pse36 clflush dts acpi mmx fxsr sse sse2 ss ht tm pbe syscall nx pdpe1gb rdtscp lm constant_tsc art arch_perfmon pebs bts rep_good nopl xtopology nonstop_tsc cpuid aperfmperf tsc_known_freq pni pclmulqdq dtes64 monitor ds_cpl vmx est tm2 ssse3 sdbg fma cx16 xtpr pdcm pcid sse4_1 sse4_2 x2apic movbe popcnt tsc_deadline_timer aes xsave avx f16c rdrand lahf_lm abm 3dnowprefetch cpuid_fault epb invpcid_single pti retpoline rsb_ctxsw tpr_shadow vnmi flexpriority ept vpid fsgsbase tsc_adjust bmi1 avx2 smep bmi2 erms invpcid mpx rdseed adx smap clflushopt intel_pt xsaveopt xsavec xgetbv1 xsaves dtherm ida arat pln pts hwp hwp_notify hwp_act_window hwp_epp
bugs		: cpu_meltdown spectre_v1 spectre_v2
bogomips	: 5424.00
clflush size	: 64
cache_alignment	: 64
address sizes	: 39 bits physical, 48 bits virtual
power management:

processor	: 2
vendor_id	: GenuineIntel
cpu family	: 6
model		: 142
model name	: Intel(R) Core(TM) i5-7200U CPU @ 2.50GHz
stepping	: 9
microcode	: 0x84
cpu MHz		: 3100.004
cache size	: 3072 KB
physical id	: 0
siblings	: 4
core id		: 0
cpu cores	: 2
apicid		: 1
initial apicid	: 1
fpu		: yes
fpu_exception	: yes
cpuid level	: 22
wp		: yes
flags		: fpu vme de pse tsc msr pae mce cx8 apic sep mtrr pge mca cmov pat pse36 clflush dts acpi mmx fxsr sse sse2 ss ht tm pbe syscall nx pdpe1gb rdtscp lm constant_tsc art arch_perfmon pebs bts rep_good nopl xtopology nonstop_tsc cpuid aperfmperf tsc_known_freq pni pclmulqdq dtes64 monitor ds_cpl vmx est tm2 ssse3 sdbg fma cx16 xtpr pdcm pcid sse4_1 sse4_2 x2apic movbe popcnt tsc_deadline_timer aes xsave avx f16c rdrand lahf_lm abm 3dnowprefetch cpuid_fault epb invpcid_single pti retpoline rsb_ctxsw tpr_shadow vnmi flexpriority ept vpid fsgsbase tsc_adjust bmi1 avx2 smep bmi2 erms invpcid mpx rdseed adx smap clflushopt intel_pt xsaveopt xsavec xgetbv1 xsaves dtherm ida arat pln pts hwp hwp_notify hwp_act_window hwp_epp
bugs		: cpu_meltdown spectre_v1 spectre_v2
bogomips	: 5424.00
clflush size	: 64
cache_alignment	: 64
address sizes	: 39 bits physical, 48 bits virtual
power management:

processor	: 3
vendor_id	: GenuineIntel
cpu family	: 6
model		: 142
model name	: Intel(R) Core(TM) i5-7200U CPU @ 2.50GHz
stepping	: 9
microcode	: 0x84
cpu MHz		: 3099.998
cache size	: 3072 KB
physical id	: 0
siblings	: 4
core id		: 1
cpu cores	: 2
apicid		: 3
initial apicid	: 3
fpu		: yes
fpu_exception	: yes
cpuid level	: 22
wp		: yes
flags		: fpu vme de pse tsc msr pae mce cx8 apic sep mtrr pge mca cmov pat pse36 clflush dts acpi mmx fxsr sse sse2 ss ht tm pbe syscall nx pdpe1gb rdtscp lm constant_tsc art arch_perfmon pebs bts rep_good nopl xtopology nonstop_tsc cpuid aperfmperf tsc_known_freq pni pclmulqdq dtes64 monitor ds_cpl vmx est tm2 ssse3 sdbg fma cx16 xtpr pdcm pcid sse4_1 sse4_2 x2apic movbe popcnt tsc_deadline_timer aes xsave avx f16c rdrand lahf_lm abm 3dnowprefetch cpuid_fault epb invpcid_single pti retpoline rsb_ctxsw tpr_shadow vnmi flexpriority ept vpid fsgsbase tsc_adjust bmi1 avx2 smep bmi2 erms invpcid mpx rdseed adx smap clflushopt intel_pt xsaveopt xsavec xgetbv1 xsaves dtherm ida arat pln pts hwp hwp_notify hwp_act_window hwp_epp
bugs		: cpu_meltdown spectre_v1 spectre_v2
bogomips	: 5424.00
clflush size	: 64
cache_alignment	: 64
address sizes	: 39 bits physical, 48 bits virtual
power management:



Memory: 4k page, physical 8083728k(130856k free), swap 8302588k(12616k free)

vm_info: Java HotSpot(TM) 64-Bit Server VM (25.171-b11) for linux-amd64 JRE (1.8.0_171-b11), built on Mar 28 2018 17:07:08 by "java_re" with gcc 4.3.0 20080428 (Red Hat 4.3.0-8)

time: Fri Apr 27 13:16:39 2018
elapsed time: 803 seconds (0d 0h 13m 23s)

